3 0 214 12
3 296 284 255
3 180 241 250
3 216 244 78
3 167 32 196
3 54 40 292
3 85 146 59
4 168 174 291 274
3 116 121 51
3 212 239 289
3 108 230 35
3 249 172 106
3 87 28 238
4 34 53 118 151
3 275 29 223
3 41 128 20
3 164 217 141
3 184 204 152
3 75 222 31
3 99 102 266
3 103 202 104
3 80 111 280
3 110 185 145
3 88 271 176
3 72 68 154
3 259 236 256
3 294 254 115
3 148 243 206
3 8 50 43
3 4 14 67
3 7 82 182
3 162 11 30
3 159 207 66
3 134 157 55
3 203 209 215
3 161 89 272
3 127 86 228
3 13 177 97
3 133 26 142
3 246 122 155
3 62 27 100
3 260 61 262
3 286 295 71
3 299 64 264
3 210 258 251
3 276 3 252
3 24 158 288
3 95 191 297
3 136 268 192
3 92 163 17
3 220 170 47
3 58 298 233
3 290 73 293
3 137 160 186
3 15 114 229
3 227 197 1
3 285 10 173
3 273 195 231
3 218 117 120
3 193 253 126
3 150 48 194
3 107 190 208
3 74 22 143
3 105 269 123
3 144 23 135
2 213 16
3 225 109 279
3 18 6 94
3 156 83 247
3 171 147 37
3 63 131 77
3 56 237 240
3 125 119 9
3 187 140 69
3 60 283 46
3 19 93 49
3 38 101 257
3 261 76 189
3 200 70 278
3 263 42 270
3 198 201 169
3 57 90 178
3 44 235 153
2 245 98
3 267 25 84
3 79 138 211
3 129 287 52
3 226 5 149
3 21 81 132
3 224 124 165
2 113 112
3 96 45 130
3 91 139 2
3 39 248 175
2 232 181
2 188 219
2 281 242
2 277 265
3 282 199 183
2 166 205
