18 549 190 6206 6296 6340 896 6597 2515 1944 5247 7021 1345 7718 42 8845 574 3125 7773
20 1776 315 8462 4657 7209 1746 64 3930 7234 8444 6641 5519 2935 1834 1525 875 9725 5966 7750 4471
25 2735 7463 2576 1363 9104 1460 1465 169 3493 292 7642 3270 6098 9222 2043 523 9441 3454 6743 257 8048 1370 9883 9535 4818
20 768 9851 6265 7174 3215 177 1523 2108 9655 2875 3425 9328 3646 8661 9152 6442 8512 5498 5585 2939
13 3580 6139 5017 3615 2033 5579 7048 8312 6898 4768 916 2841 2736
21 7957 3918 5948 6457 150 135 6818 6762 9440 9248 463 7680 1123 7368 8841 8672 4102 2590 8771 5333 8727
27 3090 8518 1332 2641 5818 3461 6450 95 3885 8187 9923 6698 1101 7014 4406 4690 9029 103 7265 8294 1621 6666 548 4298 8092 4994 2448
23 1560 2313 5500 4088 6538 6336 674 6932 4019 612 8755 7507 8811 4614 5882 6079 8496 8340 2088 9243 6586 2775 1284
22 1209 585 1524 98 8042 7364 1443 5031 4031 7614 6235 9583 7352 3013 6588 7420 6284 5956 6954 9898 4518 218
20 9313 7455 4080 1797 9617 9062 1872 2264 3757 724 4843 3851 8140 4092 3455 4322 4370 9531 7908 9723
19 5934 9046 945 7446 9944 3795 8236 9138 3694 776 1953 3756 6560 1007 3440 5691 7826 4179 7522
17 3055 3826 5112 4661 9353 6480 7503 7488 8807 754 7220 1130 5862 4335 485 5309 8824
18 4058 7512 5541 4493 9177 8617 3228 3874 4167 7594 4608 581 2876 1056 1858 8240 5209 5979
29 1040 3368 1 6380 3785 9388 8864 6987 5306 4365 467 6859 5175 2283 4240 2871 858 8880 4375 5259 9266 1890 1279 7409 7311 980 1136 472 1285
26 7929 7435 5990 482 6903 645 7633 2192 7222 1842 2237 5463 7439 5648 8818 4926 1987 9467 9086 2100 1614 4531 5407 8371 2563 2773
17 1269 3017 9314 9392 3373 4699 3133 9632 7872 6963 5411 1394 2837 6444 4804 8763 1000
28 4435 7188 5875 6420 7190 6024 1169 3622 1521 1930 9754 396 5908 3352 6027 3545 2874 2012 5823 1712 158 5223 4707 1935 221 7202 3611 4432
16 9563 5743 2784 1030 4826 9065 9684 9234 649 8945 3271 9541 7798 7939 7832 2887
27 8292 7293 6199 3196 9274 718 4953 5853 2602 2948 6386 8988 7262 5651 3045 9237 9470 6846 7982 7299 4015 17 4600 38 8577 8223 6610
15 1273 4536 3208 5189 5955 5107 6274 3986 2561 4407 4878 6061 50 5195 6517
17 4078 6155 5158 2984 2867 7822 9226 5372 395 2438 7288 6773 1749 6124 8172 9096 7025
16 6381 3410 3354 9464 9158 3261 2054 8103 6157 3959 1402 8725 3212 3894 8362 9287
15 4758 6654 3512 6615 4786 4415 6596 2931 3573 2478 6863 1486 5522 7063 5071
20 5245 3510 7690 8955 5409 8506 4491 8746 2882 1624 7340 7330 5490 7771 5762 869 16 3014 5058 6665
26 1194 6567 7253 660 1721 9980 9319 5041 4060 9894 67 1165 1990 1075 1704 591 5612 7124 5683 2974 4134 6943 6978 3238 1701 9673
21 474 9052 428 172 6357 3190 3290 7445 7715 4714 9370 1197 8150 6728 2506 8881 1533 3355 1125 1713 5578
20 8950 3396 8747 348 6672 508 7691 6134 6808 2851 5950 2826 6906 2855 8753 2391 9294 2697 6911 2269
18 7657 6843 481 267 9897 8956 1504 4104 7796 5523 1720 2461 6734 4234 850 4030 2863 2430
25 6541 1637 8207 2967 1667 3366 3669 8237 8963 6138 1337 6542 9988 6612 4076 6054 2124 8678 2070 1594 9555 8 2019 4049 7586
34 1867 3049 1100 4686 4245 3477 1686 4274 5526 6379 4787 1389 6519 7566 6730 9490 6234 7353 357 7551 5796 678 1124 5128 6894 3166 804 36 9775 9446 3734 729 411 1642
28 8102 6875 439 8766 3616 8575 102 1331 4756 979 7894 6179 5527 8935 3913 9748 8317 8975 2646 5165 5781 1506 2815 1536 2961 3284 9196 4530
19 2944 7102 9949 7010 8257 8288 5959 1911 2375 8693 693 4572 7689 9618 1397 7774 7181 182 3861
30 3693 9128 7638 3083 1977 5422 6270 2076 4497 8631 3623 8051 9607 6231 4591 4075 7016 2433 1611 1775 1196 1347 4275 6606 9417 5204 1544 4568 6853 5842
24 5018 4307 1406 3601 1843 5511 7246 4593 2355 5899 4924 9056 1308 5704 8325 6436 4634 5980 3431 4187 2638 63 7845 6090
26 6822 567 6164 856 2653 2362 9604 542 9438 5176 4357 4770 4032 9447 8347 5132 7031 2761 143 5924 1881 6153 944 1244 1507 1015
16 1992 394 9544 7631 6474 8421 5622 1644 1299 7926 2218 8906 4144 3299 4259 6527
22 5717 8021 9874 5888 5503 3117 3099 5824 5709 8491 8534 7394 3201 686 7153 3538 6351 6651 3678 367 2067 1973
27 7119 3849 7975 4665 3411 1873 7922 1232 2661 5713 8694 9612 5101 4921 1396 122 2684 8143 4082 558 1413 5531 404 1149 188 2300 722
29 3371 6849 1010 8823 3036 1346 9424 6156 1045 9694 3285 5026 1921 7192 4442 8252 2420 2295 2365 5365 3109 9373 4780 5811 7496 3335 9217 8012 6518
24 4309 541 8149 4184 69 5917 8112 2771 2817 8378 8263 3305 5878 8366 5314 9110 5313 4578 470 4001 8045 5378 9178 9520
27 7952 1689 5025 5663 5539 3530 6910 1420 3428 2955 809 6142 8081 9591 8117 6990 7185 5774 2262 4229 4995 4077 3687 1452 9214 6623 8490
18 4214 8902 6825 7275 8326 8576 8476 6033 7932 6362 5229 7963 6275 6417 3792 579 7789 3723
22 6466 8310 6418 8435 9806 2305 4137 5690 5260 8229 1448 9075 4473 4136 8061 4191 7966 6227 6355 5676 3460 8000
29 7561 1734 8536 6425 753 9134 6784 2667 5070 8160 7004 5880 5308 4993 3142 2682 2162 8732 3198 1091 8305 6449 6440 2877 6788 2698 2410 144 9960
24 5868 6053 7226 8937 9836 1643 4784 6800 8218 1814 5512 1889 6086 9050 9598 9040 2302 4808 3041 4383 197 5718 4735 70
32 2247 7140 1372 8786 9757 8796 9610 9033 3124 7315 3896 8664 5879 2229 1756 4489 7007 5548 414 7786 3342 2763 9856 5461 4556 8386 7603 9797 5545 8701 2312 4042
25 5693 6485 739 8548 6711 6984 6009 4089 5099 6571 6793 356 2903 5479 2549 2621 33 228 2369 6144 2098 6035 7391 2814 6644
32 3030 2536 4194 3717 4613 9037 646 2665 2386 6283 6367 5700 9000 8814 5256 9103 495 3980 6224 4678 7514 8409 1575 848 8474 145 5095 3942 4324 4220 2253 3533
20 187 3103 2426 1904 4205 2979 3247 4163 8644 9859 1924 4266 6974 4135 5506 45 5987 2168 597 9359
25 5970 3444 1838 2791 409 7579 3439 7569 7931 1598 2479 1656 4688 1042 6714 1932 2789 6528 6860 3412 2484 7895 1659 5947 4301
31 2695 1697 1111 4990 1109 2415 6106 6203 4777 527 8437 4382 1857 2093 6707 3006 139 5022 9126 132 6592 1490 9391 7087 9905 3417 8636 2457 2224 3244 5776
34 3629 2828 9473 892 3403 6058 881 9812 3754 4111 6059 2024 3009 3078 8415 8976 6077 4762 3769 1567 3497 1440 162 6673 3720 1698 8267 8589 4759 4273 4606 8123 9203 465
23 6670 5237 9890 6141 2776 4503 883 7659 2526 9671 7100 5728 2892 5738 9989 7200 8752 2925 111 4458 8156 6151 5669
27 5324 4377 5402 1186 5830 461 7830 2534 3862 8261 3714 2947 9967 1535 521 3590 5945 2890 1270 1691 1484 8592 1445 1350 4267 3838 6152
31 6412 493 5756 3057 7548 7278 3531 4895 3044 3308 2636 9378 5389 6326 4805 4893 4044 6948 1672 8927 7675 1807 9982 6688 7317 3683 9567 2326 4129 6465 9184
21 622 7180 6068 2626 9071 871 4195 8500 7490 4009 1471 8136 1896 8359 7536 8318 3764 8349 3268 479 2445
16 7070 610 1605 1674 9078 3105 4250 4024 97 8339 3547 5976 6600 7218 5575 1956
24 1757 3564 5887 1835 4966 4819 7940 6038 1314 214 9335 1941 4336 5111 253 6554 4952 5773 5316 5889 2914 7001 7335 4542
23 9084 2788 8784 9654 5344 1433 8345 5191 9816 1266 3973 2582 7844 652 1404 6411 4226 2895 1148 9650 3520 7459 3737
32 2061 1883 2357 8713 206 4153 1792 1222 7203 8996 4074 866 5139 9727 5220 855 3237 5993 3768 1895 6690 7054 9786 5146 6019 2730 68 1677 5857 5974 8942 770
29 568 9852 4848 419 9947 2731 708 9539 459 3146 9789 4085 1688 8383 4543 9142 9112 1351 8221 6229 7242 891 9840 8364 3995 8861 1579 5988 7036
21 1978 7546 1994 7572 4115 823 8116 115 7103 9623 8743 6312 3316 6540 9933 334 9009 1268 6957 6889 1022
21 3442 7553 7792 1640 4602 832 5088 9809 458 1831 2370 8475 694 676 4289 5611 5789 1957 9308 7841 7909
25 2519 6689 961 3773 975 1723 4587 4007 5050 4371 8018 4594 7045 1584 4263 2596 173 4925 6397 6918 9115 2392 2028 1971 7809
22 6663 9888 1447 7927 9705 5620 6438 4585 4171 9466 6962 6562 7610 386 2634 9686 1554 9672 5788 8626 3604 4325
25 303 6877 4794 9805 8554 2178 6719 691 847 2796 2713 9778 2595 8593 731 534 7072 5565 198 3312 1021 204 360 1087 5376
23 6913 4154 6352 2250 161 444 2220 163 7296 6290 9213 4198 1289 2971 647 7919 9173 3964 5348 746 7950 3987 6514
31 2465 4094 741 2714 2539 6503 9171 5557 3469 9299 3282 5262 1217 260 4276 7605 9674 5215 3953 3094 3456 6501 7839 3627 9 1903 6992 9129 4554 2221 6093
27 6724 4781 435 3051 4636 5394 9302 7237 9384 4369 4694 8833 487 154 7333 160 4576 6022 5549 9719 3922 7717 4684 8076 4157 410 1562
27 375 9347 2520 9631 9144 5892 4396 7882 1509 3839 7907 9077 6885 7301 3075 2607 5073 4062 8775 3340 733 5166 2451 3481 6303 3996 7621
27 9847 2429 8699 5214 4285 596 5291 8176 5962 2122 9436 9929 5840 1816 8497 628 3814 3302 5560 8380 5536 5874 4185 6533 675 1653 2830
13 6198 6404 5744 565 3058 6119 4605 8101 9478 6104 9043 1501 2660
17 4379 4624 7884 5660 3829 9379 9785 9351 8603 3487 8539 184 80 619 8531 1068 7678
14 4494 9267 1233 378 7276 9962 8610 777 2042 5786 5167 8473 1632 773
17 8731 9996 2132 1647 9127 5400 9228 350 5694 243 5157 3917 8905 6371 2699 5013 3341
26 6901 7768 4867 640 6338 8529 3524 8413 1048 9362 3293 5040 6874 276 3521 1707 6072 7765 5056 3280 6621 755 1060 6419 8541 5501
24 1138 3697 4885 166 7648 4003 767 4965 2557 3145 5284 3242 7032 9081 6214 8677 5096 5024 5964 131 9369 3500 8517 2983
30 9619 3640 200 9633 3537 2831 2187 9101 2395 4871 9720 4114 2281 7647 6447 2144 1727 450 9416 4500 4380 4444 2827 2816 8487 9277 3378 9241 7824 995
15 4071 6900 9191 6307 2382 9419 6272 7745 4971 1709 6581 6176 9957 7541 4941
30 8204 3575 3989 1527 7602 2497 1386 9492 5799 3205 6297 1464 5442 8470 2139 4188 1026 5401 5103 2083 1380 2339 5277 314 9956 3415 1633 4180 5293 4649
25 3607 1384 4815 5156 6809 775 4584 8481 9919 261 8669 5349 7538 7973 8241 7517 4192 3297 4998 8602 7165 1522 9432 9850 3850
18 8520 4428 3067 977 6101 9165 4331 7316 6120 3216 5083 7734 4468 5255 4460 8568 1991 1140
19 3167 6502 2690 3433 252 2095 509 9303 5692 9026 6953 1116 870 2517 3401 8388 6427 5272 3638
27 8477 8675 699 5282 5240 895 9645 8780 1368 7755 918 2109 2159 4950 9708 701 5183 3730 564 8442 3670 9206 2165 1663 5896 906 1808
27 1515 6361 5358 2963 1955 950 4913 2270 5105 7407 4211 8764 7462 7298 5520 5793 2381 4039 2889 2475 2779 9338 6250 1837 2583 9721 1646
24 734 2942 6786 1240 6526 5766 5170 6197 1715 8268 4825 2854 7582 1493 2500 8513 2668 3771 1893 289 2298 3780 8429 3619
30 4150 9698 9406 5466 2681 3073 3585 5234 7232 1324 6013 2107 1799 6389 9407 1767 239 6459 999 7720 3320 9310 2953 868 7485 7484 1726 8879 6470 6170
14 1005 8447 3200 506 1884 9364 2680 3722 714 7351 9930 4936 8394 3491
19 9675 209 9042 6247 40 8638 8159 4472 9085 90 9798 1901 2936 7294 5 6646 919 5283 2866
26 2917 8848 9543 9696 8146 9951 9190 3802 1494 106 6218 9659 5353 2341 3902 2231 2632 6763 9688 9571 2584 4732 7658 4812 2046 9910
20 6228 8783 4112 5712 381 9832 4607 1415 6727 6699 1907 1047 9661 803 1298 7247 8322 5197 7251 641
21 4948 7379 1422 3691 3782 8334 5734 7419 6709 2950 4708 1405 3479 6040 8658 4551 491 9013 6933 926 9569
31 2883 9820 1564 5668 633 9900 4828 2393 3710 9420 1800 928 433 2413 738 1183 2572 5153 5030 5081 9279 7084 7349 2764 6057 4886 1456 4215 8684 7855 6311
30 3549 6115 9626 5727 9030 2916 4372 8030 4400 9132 5792 5074 5201 7842 663 2978 9080 1631 6149 4517 5164 287 2120 8655 2588 2865 8893 8838 3903 3380
27 8290 5090 4957 3732 8806 7971 7857 9321 8212 6982 1275 4549 8068 4323 34 6869 5327 1089 3600 5246 3914 5836 9596 371 2321 8744 3887
22 6607 7104 5516 4029 4713 8998 1393 7525 8646 4093 6774 914 7385 4004 8944 6385 9802 6976 788 4161 8139 9600
20 268 3384 498 6729 1453 6832 9849 6181 6363 1132 8387 5570 9501 1675 9502 7836 349 2145 6348 8923
11 7891 7867 7698 4652 9647 8827 6868 3635 3567 500 1855
7 2717 8373 7149 9403 9755 5921 6753
18 7088 9412 5554 6718 8419 8609 2209 514 6268 1198 4086 936 3447 2204 5984 2678 207 5886
24 3253 6004 8434 3554 330 531 379 4772 7904 997 9079 7699 3878 806 6531 6145 4462 5960 5845 2287 3336 3853 9637 1652
31 4839 6916 7141 7889 1984 2896 7208 595 9070 1476 2568 5329 4456 3967 8291 3251 8750 3101 6813 8016 589 5119 6761 3492 2833 5011 1488 6073 5046 3984 5248
29 7956 1609 3424 5507 3915 8298 7778 5708 2938 1317 2844 6655 2960 2834 8946 4386 785 7244 7144 4928 2349 9204 6700 3002 7803 4741 8808 1898 7986
27 4525 273 5406 8055 6202 8856 2997 6967 876 5770 9074 9143 6462 4912 5577 9683 1740 1711 8828 2201 4253 1927 4181 1064 3719 8138 6365
16 3008 3092 3680 1565 1660 865 4426 7363 7403 9395 9865 6464 603 3558 7925 7760
32 7399 7230 3459 4910 2973 3938 9681 85 159 1985 5782 893 8926 5005 3 293 7273 4974 2553 6388 2427 764 2970 8479 6653 4149 8152 8089 3518 2243 1304 4891
27 9752 5304 4873 935 4862 3793 4552 6579 2315 5486 5364 3016 2721 2552 1828 6299 3344 5542 1673 3728 2325 1280 4399 4977 8482 6917 5471
20 8329 3546 3910 3108 6966 8151 2543 9896 544 6140 3992 3625 1918 5098 4334 2489 2022 4026 8733 1344
27 957 7846 3566 4764 4034 546 2121 9844 4654 8916 9023 1914 2299 9732 2868 5397 9415 6017 9414 5450 8142 1278 3327 8647 6241 391 9380
25 8342 212 5650 3102 9963 7764 1417 1104 7627 5730 4459 1340 6478 7012 2085 4816 8757 9726 9197 5928 7214 7563 7112 4401 4799
22 9216 3294 3951 4405 7477 2790 5998 2104 2710 5763 1696 3908 3927 5638 7639 9580 6817 2133 6569 9215 1931 707
20 6965 1251 41 7874 4656 6182 552 2434 1182 1412 7197 2467 6683 5532 1982 4978 9435 2757 824 7632
17 4836 5437 516 8494 4394 5583 1031 1154 7978 363 8704 1764 165 4743 7302 6760 5573
25 700 9020 3779 1102 3181 2558 1117 7749 83 9205 2768 6415 6267 7240 7254 3912 2801 2744 2266 3306 7051 18 1758 2130 1473
24 3307 8559 2512 933 3232 9952 1391 7724 1639 501 6839 1980 5470 940 9788 9122 4765 4956 4967 4769 2064 9936 828 4177
16 713 6239 8614 6133 7761 8214 9823 3799 9001 4899 5715 887 4626 4745 4740 7433
20 5343 5856 2031 1106 6132 6593 9089 6864 6085 1468 8049 4190 1316 3955 6347 5826 8287 3934 407 5478
10 9985 1252 7840 8652 9652 1271 1692 6443 2599 8563
31 6831 2531 7677 199 8989 3663 7912 9458 3648 4653 2397 8033 9998 4942 2039 8931 4754 6667 6314 9161 5206 7170 7705 4837 8666 7673 8327 8884 2521 231 2664
23 9140 5572 1804 9680 3565 4297 100 3315 4532 3597 3186 1818 9848 1237 4827 3209 4412 9861 4540 3224 2516 406 1300
30 9679 2020 3276 9691 326 7434 7342 3901 4159 7987 3610 2309 8177 4290 4660 877 3873 3374 8478 9034 6611 9603 2066 5544 4363 7611 7801 1052 5616 9829
23 789 2881 1175 4318 2954 7924 3474 4718 3328 5872 1078 4100 5898 6230 5884 1063 6435 6482 5443 6664 2609 4023 3259
31 2316 7114 3329 720 1755 8379 8228 3165 7081 7415 8904 2923 8299 3841 2995 727 5518 5190 5438 4183 1173 9759 4474 5224 2157 9387 5936 2683 2922 8046 7133
28 5192 3005 2106 5636 7934 3993 2240 6416 624 7791 8817 5019 2263 2820 7550 4609 7478 7447 427 60 3140 9454 3275 2073 4057 9831 5944 9176
25 8189 9306 4502 5182 8682 7759 7411 2797 4347 5608 6064 924 2452 6617 985 3881 5893 451 6704 625 7893 2812 8070 401 1722
11 7109 9579 408 9231 9718 2190 2587 2018 7838 4436 6834
21 6150 2216 6023 4099 2505 1943 193 2206 3421 2444 9139 5097 1371 3525 2485 4771 2202 8734 2188 9689 7482
23 8840 3596 2401 57 9116 1557 751 9842 1968 8809 8562 6866 518 6281 7853 5675 3010 2712 4945 8660 7979 765 9803
27 4687 2006 1221 2470 907 4356 3735 5462 8007 2051 9709 4746 7871 8676 2688 7486 851 5346 1107 8619 3837 6770 2908 5485 1939 2618 3043
26 7401 4648 3541 8285 7323 982 1294 1864 286 9496 281 5301 7305 6605 1029 8549 3630 1145 9389 2752 6499 4337 3713 5555 2839 464
32 1315 6135 4170 9012 655 2333 1215 5405 7498 9433 5305 3606 1383 8616 2268 7397 7504 917 53 1678 8524 1083 504 7390 5932 2189 2905 6782 7215 9942 9938 7410
29 8962 4056 6410 2036 8831 8191 9972 9151 5967 7508 9073 9826 1905 1229 5416 4847 2832 5618 4448 6095 4288 4413 6195 236 3128 7183 8622 5476 6559
26 8640 9207 8254 3414 8665 3867 4496 2958 6708 3339 8545 7935 4852 6483 7549 1409 3246 8608 1549 258 3923 6158 8654 623 1261 5063
26 4788 2928 3129 2537 9871 3047 5036 5994 3843 5219 9584 4453 3847 9163 322 2943 94 878 7974 7258 6577 5961 312 2870 5296 2993
19 5440 5716 2642 6710 2999 772 2924 147 76 8911 8031 4265 6117 6429 309 2542 7623 3587 8253
34 9976 696 3976 8835 8991 5674 120 8486 6566 8125 2065 6857 4916 6920 7091 8516 7217 7461 227 703 1717 2127 7890 4131 51 8005 750 5138 4731 2456 778 3724 901 6603
28 297 6752 5285 956 4938 9761 2394 4213 3258 9911 2766 3509 4087 639 405 2116 8361 2700 6030 9422 9258 4465 1356 8683 8232 431 3690 5174
26 1097 677 1414 1593 9282 6413 3778 7187 833 8148 3450 8105 8590 863 5292 2348 8381 2494 6510 3385 4148 7992 5276 9984 4760 89
30 2869 9166 8425 3170 2657 7870 3906 7692 9232 7516 9882 3079 683 2437 958 6552 6977 1072 9801 2010 1049 8358 6899 9814 429 5521 9484 3111 3286 5688
25 6160 5540 1580 8155 4485 3122 4944 7221 4224 1819 1435 9363 2378 1321 1744 3189 6701 4598 3676 4197 2103 1865 9736 1454 9915
31 9003 7877 8323 1518 3319 9410 6589 9265 8869 5033 3157 7754 8533 6820 2129 5396 8264 2499 7571 4674 237 5493 8663 307 3945 4010 966 1581 44 398 8251
20 4475 7451 2118 3375 5783 4639 7693 7271 5062 9270 3300 7137 9431 335 4524 7921 673 2849 6328 2951
18 9920 210 8615 6407 175 6882 8952 4734 5582 8692 9780 1827 8813 6372 6256 1333 3040 1545
27 5235 4742 2436 839 2442 5267 2126 4328 2898 2040 2468 2722 740 2859 9739 5747 7656 983 8907 8405 8777 440 4162 1377 899 1247 7731
30 5445 1815 6851 1908 8093 8128 6584 8273 91 4792 4278 7794 1428 7090 7620 4789 201 9870 1373 752 179 721 8457 3766 9154 8572 2421 5388 8308 8606
25 5300 219 5034 8574 3199 3789 2732 9964 8895 3877 517 5320 2354 2965 3132 3023 5989 3716 8866 8849 3175 898 4277 8690 807
18 4842 6189 8274 1628 5428 4021 7777 1738 8990 8407 4209 9300 3443 2740 8544 4173 2662 3560
27 5161 1438 1995 3602 7567 6764 1693 4541 8804 1098 1282 319 1470 5154 8344 600 3774 4222 725 4402 1185 8100 6867 6368 9486 5232 8862
20 5222 6304 2825 6643 709 377 5250 4330 4033 5911 4237 456 2447 4166 2860 745 192 3695 79 9530
25 1335 7864 328 1218 1430 2406 5514 8659 9734 3645 3222 6604 4982 9958 9327 8930 2687 2416 3552 9145 5322 6941 9977 590 1923
22 1866 513 780 146 9981 3364 1168 8981 4068 946 1690 7076 7848 8887 6938 339 5010 1540 860 1788 7606 8433
20 6694 7248 4016 354 9833 6248 275 6806 5278 153 3763 7583 5639 577 2101 3884 7805 9174 4480 4949
18 2015 211 584 6306 6047 6083 1296 4567 973 3081 5828 3056 2946 7413 5867 5806 2251 4811
22 6424 442 3116 5952 1110 5915 2921 4689 6696 8108 5243 2358 6486 1853 8886 8230 3633 3741 3931 4911 4951 9765
16 117 8104 8198 4920 9002 2217 9263 8800 9729 4776 4892 9800 953 2580 3115 2591
28 6263 2296 6123 8573 7236 4141 7092 2696 2673 5951 7837 9553 4449 93 129 6798 3628 5271 9762 2226 3034 7308 8002 4504 3243 3486 4670 923
22 8509 6110 4228 4659 7041 403 4300 949 7080 6680 515 5597 96 6309 5509 2692 1219 1238 7154 679 2310 5370
23 2008 9733 4455 9320 5120 3220 9202 3513 9975 5465 1934 1591 9072 5525 9653 3382 7767 8762 317 438 6993 653 4725
29 3655 5113 842 7117 1655 6842 9164 9737 1480 8645 2234 2383 1967 5929 8961 1964 6928 8498 888 4440 7470 3998 8052 99 3658 9048 2806 4778 3825
28 1833 8978 5757 8653 422 2930 6956 189 9624 9219 4293 543 2861 3856 4903 2285 7942 9903 3063 2529 4269 4242 7968 6007 1403 4216 4803 1359
30 6277 9393 1353 5881 7287 7471 1869 3022 3818 9429 7555 2164 7145 484 8650 8960 282 361 9767 7917 5427 5270 496 7511 1085 9301 2502 1823 20 8279
23 2720 769 7064 9556 3816 6749 3420 9538 1181 249 5556 9917 4430 5420 7354 4932 4961 8966 6766 8982 9764 7723 7713
16 423 4008 7499 9411 2603 2838 2455 6128 4409 7901 5701 1016 3163 5168 7408 8730
24 9090 2975 7666 830 2952 2900 8094 6331 599 6301 7672 8749 8281 1999 4333 5772 4201 3048 4431 4563 8508 1274 8726 7881
13 7429 2278 19 5049 4705 2077 92 6280 388 698 5391 7177 6544
21 5721 7337 8259 2011 8164 1220 3946 7392 1747 8748 3053 8628 6129 5997 351 1795 7905 469 2843 7996 2463
16 8564 8449 8464 2551 1511 7629 5451 3673 930 8502 8826 7502 399 7807 3072 1339
28 2166 9586 3842 376 9858 6587 5835 5076 1466 857 4515 9994 7009 1592 6414 8729 1388 9245 3118 9841 4738 981 7821 5895 9747 5494 9811 8870
28 7711 6168 6634 5287 5045 1257 2630 4625 7781 3979 539 2294 4579 5905 1975 2824 4972 932 4392 5926 5177 2623 6045 3369 7281 3975 6433 2845
26 2774 9613 3949 967 7493 1981 4204 4388 7321 8621 8360 2256 7095 6006 829 9468 4680 1354 8275 9307 9004 7238 2821 234 1158 2724
31 3855 7849 1852 4833 5996 1223 984 2613 8597 8970 2292 7592 215 202 7440 4992 8822 2756 963 5633 3517 1974 9893 7519 4199 8724 702 4962 2238 8552 4592
33 9325 4693 8832 9297 782 7883 475 8190 8485 5009 121 8401 6909 5901 2670 5004 2443 1035 1375 5863 4182 9398 413 6343 9518 1585 9711 3836 7776 3886 6210 3522 3120
21 6961 8020 2056 241 9564 2360 6907 947 3753 9136 9943 7328 841 4452 505 5109 6852 8611 5750 4676 6018
15 7196 3685 9482 3031 7422 2345 7125 2084 1450 4053 8050 4381 9099 3217 1626
16 8792 6012 7494 7096 6374 2260 9031 2052 5794 742 813 6037 8537 1571 5468 1114
23 9901 965 8816 1201 6985 5642 7856 1768 2977 1328 9498 9554 9978 3397 2400 2334 7378 5053 4146 5142 3568 1059 8330
27 445 1142 615 8173 578 138 1787 8550 7701 3123 6396 3234 1444 9102 1765 3206 7593 1242 971 4814 4172 7813 3559 8925 2210 7035 1962
15 6794 9768 8040 7668 8353 2640 3507 9444 2017 7528 5475 2317 7688 1481 8994
27 5858 1313 6771 6601 2600 6639 105 550 7630 1342 5589 6687 87 3195 3916 7126 7055 9309 8634 5588 2458 5937 8222 1472 343 1293 2691
24 8395 6536 32 3194 3227 4247 4939 894 155 6545 7667 7030 3956 7976 8013 6065 4516 763 1191 1120 749 998 9522 8147
16 7911 8715 5816 5495 3482 6333 2021 5767 4000 8077 3823 9093 6624 4650 4434 6960
28 8086 4437 6003 9562 9182 4880 1436 9516 1096 2769 7132 5216 6020 6530 735 5330 6936 6276 2030 2564 8090 9793 9622 1952 5876 3110 2280 1408
20 7229 3176 4980 4020 8445 2385 7457 2565 6838 6211 6824 1041 1516 3682 8067 5645 1243 6259 6099 766
32 3555 4882 4583 7116 9666 4109 9485 8772 992 300 178 6426 9810 4212 6995 9060 3662 2778 4254 7989 5075 3727 8910 7476 1497 4271 3860 86 8897 7083 7681 2755
30 9409 372 817 2957 2338 3082 2527 9566 6067 3584 3231 7231 8691 3907 7615 6308 7802 1606 331 3506 6232 5355 6535 2255 1366 7722 8468 2864 2322 6127
20 2135 902 7255 1272 2464 9242 5847 3211 9240 7077 5785 1604 8006 9047 7291 2723 925 2746 7597 5254
25 1105 4065 4802 7259 9643 9955 1277 116 8954 632 2222 8466 781 6233 5337 9590 8423 8392 6011 4041 5037 436 4079 7828 7524
26 4637 7687 3603 9557 6398 1762 8695 3675 6677 3750 2151 7560 3139 7195 905 9895 1258 2624 8238 6496 4408 341 9909 4040 2038 8122
21 2986 8586 9815 9064 6313 1937 2760 9333 9716 2364 5851 205 2483 593 9606 960 390 4896 259 9608 7069
29 9514 8406 5227 3865 497 1496 2368 5684 2910 235 1395 5180 6043 8601 5681 8656 27 5850 4362 3214 681 8781 9257 8411 7350 4305 3665 796 2134
29 4586 5213 3160 530 2518 7382 3468 8324 4130 9408 8014 1069 9038 4014 4582 232 77 6204 6469 2785 1358 9588 4933 4005 6207 3848 7111 9568 9259
19 6208 6222 2693 4272 9939 5258 3399 8357 771 8202 2902 9642 900 4445 9332 7166 9834 1510 9317
28 8175 4601 4346 9452 9559 6186 9130 6062 8062 3394 2023 7967 4701 7062 7944 8471 3337 4239 6553 5423 7279 6841 3882 4901 9878 430 3514 8019
18 3471 5359 8803 8059 6638 7068 8815 3999 3416 1532 4710 8689 6776 5524 6091 2733 2471 4557
20 8029 6125 4940 2706 6904 2319 614 7860 1770 2351 2988 114 3158 8561 6109 3151 6302 1665 8260 9451
26 2589 4761 7787 6648 2404 1859 1364 7998 3924 9376 8010 1933 654 4478 7400 8600 6055 8977 4668 488 644 7818 4785 8519 795 3478
23 1421 3453 4744 1561 3174 3269 9366 8129 125 7661 5288 9605 4719 931 7634 1112 3240 5207 2886 8216 6112 913 4133
14 311 8546 6548 684 634 7280 3900 8066 6671 5834 3343 3304 1001 3620
31 88 5497 4618 7640 4635 1200 8521 849 3435 4119 8687 3811 9611 779 3574 4569 6505 9175 5186 4252 571 4427 8754 4509 4610 705 937 6576 5363 3679 8499
28 8703 1651 502 3972 2799 7191 9928 8798 3007 3070 3295 3593 4845 6339 5999 9244 4571 6219 9807 6628 5918 7518 8114 6845 2608 7527 224 6461
27 3281 8213 627 4630 6021 8079 6034 9710 2304 8272 1259 5481 6821 3027 333 5136 5496 3096 2069 8949 9648 669 1961 1972 263 818 8154
26 6633 8277 4875 5719 9118 3345 4045 7515 8801 3432 8511 6810 836 3438 787 124 8065 5703 1849 1129 5148 2492 6595 4841 6748 4241
13 29 7585 6563 3338 8220 6319 594 7250 9969 4946 1329 9728 4793
21 3257 6159 9602 3445 141 1475 5356 4206 8182 5140 4730 4560 814 2396 1214 3187 446 7480 2223 5242 240
10 1664 7156 4164 9575 7685 2473 2556 808 9574 5982
16 9463 3632 9341 8761 2810 4617 2547 2314 3752 3356 8958 3982 1719 7622 4849 6686
22 580 3579 9255 4666 3054 5457 4105 4907 6848 6678 8343 2197 4036 4631 220 2496 336 4763 4303 6914 4069 2049
24 3311 3317 7243 3840 5815 7466 1752 5909 4898 8060 420 5483 3059 2932 426 4193 8451 8707 5044 1483 2329 3712 4883 251
26 7799 7129 9965 9045 5602 4645 7988 5610 7866 4964 3392 8532 5852 8427 7107 7201 8643 5085 3183 3899 8441 4968 4922 3390 3035 5821
19 3988 1407 3891 1986 7994 1745 1062 230 412 689 9114 6366 7024 9630 2311 2389 6162 3446 7581
3 563 908 1817
27 9581 658 7428 4404 8795 1079 5866 8493 7573 130 8871 8450 3121 1499 3686 8842 6282 609 75 8702 9585 1234 8461 9782 955 9700 6212
24 8179 8736 8203 3475 2937 5238 6460 365 320 3536 5722 370 2215 3519 8875 7426 5448 8443 4508 3681 5362 9220 3480 3637
27 2571 4143 6656 8370 2167 6537 8737 3465 3278 6622 1988 5558 7753 1836 6568 1574 9041 2759 6872 7257 8313 1127 2880 1290 5923 4332 4716
18 7965 7475 3025 8426 35 4595 7933 6121 1541 9221 2535 4997 8107 1163 3788 8356 5266 4483
23 4090 8698 9246 4807 9819 4063 74 7873 9992 9687 5801 6891 5068 3736 7703 1032 3822 8751 9601 1680 5159 9940 7601
28 1228 5510 1121 3544 1627 921 2290 7727 6223 2729 6102 4461 5383 2081 9253 3464 3978 9323 1517 3095 927 7219 7772 5854 5029 2090 9131 4790
19 6815 9187 2738 4546 3947 4202 3807 7448 5809 938 490 7645 4979 4632 3484 6376 8354 2617 492
15 1512 4349 8085 2781 7595 244 4989 3210 4840 5529 1976 2522 8936 2387 8596
23 2949 4387 2143 6550 5751 4256 2809 7167 6451 7712 2715 473 3413 1670 2092 532 3523 4054 662 1576 8106 6931 4281
19 4877 6765 9179 6484 2184 65 5804 8917 1322 2068 2894 4603 7199 7473 2562 4294 7204 4231 2669
20 1113 7557 7492 1553 9272 6999 9513 9397 3489 9877 6509 8417 651 4367 7338 1303 540 8581 8332 9172
19 5307 4709 1947 2241 561 8284 3738 8436 9119 393 9088 1153 5488 308 1658 6979 329 1718 9756
23 1888 6780 5920 3119 5382 1179 1392 2037 5385 6908 1566 9250 6572 604 2481 2491 7863 2786 7896 5673 7758 3279 2203
27 1543 8557 9974 4575 697 9382 2000 3970 382 8830 9843 8025 112 786 3813 9899 8972 8900 5912 5328 5657 2460 834 2277 2677 8087 4243
22 6807 7319 5686 1676 7176 8741 6423 7707 9153 8469 6791 570 270 3348 1798 9875 8723 2080 238 9656 831 2926
14 9707 1528 5517 6836 1500 208 9381 5550 819 9479 2244 1796 4535 1159
18 8758 4629 7387 5702 6757 4767 816 1741 8986 4025 1119 3809 8934 7268 1731 1287 9200 229
23 6740 4299 313 8909 4559 9880 6829 8810 5257 2514 2367 3407 3248 7983 2219 9873 8488 2679 2540 3576 2441 4186 1212
26 7198 5771 7277 4544 1349 4355 3798 2025 5373 8872 4168 6975 5729 7418 2739 1763 3889 3037 2503 2136 8825 6878 8398 5150 790 8740
24 5299 8489 825 6498 7386 990 1620 6865 2893 3534 5810 5052 7327 3331 8922 2331 9932 5038 9615 6477 5883 5900 6364 5859
28 9649 6473 5303 3879 9678 2320 8058 7843 5302 9908 1590 1854 9021 1548 7887 9491 323 7264 2450 2005 8834 7163 797 3264 7151 1318 3664 9860
22 6662 7357 284 7438 8860 2388 5941 2125 1416 223 2615 631 2575 1231 5617 9290 5051 1966 3093 9577 638 4158
28 3334 6173 9159 4227 1309 5907 4642 9141 6619 3267 4487 1761 5002 7179 3360 9053 2071 6395 8276 6015 7660 6294 1312 5458 840 2113 3386 6221
21 6735 7086 2992 4481 1886 5374 6582 9790 3550 8400 5249 1714 1597 1094 5739 6564 6557 6050 6100 6599 8047
31 7928 2123 5626 611 2635 7811 4249 4675 3449 5102 2344 6025 2560 1224 8399 1401 5938 5200 1103 110 4142 5935 8790 3529 108 7138 3928 4160 9354 557 9227
31 1735 5654 3050 6742 8034 5263 3958 9561 6659 8316 1638 3846 4486 5117 9821 2137 6754 9945 3888 3383 9399 5007 5726 3706 1028 4753 6148 8321 5057 5931 1559
28 2432 222 7810 2422 7249 290 6446 66 7134 7903 355 4566 3039 6602 1538 6131 827 2336 7851 373 861 8132 5048 2689 1983 5735 321 5661
23 8073 7380 7816 4834 1166 6883 4235 6387 1671 359 5595 2666 5261 2750 5745 5251 9773 1809 316 2289 3871 566 8113
28 5885 3236 1588 2904 3325 6213 9195 8782 6925 3135 9337 512 3011 8336 8720 1155 2918 7450 2182 9340 7977 5659 8607 5855 6434 2363 4319 7700
26 5295 4869 6261 4986 3451 3981 7334 9015 4562 4906 4647 8314 6225 3018 1916 1039 4596 4943 650 7059 6614 6285 3126 2185 5714 5179
21 3758 3830 1550 2654 2115 1248 9322 3213 4429 5877 7121 3725 588 5178 1213 4697 1570 3652 8001 3172 2225
30 9283 554 2915 7876 1963 4615 7730 5298 1716 5386 8126 9150 2762 8141 537 1629 6854 7969 5286 1361 1076 7695 3744 3702 5604 327 5449 5399 9334 7472
32 8728 9405 1630 4223 4233 3263 3783 1845 9475 2044 7729 4353 8416 7142 3494 859 8855 7098 9111 8280 1596 2403 2487 362 2488 7079 762 1341 5848 1019 5538 9461
25 920 4208 6645 494 9912 30 2366 5658 3235 801 1171 1650 621 7591 9587 4110 3800 747 7859 2625 1014 5760 7017 7089 5825
28 7020 2711 9487 5477 6244 843 8296 4832 7205 1702 5904 7531 3448 8234 5807 5505 8041 6964 6401 6032 8282 667 5149 4861 4908 3892 7702 6994
22 8458 4196 989 3502 5837 254 6674 10 4264 3699 5080 3296 9750 5252 8174 2013 2211 2656 8424 9558 9390 7173
30 672 4894 2538 7000 2060 4749 2160 1583 9817 8598 3404 6862 3796 2213 8920 9665 1780 1766 4757 2726 783 480 1607 3106 3965 5446 59 4348 7123 9906
22 864 9286 4410 9457 380 5910 7920 4539 5042 6167 1286 3805 2155 9662 6661 6508 4447 4691 4976 6881 6405 3755
24 5598 3197 1326 6886 7344 6902 1820 2645 6184 5482 545 4423 8039 8201 2579 3144 324 6895 8195 383 2794 7042 4729 8331
29 606 5860 2920 583 7224 1777 7847 1441 4384 5310 4775 8843 4685 991 8304 6249 2350 6937 1151 3363 7736 5264 8765 7617 13 7742 6400 170 247
30 8708 157 1227 4260 277 3462 656 2741 8523 374 7143 5317 7189 1989 4262 4360 1885 7449 1434 706 9051 6797 6468 791 4151 3612 6524 1141 5312 5173
23 6200 8995 4326 8243 9133 1458 5933 9157 6292 7651 6940 6608 5217 4801 5590 5680 7747 9528 8891 690 3591 6632 9374
26 3527 109 8410 1601 6399 2453 4677 7267 4128 3351 5502 8971 2419 3920 8084 1661 2795 1225 1669 7136 7814 4295 9993 2227 4783 3289
20 3739 8167 7216 3657 1979 5163 9508 9983 4248 4682 7326 8242 449 6130 8015 9961 3001 7443 4627 5059
24 5086 4098 8630 7082 5089 1276 7554 665 9477 1733 9742 1725 711 5619 8097 3689 262 3804 988 269 8144 2647 7869 4321
22 1879 5710 9830 2982 7665 5008 9644 8431 7865 1065 1920 2685 4817 7728 3684 7332 3733 8769 7676 7297 3718 8722
21 4084 8940 6251 6094 8099 9534 6042 1786 9664 71 4095 8649 2968 4859 7395 2318 2998 447 4350 2659 8414
20 6031 2981 8244 3277 5733 28 8528 9235 2267 346 4037 5741 1703 7431 3944 2353 7052 8503 2606 8374
27 5335 1066 2559 3239 5387 4200 248 802 6316 5566 2323 8882 7746 6737 8820 5094 6116 8969 3061 5754 5325 5831 1662 5404 4844 8959 4145
20 3692 4863 2663 952 1302 1330 7654 582 800 9456 1666 6315 3324 1367 7343 6481 587 1082 3994 3204
23 7318 6658 4107 6927 7425 1779 342 3845 5473 5171 6855 3659 5114 3318 468 9124 7423 7888 3180 9494 7568 1137 2840
27 4066 5808 1635 6329 5829 5012 7785 7643 4884 4866 1264 912 2546 6226 3704 5614 6506 4169 8714 9271 3703 8082 7436 56 4813 9005 4622
26 84 2742 5699 4050 9511 6512 629 5632 6681 7918 4106 1870 6816 9774 4067 1926 305 1824 798 3911 1044 911 6546 1619 5563 5758
23 3990 9469 6069 2651 8037 1846 3203 9288 2246 1736 2749 815 7500 2872 3864 915 3100 5940 3932 3641 455 9827 976
28 4255 2425 8791 6305 8403 9570 6476 2156 9474 9593 5061 6105 8997 4902 7619 385 6180 3060 478 62 9201 6732 3350 9660 6631 8538 5294 9281
22 7862 4450 137 2439 4985 1236 6697 528 8852 1578 5078 7157 4640 3273 9434 5927 9690 8168 4545 8265 8211 7375
26 726 7372 3605 4291 5228 4344 8542 6041 4550 4096 6488 1073 8270 9233 4122 2454 4751 5644 5162 3422 6955 1826 4203 2200 616 1805
25 3557 1474 3746 715 1790 8026 7542 7148 6240 728 7626 4217 2398 6790 6511 1706 3015 7959 8166 6177 432 8196 6080 4795 4292
22 3104 507 2480 7984 5567 9167 7483 3832 1945 2524 1851 7598 6637 5707 5151 8964 9676 8391 6052 1928 4140 737
19 7329 1260 8110 9394 8851 9229 6692 5925 2282 6555 4755 7396 6516 2674 7980 265 1751 4484 5646
13 719 5914 613 3503 4870 8709 1505 9582 5319 6295 6046 8145 3367
25 6456 4537 9316 3866 3875 7683 1684 3169 3624 538 3292 7106 5326 8778 5736 5084 140 4681 1618 1398 2962 1641 9749 3791 9990
22 9636 9018 5628 2753 1455 3621 3085 2141 880 2504 7588 6014 5181 9455 2183 5066 1144 1379 9552 3688 5790 1020
20 6884 9105 8681 5124 425 3859 8819 9658 3389 9699 2811 2379 7739 3250 1969 2170 296 7011 3349 5108
31 3540 9685 5748 8338 3114 7535 1595 1429 6930 7726 6253 1771 7178 2390 2765 6325 8197 7160 5196 4155 4954 9904 6892 9339 2823 8569 8384 5311 2610 805 4538
22 1492 6741 8346 9628 3398 5366 8028 1539 5143 6779 6778 4712 6684 1265 6996 4727 1216 3265 9781 8008 1374 6191
28 5381 5027 6558 3426 6575 8876 7118 7037 9667 6437 2089 3772 5122 5958 9706 6205 4345 2911 5412 8389 9063 8515 2703 1074 7008 8137 5865 3819
26 489 6669 3191 7211 529 3784 4958 7066 7562 5323 15 7341 774 3150 2340 2996 9946 4176 5759 8315 6675 664 7348 3226 1739 7376
19 9109 5584 1311 659 716 1348 9208 7806 3925 5016 3962 5849 974 9621 6935 9857 2705 8604 3207
25 9402 5890 3740 7732 3904 9741 9838 2154 1307 7497 9295 2303 2342 1188 5321 8124 1617 2643 8352 8369 6448 3898 1909 8178 7115
20 5954 2856 3026 6048 46 5603 8987 8901 2498 5104 510 3395 8651 9211 7027 4672 2637 712 2836 2337
31 4495 874 5777 9769 4376 9751 4930 7456 4969 6893 9268 2179 3854 133 9006 7570 5233 1291 9835 748 2091 3852 743 3954 7022 822 1437 1336 6445 7307 2172
24 3430 5957 2570 986 7282 4398 9264 6915 8186 7006 5472 7788 3154 3376 2676 6254 7607 882 1426 2879 7489 7228 4490 1378
21 2324 2198 3966 5601 9276 9505 7501 9361 4747 1832 6733 3660 8584 5655 6490 2149 5832 7367 2186 1128 2709
25 2941 1170 1267 5662 5069 3952 5123 5630 7823 9247 9083 171 9193 4210 9312 6720 2792 5634 7074 9067 3644 6273 5637 2152 1009
24 8024 2511 3786 3594 4403 6716 5064 9230 1781 9783 8250 9224 2414 149 6174 8522 4361 4934 6950 4310 5977 8648 1226 6350
23 3869 6767 3148 8440 7193 4643 704 3062 4623 8620 9784 3893 3613 4218 2242 5339 551 3019 9529 2446 4416 4390 6060
27 2327 8262 6951 7085 9180 7043 4858 4236 8193 1255 4378 5172 3141 453 2793 8525 2371 9236 8206 1122 3423 6183 6291 5515 443 4393 437
20 9744 4854 6971 7762 7078 2373 8004 5537 9863 5032 43 3801 7003 9437 1732 4580 5581 7981 1115 8718
29 1323 9627 7580 4558 2235 2409 5913 3770 2702 7366 8918 4669 1513 2284 1167 3152 8679 6520 2604 602 8888 6723 3872 3781 3087 5939 8163 8710 3985
29 9979 2079 5060 9401 6192 9926 4703 3666 1365 1250 454 6921 1810 6165 1668 3551 1502 3004 717 1623 7545 9745 7878 9058 1295 8802 4424 5055 3562
17 8878 2112 5724 7513 2174 3997 1603 2737 6625 2850 8109 6318 6947 4373 3668 3834 1018
25 3457 8774 3490 2934 2181 2119 9357 799 1424 9225 9697 7800 8170 8839 9352 7225 4116 2490 49 642 7964 2671 9123 452 8119
28 1993 2782 1729 922 6705 7636 9948 4270 6178 1748 8721 2633 6682 5384 1782 195 6609 2466 9285 1520 6194 4726 8501 9493 1202 3797 6242 1478
26 3168 8224 3921 9100 867 7361 1203 4012 7094 4915 941 5696 6787 7868 7029 7819 9443 2980 6731 4797 5429 4570 5431 7509 9753 2411
29 457 9657 3370 6216 3775 4696 821 2884 9238 1199 1876 304 283 8289 7886 217 4389 3553 520 3485 7589 466 4581 1362 4261 4700 1095 7649 8311
26 2649 1913 2919 7171 2966 3496 2694 3748 6629 3674 4850 8697 1092 4425 2616 6428 9016 3876 8999 2594 1301 9953 6715 1230 6693 5653
14 7373 7534 2407 8760 5768 4219 618 7510 288 3820 8365 416 2655 5067
21 5341 1090 6255 846 4139 8742 1189 6850 5289 8063 3595 242 3919 1469 4597 7945 3582 2619 1400 1878 7600
27 3138 6220 6739 1910 671 2927 6896 5116 8953 897 2402 5664 6833 3808 2087 1449 4097 6561 1432 6010 4931 7283 1813 3113 5047 2158 994
27 6529 6747 1530 601 4914 9546 9481 9641 4498 3476 736 6873 278 7505 4963 471 5802 784 9521 1086 5269 8797 9771 7289 9560 3408 7058
17 9503 1997 9620 3721 2578 6237 3731 5670 8974 3470 1235 2567 8812 7997 8853 4774 3870
23 2026 6922 9450 2245 3038 1537 2969 8984 2048 7898 695 1783 3266 1057 8258 1485 7018 9855 7852 7775 879 3028 5020
31 4984 6493 5425 1503 5351 5656 1369 4888 4433 4628 2808 9881 274 7743 72 8873 5419 9594 5336 7858 7625 1070 8716 9465 9427 5065 7184 3042 1892 8980 4127
24 8271 47 1046 9731 4397 1568 4340 434 5561 7071 1017 5706 6310 1829 8759 8333 9343 7469 5460 5652 392 1207 3589 2530
22 1959 4658 5375 6279 8510 4072 5133 6772 5640 6823 5943 7674 6001 358 5118 7105 1126 9885 1495 2550 4286 1088
25 7861 113 5698 7637 511 5135 6066 6491 9526 7339 280 2513 4125 3077 3221 5986 8432 6738 1423 3563 8859 8756 4766 2727 2620
22 854 6703 1487 5193 352 6103 4282 4121 6378 4343 6565 6431 1011 6075 3548 7526 2249 2976 3357 2361 1118 3134
27 3409 9087 4207 5627 7019 7697 9950 7370 9324 8767 7286 5981 9348 7292 9275 9597 2102 5546 5843 1608 1694 6217 1938 2592 9061 3084 6534
14 7314 9524 9576 7309 7812 6056 4499 2228 2501 732 2016 5000 9188 2528
20 7040 7186 4414 3188 1508 6580 7679 5134 9542 9867 2004 7168 1385 3301 3868 1847 6828 3229 2408 9117
3 499 5464 7110
4 1178 6188 8075 4796
3 7013 8883 5226
26 3156 8787 4706 533 5678 9375 4872 8505 2248 4667 8540 126 1519 4970 2719 5552 8583 668 6320 4306 5236 8095 3698 2193 0 8319
20 9913 9289 225 3759 6344 1531 2901 5210 6353 3256 7331 4876 2027 1687 3223 3831 3020 5813 8078 1439
26 5615 661 128 4225 9634 4101 8504 1263 9156 4244 3498 2417 670 7547 8009 5274 2991 2772 4341 1742 2701 4022 9986 7310 8613 7393
23 5377 8768 6618 1325 3790 2846 7949 9155 6578 2142 3387 7590 6626 2258 9488 3322 9336 6051 8255 4909 1306 5942 4846
30 1860 5369 5535 4246 2261 3701 8412 397 5211 7266 889 4232 4621 3935 3577 291 4890 5946 2650 5432 4463 1848 1043 6317 8877 5439 3255 6271 3107 3586
25 477 2293 8157 9254 6392 8368 1587 9035 4798 3429 929 7624 3672 3137 8153 8738 9212 3076 3365 2029 2347 1108 6349 8919 9049
13 666 7120 1037 7854 8180 8685 1801 9296 6394 6441 1003 5720 5390
21 7913 7662 81 2989 2622 194 8933 9092 3283 4619 4514 6539 7652 1156 345 2853 6005 6717 845 6087 7460
24 6547 2041 9209 6570 1160 5564 1176 3592 9879 1034 4881 6755 4573 2469 2257 8269 4174 5003 6209 7057 5647 758 2770 7467
20 4059 9291 3029 6942 6523 7135 6630 285 6452 6171 3406 7708 9704 3483 1164 6812 7295 6691 8639 4417
20 6076 8667 9192 586 3501 2829 8591 2153 5350 5106 4505 7835 8913 522 6323 3626 7751 9818 295 6991
17 3149 332 2577 7162 5087 7609 2805 5705 8885 6929 9891 2888 756 9146 5666 4013 8618
26 2147 2686 8785 3609 4117 7414 3127 4711 4851 5587 6858 7735 547 2254 7371 1856 9315 6949 4599 9772 2628 2259 3046 2138 2286 4320
26 2074 6856 761 9262 3326 294 5452 9889 2057 1861 1411 6801 9076 1172 525 5822 1825 2734 6890 5131 5077 7955 8735 1084 635 73
13 3833 2140 4017 1942 6746 9160 4055 7389 4312 9480 2148 250 1880
17 1803 196 6712 8599 605 4589 6166 7261 6598 9808 5685 9792 1514 5817 811 136 2271
21 6403 7239 3905 1774 6713 5023 9113 4620 7099 556 8668 4822 569 7892 1877 7833 1552 5130 6959 5474 9097
24 4511 8309 1949 8951 2075 4773 5268 2086 7790 8565 2405 904 167 7 2725 7127 9280 7991 6944 82 6257 8372 3458 3528
23 24 7320 6409 9497 2128 3466 576 9355 7520 7914 4529 6154 2708 1616 1708 630 9922 844 4823 1951 7714 8594 7733
27 2507 8376 4935 8351 8868 2180 7916 3418 5014 4638 52 8072 7650 5625 7875 8215 2050 6792 9439 9668 5753 9499 6266 5280 2862 9766 4120
13 4644 8245 4523 6382 7725 9342 555 4061 8080 6358 5361 1418 1705
20 8158 8328 6360 7312 5779 1245 2745 6657 3499 1679 8624 2631 1682 723 8162 5418 4108 2747 7784 8397
26 1024 6804 7465 7737 7442 7034 8671 7941 9028 2648 4470 7599 1622 4831 7923 337 8032 3179 1950 2301 4923 4611 5499 4 1599 8507
24 2523 2440 1863 7682 3532 5995 6751 4358 26 3130 3241 5421 3353 2150 9181 1811 4917 6768 9921 3310 7906 2819 2554 3643
28 6706 6952 2495 9345 5187 3636 1355 7558 4857 2082 7900 7384 8492 2994 6679 8283 1053 1925 5820 6071 7053 5580 3184 7831 8169 8717 562 8947
33 2912 8932 5393 1489 3821 6029 9743 2059 7263 826 2072 2842 3173 4043 9547 4165 3777 7721 226 1477 9125 4721 7954 123 1419 9703 4918 6088 4905 8641 3857 8375 9304
29 7709 6756 4733 1491 4035 6346 1081 5160 3895 8662 2548 6375 3561 9292 9183 8247 8844 5203 344 5110 2002 5784 7452 2474 8908 298 1327 3153 8337
30 1305 55 1013 4421 4064 6000 2352 5453 853 553 4113 3765 8017 3436 9368 4988 8127 996 7706 4612 620 4466 7038 9008 6074 2878 5198 3080 2114 5631
24 3333 7704 730 9512 5241 6081 1912 1008 5188 6201 11 8074 7402 8115 3074 3634 5126 1080 6300 6594 535 8939 8083 4488
27 400 245 951 9872 8642 2802 7274 2907 7065 134 8560 9194 3379 4521 1463 6432 6289 5275 3427 8558 3745 1636 3742 7235 8674 4374 3313
28 2356 2233 4959 5621 1281 5695 2675 934 4853 387 8928 8064 3323 3747 3844 2728 2239 5916 5144 5315 460 5489 4728 9014 1683 5623 1093 8057
18 8587 2230 7574 5593 2343 1871 9462 1743 9506 7388 7272 2199 7670 7050 2929 3254 810 9914
15 9305 5902 4507 8035 7150 4824 6146 3828 3961 1025 8914 340 6084 3835 9515
24 6044 8209 8588 2754 643 2972 890 4821 688 964 6847 6175 1615 7644 3707 9695 2372 1868 4189 9198 4479 4506 5508 7985
17 7097 3940 886 1051 2835 4038 2945 8134 2175 7635 6802 3943 2858 9094 4284 9525 9693
29 6649 1625 1830 266 5433 3098 2045 4327 7532 7817 9724 5569 8551 8627 6799 6970 3968 9548 7056 5392 191 2798 6107 9609 4522 4683 9404 6458 7252
36 6002 4855 5769 1773 8979 7406 168 5054 8854 2482 6871 1152 1862 7576 2885 1292 6775 5340 9428 9239 7313 5805 8286 2493 3642 5873 1157 9794 6616 6070 9646 6676 2376 1425 5415 8921
26 9845 7710 8367 6805 6243 272 2078 8705 6861 4457 2062 4715 1769 2672 1648 1462 3581 2096 3441 792 685 9931 1210 4553 3274 8700
14 318 6078 6172 1710 3314 862 9968 255 1283 4464 6803 9423 7377 978
21 3743 7612 3572 5347 2787 9273 8585 8023 8027 338 575 9533 8199 6556 3419 3711 9760 1482 2629 3298 7146
20 9449 2171 8239 4073 279 2956 2644 7653 8680 7345 5430 3806 3810 7850 3033 1077 8278 4451 7356 6278
27 3651 4482 657 5844 7915 6905 21 8688 4692 4251 3262 1572 185 4051 1162 1099 9777 5121 4519 6193 6986 3671 6334 9669 2032 5592 9677
27 1794 2424 9137 3068 1685 1352 6946 6161 6769 4698 9148 213 2236 347 1036 2001 5338 1899 5894 5202 9024 3218 8941 1547 5253 3032 9025
9 4679 4830 559 8300 7604 4800 6163 2532 5903
16 7210 2783 8194 5426 9701 7564 5380 6495 256 4919 441 2476 54 2194 9551 835
18 6293 1459 7194 6888 2614 1310 7285 7543 972 4526 4748 3472 1793 1390 4052 3012 1055 3941
22 9495 2605 164 2105 3393 8266 1791 680 6298 3511 3391 3136 1919 9365 4975 7756 7290 648 6958 3863 7002 2964
23 5491 608 4973 2207 7256 7808 2291 1891 7164 3182 1681 8547 1882 8526 9350 3649 4991 2822 9787 301 5819 7405 5682
20 5649 39 6114 2959 6513 6785 8335 6827 3000 6525 9445 885 2807 9057 2307 1133 58 5839 5814 6521
22 9011 119 3583 9068 3434 1004 7793 1012 4651 7529 1822 1253 3178 3516 2987 5871 5869 6702 1728 6837 5147 6
26 8892 8133 152 2852 1211 3909 987 8293 3661 9278 22 7646 3700 7584 9453 9713 8625 8256 1600 7416 6876 8249 9396 8098 7559 1204
8 9864 6647 8038 5208 2909 7757 3359 3936
21 3578 5679 852 78 1649 6504 1446 1906 2380 1241 5354 7158 3162 7696 4534 4315 1195 1573 3929 5798 2627
23 9670 2899 2566 9625 9199 6196 5764 5725 7763 1320 7521 5963 6337 4960 9959 2545 4737 7241 8295 1645 948 962 1569
19 6252 7113 3570 9421 1753 4359 4351 5906 5930 1249 1760 8837 9540 573 637 4316 1699 3488 9714
23 3245 5487 2780 7152 8973 560 5861 7770 7381 6880 6983 5484 1850 2462 7616 7815 3504 6108 246 3571 1147 1602 9770
20 9385 4704 5838 4441 1338 7474 536 2804 6642 9358 2777 7960 4238 9991 5454 8894 5791 5749 5568 3288
21 8566 8915 4028 6652 6989 5100 5221 1461 8460 4590 7999 6264 3926 5331 6354 4864 503 148 8948 2847 7899
27 5711 4123 6082 2525 1193 9106 1612 3761 2601 9758 909 6522 9862 760 2047 4118 4492 6335 4791 6096 302 5455 4446 6789 3950 5398 8633
31 1970 1634 1239 2275 7829 9837 1960 2 6345 4533 151 5600 970 3556 186 1965 2274 9386 9108 3171 7358 5607 8456 8341 4996 4904 598 6685 6246 6492 6721
18 9702 2585 6422 5803 462 2191 6830 9682 5035 1894 9356 1174 8706 299 4230 9168 1479 2308
20 1177 7686 942 8118 9846 1700 118 1589 5635 3776 4368 7260 7047 4438 8248 1577 5797 5469 7540 7458
25 5971 2335 448 7663 2652 3974 8857 8307 6939 4809 1050 1357 6926 5687 1610 9413 5594 3303 7744 3715 4501 4779 3535 4695 6342
22 6430 5169 9639 3372 6406 7879 3473 4454 4565 9318 6758 1131 5492 3143 4287 2196 9507 3787 4296 759 6390 6113
10 1563 3751 5072 9902 1806 4900 4548 3071 6668 1190
32 9935 8629 9813 5205 2399 5212 2639 9527 4555 2173 6393 8446 2034 793 4443 366 4947 7797 9572 9663 7023 4983 7359 7437 4633 5459 3543 7303 1288 8091 9517 2509
21 1724 2748 5006 9640 9795 6402 5082 353 3155 2359 4810 7930 7304 4577 9059 1759 6126 6373 4752 7951 6840
19 9523 3249 5732 6969 5043 4477 5021 4722 4279 9460 9442 3437 9966 5155 8231 9599 3388 4339 5891
23 8302 6455 8382 417 3542 4806 8530 7479 369 9082 6391 5039 692 9941 7130 8165 2873 7155 7738 3598 1821 3252 4476
28 3817 519 5424 5218 8448 9135 8555 2377 9822 4314 2332 1387 5992 9185 4547 4280 9471 8846 4671 8393 9854 5800 5812 5973 7481 9311 3287 9970
16 1002 3767 7741 3091 5115 6500 4178 7752 5410 31 8452 5434 3858 6844 4338 3656
26 6327 415 4724 5001 9592 1946 9779 3052 8779 8428 5360 8829 9162 5152 1936 7544 3003 7669 8455 6322 7946 1958 2252 9937 8036 8453
26 6245 5352 1902 8595 969 2906 3505 9298 2063 3159 6332 8495 5456 3526 3794 5775 5609 8467 7300 8205 1812 8943 7943 910 1139 3588
14 6269 8484 9869 8637 8219 9738 1613 2330 5534 4221 6726 8903 6137 7206
25 7028 5746 3991 4782 8188 5576 993 8686 9027 2035 4937 5864 2431 6543 1457 2555 5414 7780 8056 8985 4510 3762 2940 4311 7182
2 8773 3539
24 6783 9799 7993 3024 6475 607 4664 2477 2374 6722 5379 6122 7782 3330 2428 6049 9098 4132 2704 4702 4354 4308 9876 2007
21 8420 1784 6924 7430 7172 7628 7245 5279 1297 1875 9934 1840 9884 37 7101 7556 8632 9519 1586 424 8430
22 9804 6089 636 2272 6036 3948 1772 1058 8567 9170 7552 5761 2800 1526 2707 4283 1467 421 1262 7577 8226 8217
28 61 7398 9595 3066 6356 6814 156 9054 1431 592 1551 104 1187 8805 7970 1360 8053 8454 1161 176 9032 4723 4418 794 1254 8712 757 4929
18 8348 2857 524 9987 216 6897 8863 1654 6988 1542 6487 5435 5551 5342 1841 9589 4641 5334
19 9735 4366 7169 4879 4302 959 9330 8745 2611 4152 9616 4513 2510 7487 9069 6934 8836 5599 9489
27 6695 3667 271 1054 9549 9712 127 6359 4147 4856 1071 6262 7046 9218 3599 7175 1730 1205 418 1334 5467 9887 107 2094 7565 8623 3347
16 8739 4673 483 3112 9537 8938 9284 4046 402 2933 744 6945 8297 3897 9825 820
28 8459 4720 6454 572 617 6026 1256 7769 2612 4564 5559 3977 2205 3963 2990 9091 8438 9448 4175 968 1754 8472 2131 3971 5596 9120 9210 9999
