5032
0 0 0 7
0 8 1 11
0 12 0 19
0 20 7 20
0 21 1 24
0 25 7 25
0 26 1 29
0 30 7 30
0 31 1 34
0 35 0 44
0 45 3 46
0 47 3 48
0 49 1 52
0 53 1 56
0 57 7 57
0 58 2 60
0 61 0 69
0 70 0 77
0 78 1 81
0 82 0 89
0 90 0 97
0 98 2 100
0 101 0 108
0 109 7 109
0 110 3 111
0 112 1 116
0 117 3 118
0 119 0 126
0 127 7 127
0 128 0 135
0 136 0 143
0 144 0 151
0 152 2 154
0 155 0 164
0 165 0 173
0 174 3 175
0 176 3 177
0 178 1 181
0 182 1 186
0 187 8 187
0 188 2 190
0 191 0 198
0 199 0 206
0 207 3 208
0 209 3 210
0 211 0 219
0 220 3 221
0 222 1 225
0 226 0 234
0 235 2 237
0 238 2 240
0 241 0 249
1 0 4 1
1 2 2 5
1 6 9 6
1 7 12 7
1 12 3 14
1 15 4 16
1 17 4 18
1 19 9 19
1 35 1 42
1 43 8 43
1 44 9 44
1 61 1 70
1 71 9 71
1 72 11 72
1 73 9 73
1 74 2 77
1 82 1 89
1 90 4 91
1 92 4 93
1 94 2 97
1 101 1 108
1 119 2 122
1 123 2 126
1 128 3 130
1 131 8 131
1 132 9 132
1 133 12 133
1 134 1 141
1 142 3 144
1 145 2 148
1 149 11 149
1 150 10 150
1 151 9 151
1 155 1 163
1 164 4 165
1 166 4 167
1 168 2 171
1 172 4 173
1 191 4 192
1 193 10 193
1 194 10 194
1 195 10 195
1 196 10 196
1 197 9 197
1 198 9 198
1 199 8 199
1 200 2 204
1 205 4 206
1 211 2 214
1 215 10 215
1 216 3 218
1 219 10 219
1 226 3 228
1 229 2 232
1 233 10 233
1 234 9 234
1 241 2 245
1 246 9 246
1 247 4 248
1 249 9 249
2 8 10 8
2 9 4 11
2 21 13 21
2 22 5 23
2 24 11 24
2 26 4 28
2 29 10 29
2 31 4 33
2 34 9 34
2 35 4 37
2 38 4 40
2 41 9 41
2 42 10 42
2 49 3 52
2 53 9 53
2 54 4 56
2 61 3 64
2 65 9 65
2 66 10 66
2 68 9 68
2 78 2 85
2 86 6 87
2 88 10 88
2 89 9 89
2 101 4 103
2 104 3 108
2 112 4 114
2 115 5 116
2 134 5 135
2 136 9 136
2 137 3 141
2 155 3 158
2 159 3 162
2 163 11 163
2 178 4 180
2 181 9 181
2 182 3 186
2 222 10 222
2 223 4 225
3 2 11 2
3 3 12 3
3 4 6 5
3 58 6 59
3 60 10 60
3 67 14 67
3 69 14 69
3 74 5 76
3 77 10 77
3 78 4 81
3 82 10 82
3 83 7 84
3 85 11 85
3 94 11 94
3 95 6 96
3 97 7 98
3 99 6 100
3 119 5 122
3 123 10 123
3 124 6 125
3 126 10 126
3 145 4 148
3 152 10 152
3 153 6 154
3 168 4 171
3 188 8 189
3 190 10 190
3 200 5 202
3 203 13 203
3 204 10 204
3 211 5 214
3 229 7 230
3 231 10 231
3 232 10 232
3 235 6 236
3 237 12 237
3 238 14 238
3 239 12 239
3 240 7 241
3 242 11 242
3 243 6 244
3 245 10 245
4 12 6 14
4 45 13 45
4 46 5 49
4 50 13 50
4 51 13 51
4 52 12 52
4 61 7 62
4 63 11 63
4 64 14 64
4 104 12 104
4 105 12 105
4 106 13 106
4 107 12 107
4 111 15 111
4 117 12 117
4 118 12 118
4 128 11 128
4 129 8 130
4 137 5 140
4 141 9 142
4 143 14 143
4 144 12 144
4 155 12 155
4 156 5 159
4 160 8 161
4 162 12 162
4 174 6 177
4 182 7 183
4 184 7 185
4 186 12 186
4 207 8 208
4 209 7 210
4 217 12 217
4 218 11 218
4 220 13 220
4 226 9 227
4 228 11 228
5 0 14 0
5 1 14 1
5 9 7 11
5 15 12 15
5 16 8 17
5 18 13 18
5 26 9 27
5 28 15 28
5 31 7 33
5 35 6 38
5 39 12 39
5 40 12 40
5 54 9 55
5 56 12 56
5 78 7 81
5 90 7 93
5 101 8 102
5 103 16 103
5 110 16 110
5 112 7 114
5 145 7 148
5 164 5 171
5 172 13 172
5 173 13 173
5 178 7 180
5 192 12 192
5 205 15 205
5 206 16 206
5 223 9 224
5 225 13 225
5 247 12 247
5 248 15 248
6 22 14 22
6 46 13 46
6 47 10 48
6 49 13 49
6 74 13 74
6 75 13 75
6 76 13 76
6 108 17 108
6 115 14 115
6 116 13 116
6 119 8 121
6 122 14 122
6 134 14 134
6 135 14 135
6 137 17 137
6 138 13 138
6 139 15 139
6 140 14 140
6 156 7 159
6 164 7 167
6 168 13 168
6 169 15 169
6 170 9 171
6 200 8 202
6 211 9 212
6 213 9 214
6 221 17 221
7 4 11 5
7 12 11 13
7 14 18 14
7 35 14 35
7 36 10 37
7 38 18 38
7 58 11 59
7 70 18 70
7 86 14 86
7 87 16 87
7 95 10 96
7 99 16 99
7 124 10 125
7 153 16 153
7 174 11 175
7 176 17 176
7 177 18 177
7 216 18 216
7 235 15 235
7 243 17 243
7 244 15 244
8 9 11 11
8 20 15 20
8 25 16 25
8 30 10 32
8 33 15 33
8 57 17 57
8 61 12 62
8 78 12 79
8 80 12 81
8 83 11 84
8 90 9 93
8 97 17 97
8 98 16 98
8 109 17 109
8 112 11 113
8 114 15 114
8 127 15 127
8 145 17 145
8 146 12 147
8 148 16 148
8 154 19 154
8 156 9 159
8 164 15 164
8 165 10 167
8 180 15 180
8 182 9 185
8 191 19 191
8 209 12 210
8 229 18 229
8 230 19 230
8 240 12 241
9 16 20 16
9 17 19 17
9 43 17 43
9 100 13 101
9 102 17 102
9 119 19 119
9 120 12 121
9 130 16 130
9 131 16 131
9 160 19 160
9 161 19 161
9 178 20 178
9 187 11 189
9 199 16 199
9 200 13 201
9 207 16 207
9 208 19 208
10 6 20 6
10 19 19 19
10 23 21 23
10 26 18 26
10 27 18 27
10 34 17 34
10 41 21 41
10 44 18 44
10 53 13 54
10 55 20 55
10 65 21 65
10 68 19 68
10 71 20 71
10 73 17 73
10 89 11 92
10 93 20 93
10 132 17 132
10 136 19 136
10 141 18 141
10 142 17 142
10 151 20 151
10 156 13 157
10 158 19 158
10 159 21 159
10 170 20 170
10 171 20 171
10 179 21 179
10 181 18 181
10 182 18 182
10 183 13 185
10 197 20 197
10 198 18 198
10 211 17 211
10 212 21 212
10 214 21 214
10 223 20 223
10 224 20 224
10 234 19 234
10 246 19 246
10 249 17 249
11 8 22 8
11 29 15 30
11 31 21 31
11 32 22 32
11 36 20 36
11 37 22 37
11 42 19 42
11 47 18 47
11 48 18 48
11 60 18 60
11 66 18 66
11 77 19 77
11 82 22 82
11 88 19 88
11 95 14 96
11 123 14 124
11 125 18 125
11 126 20 126
11 150 20 150
11 152 19 152
11 165 18 165
11 166 14 167
11 190 22 190
11 193 20 193
11 194 22 194
11 195 18 195
11 196 19 196
11 204 21 204
11 213 22 213
11 215 21 215
11 219 20 219
11 222 22 222
11 226 22 226
11 231 15 232
11 233 19 233
11 245 19 245
12 2 21 2
12 5 22 5
12 9 15 10
12 11 14 13
12 24 19 24
12 58 19 58
12 59 21 59
12 63 20 63
12 72 22 72
12 84 23 84
12 85 22 85
12 89 19 89
12 90 15 91
12 92 20 92
12 94 20 94
12 112 20 112
12 113 21 113
12 128 16 129
12 149 19 149
12 163 22 163
12 174 15 175
12 187 20 187
12 188 19 188
12 189 22 189
12 202 23 202
12 218 21 218
12 227 17 228
12 236 23 236
12 242 23 242
13 3 17 4
13 15 20 15
13 39 23 39
13 40 23 40
13 52 20 52
13 56 23 56
13 61 17 62
13 78 15 81
13 104 16 105
13 107 21 107
13 117 16 118
13 120 17 121
13 133 24 133
13 144 23 144
13 146 22 146
13 155 23 155
13 162 24 162
13 186 22 186
13 192 21 192
13 209 16 210
13 217 21 217
13 237 24 237
13 239 16 240
13 241 24 241
13 247 20 247
14 18 23 18
14 45 18 46
14 49 18 50
14 51 21 51
14 53 21 53
14 54 22 54
14 74 22 74
14 75 19 76
14 83 25 83
14 100 21 100
14 101 23 101
14 106 21 106
14 116 21 116
14 138 21 138
14 156 17 157
14 168 24 168
14 172 22 172
14 173 22 173
14 183 17 185
14 200 23 200
14 201 25 201
14 203 22 203
14 220 25 220
14 225 24 225
15 0 20 1
15 11 18 12
15 13 23 13
15 21 19 22
15 35 26 35
15 64 25 64
15 67 25 67
15 86 25 86
15 95 25 95
15 96 24 96
15 115 22 115
15 122 19 123
15 124 25 124
15 134 18 135
15 140 23 140
15 143 23 143
15 166 24 166
15 238 22 238
16 9 23 9
16 10 26 10
16 20 24 20
16 28 18 30
16 33 25 33
16 69 27 69
16 78 26 78
16 79 18 81
16 90 19 91
16 111 27 111
16 114 26 114
16 127 24 127
16 139 25 139
16 147 27 147
16 164 23 164
16 167 27 167
16 169 26 169
16 174 19 175
16 180 23 180
16 205 27 205
16 232 26 232
16 235 26 235
16 244 26 244
16 248 23 248
17 25 25 25
17 87 25 87
17 98 25 98
17 99 27 99
17 103 20 104
17 105 28 105
17 110 26 110
17 118 26 118
17 128 19 130
17 131 26 131
17 148 24 148
17 153 28 153
17 199 28 199
17 206 25 206
17 207 24 207
17 209 22 210
17 239 20 240
18 3 21 4
18 7 29 7
18 34 26 34
18 43 25 43
18 57 29 57
18 61 25 61
18 62 29 62
18 73 27 73
18 97 28 97
18 102 28 102
18 108 21 109
18 117 29 117
18 120 23 121
18 132 26 132
18 137 29 137
18 142 29 142
18 145 27 145
18 156 26 156
18 157 26 157
18 176 29 176
18 183 25 183
18 184 21 185
18 211 29 211
18 221 26 221
18 227 21 228
18 243 29 243
18 249 25 249
19 11 22 12
19 26 22 27
19 28 22 30
19 38 26 38
19 44 23 45
19 46 20 50
19 60 27 60
19 66 28 66
19 79 21 81
19 125 29 125
19 134 24 135
19 141 26 141
19 165 29 165
19 177 30 177
19 181 22 182
19 195 30 195
19 198 30 198
19 216 26 216
19 229 29 229
20 17 29 17
20 19 27 19
20 21 24 22
20 24 29 24
20 42 28 42
20 58 27 58
20 68 31 68
20 70 31 70
20 75 22 77
20 88 23 89
20 90 23 91
20 119 30 119
20 122 27 122
20 123 27 123
20 128 29 128
20 129 23 130
20 136 31 136
20 149 28 149
20 152 31 152
20 158 28 158
20 160 24 161
20 174 31 174
20 175 31 175
20 188 29 188
20 191 28 191
20 196 27 196
20 208 28 208
20 230 23 231
20 233 24 234
20 245 23 246
21 0 24 1
21 6 31 6
21 14 25 15
21 16 28 16
21 36 28 36
21 46 32 46
21 47 23 49
21 52 29 52
21 55 32 55
21 63 29 63
21 71 30 71
21 92 30 92
21 93 25 94
21 103 24 104
21 112 28 112
21 126 32 126
21 150 24 151
21 154 32 154
21 170 26 171
21 178 28 178
21 187 31 187
21 193 28 193
21 197 31 197
21 219 32 219
21 223 24 224
21 239 24 240
21 247 32 247
22 2 25 4
22 23 29 23
22 31 30 31
22 41 29 41
22 50 26 51
22 53 32 53
22 59 30 59
22 65 30 65
22 79 25 80
22 100 29 100
22 106 30 106
22 107 24 109
22 113 33 113
22 116 32 116
22 138 31 138
22 159 31 159
22 179 32 179
22 184 32 184
22 185 31 185
22 192 32 192
22 204 33 204
22 212 30 212
22 214 25 215
22 217 25 218
22 227 26 228
23 5 34 5
23 8 33 8
23 11 30 11
23 12 32 12
23 26 25 28
23 29 28 30
23 32 30 32
23 37 30 37
23 54 34 54
23 72 34 72
23 74 25 76
23 77 31 77
23 81 27 82
23 85 31 85
23 115 31 115
23 146 34 146
23 163 33 163
23 172 30 172
23 173 31 173
23 181 26 182
23 186 33 186
23 189 32 189
23 194 32 194
23 203 31 203
23 209 30 209
23 210 30 210
23 213 30 213
23 226 33 226
23 238 30 238
24 9 32 9
24 13 33 13
24 18 32 18
24 39 33 39
24 40 35 40
24 44 27 45
24 47 27 48
24 49 32 49
24 56 35 56
24 84 34 84
24 88 31 88
24 89 26 91
24 101 32 101
24 120 31 120
24 121 34 121
24 129 27 130
24 140 35 140
24 143 28 144
24 155 31 155
24 164 35 164
24 180 33 180
24 190 35 190
24 200 31 200
24 202 33 202
24 230 32 230
24 231 33 231
24 242 35 242
24 245 28 246
24 248 32 248
25 0 34 0
25 1 34 1
25 20 28 21
25 96 36 96
25 103 34 103
25 104 32 104
25 107 34 107
25 108 28 109
25 127 33 127
25 133 27 135
25 148 32 148
25 150 34 150
25 151 35 151
25 160 27 162
25 166 34 166
25 168 33 168
25 207 35 207
25 222 26 225
25 233 28 234
25 236 30 237
25 239 33 239
25 241 35 241
26 2 37 2
26 3 37 3
26 15 34 15
26 25 27 28
26 33 35 33
26 43 35 43
26 61 34 61
26 64 33 64
26 67 37 67
26 74 29 76
26 79 30 80
26 83 37 83
26 86 30 87
26 93 29 94
26 95 33 95
26 98 36 98
26 124 37 124
26 139 35 139
26 183 33 183
26 201 36 201
26 206 34 206
26 214 29 215
26 217 34 217
26 218 33 218
26 220 33 220
26 240 37 240
26 249 37 249
27 10 38 10
27 14 38 14
27 34 36 34
27 38 34 38
27 50 31 51
27 78 34 78
27 89 34 89
27 90 31 91
27 110 37 110
27 114 35 114
27 118 38 118
27 131 32 132
27 141 35 141
27 156 30 157
27 169 29 171
27 181 34 181
27 182 38 182
27 216 37 216
27 221 35 221
27 222 29 225
27 227 32 228
27 232 38 232
27 235 38 235
27 244 34 244
28 19 37 19
28 22 39 22
28 25 29 28
28 44 35 44
28 47 35 47
28 48 38 48
28 58 39 58
28 60 37 60
28 69 36 69
28 73 38 73
28 82 37 82
28 99 39 99
28 111 37 111
28 122 32 123
28 129 33 130
28 133 30 135
28 145 35 145
28 147 39 147
28 160 31 162
28 167 35 167
28 196 38 196
28 205 38 205
29 16 36 16
29 20 37 20
29 29 33 30
29 35 33 36
29 42 36 42
29 66 40 66
29 97 37 97
29 102 37 102
29 108 37 108
29 109 37 109
29 112 36 112
29 143 40 143
29 144 38 144
29 149 37 149
29 158 40 158
29 178 36 178
29 191 37 191
29 193 38 193
29 208 40 208
29 233 37 233
29 234 38 234
29 245 32 246
30 7 37 7
30 17 38 17
30 21 41 21
30 23 38 23
30 24 32 26
30 27 40 27
30 28 38 28
30 41 37 41
30 52 41 52
30 57 39 57
30 62 34 63
30 74 33 76
30 93 37 93
30 94 37 94
30 100 41 100
30 117 38 117
30 125 39 125
30 128 37 128
30 137 37 137
30 142 37 142
30 165 39 165
30 169 32 171
30 176 37 176
30 188 38 188
30 211 39 211
30 214 33 215
30 222 31 225
30 229 38 229
30 243 40 243
31 11 39 11
31 31 34 32
31 37 40 37
31 59 40 59
31 65 38 65
31 71 42 71
31 79 33 81
31 86 35 87
31 92 38 92
31 105 42 105
31 106 39 106
31 119 42 119
31 133 38 133
31 134 34 135
31 156 36 157
31 172 42 172
31 177 41 177
31 198 39 198
31 209 39 209
31 210 39 210
31 212 35 213
31 236 33 238
32 6 40 6
32 50 35 51
32 68 39 68
32 77 39 77
32 85 39 85
32 88 40 88
32 91 39 91
32 115 43 115
32 120 40 120
32 136 39 136
32 138 40 138
32 152 40 152
32 155 41 155
32 159 34 161
32 173 39 173
32 174 43 174
32 185 42 185
32 187 40 187
32 197 39 197
32 200 41 200
32 203 40 203
32 222 39 222
32 223 36 224
33 9 41 9
33 12 40 12
33 18 41 18
33 24 36 25
33 49 40 49
33 53 44 53
33 55 41 55
33 101 42 101
33 104 44 104
33 116 40 116
33 122 36 123
33 126 41 126
33 131 40 131
33 148 41 148
33 154 40 154
33 169 36 170
33 171 41 171
33 179 42 179
33 184 43 184
33 189 44 189
33 192 44 192
33 194 36 195
33 219 42 219
33 227 38 228
33 230 40 230
33 245 35 248
34 8 41 8
34 13 42 13
34 26 45 26
34 29 44 29
34 30 42 30
34 35 42 35
34 36 43 36
34 39 45 39
34 64 41 64
34 70 45 70
34 74 37 76
34 79 38 80
34 81 44 81
34 95 44 95
34 127 44 127
34 129 44 129
34 130 44 130
34 162 37 163
34 168 44 168
34 180 42 180
34 183 43 183
34 186 41 186
34 202 45 202
34 214 37 215
34 218 42 218
34 220 42 220
34 225 39 226
34 231 41 231
34 236 35 239
35 0 39 1
35 4 39 5
35 15 44 15
35 31 39 32
35 38 42 38
35 54 42 54
35 61 44 61
35 62 46 62
35 63 43 63
35 78 43 78
35 84 46 84
35 89 38 90
35 103 44 103
35 107 43 107
35 121 44 121
35 134 38 135
35 146 44 146
35 150 45 150
35 160 45 160
35 161 43 161
35 166 43 166
35 181 42 181
35 199 46 199
35 204 46 204
35 206 44 206
35 217 45 217
35 244 45 244
36 33 44 33
36 43 44 43
36 44 44 44
36 45 41 46
36 47 43 47
36 50 39 51
36 72 47 72
36 86 45 86
36 87 44 87
36 113 41 114
36 139 38 141
36 145 43 145
36 151 45 151
36 164 43 164
36 167 46 167
36 190 47 190
36 207 47 207
36 213 44 213
36 221 44 221
36 236 39 237
36 238 45 238
36 239 46 239
36 241 43 241
36 242 43 242
36 245 38 248
37 16 46 16
37 24 45 24
37 25 44 25
37 34 44 34
37 42 45 42
37 69 45 69
37 98 46 98
37 112 45 112
37 122 44 122
37 123 46 123
37 156 40 157
37 169 40 170
37 178 48 178
37 194 47 194
37 195 47 195
37 201 47 201
37 212 48 212
37 223 40 224
38 2 41 3
38 7 48 7
38 19 41 20
38 40 49 40
38 41 45 41
38 60 45 60
38 67 45 67
38 74 42 75
38 76 49 76
38 82 49 82
38 83 49 83
38 93 42 94
38 96 42 97
38 102 49 102
38 108 45 108
38 109 46 109
38 110 42 111
38 124 46 124
38 128 46 128
38 137 45 137
38 142 47 142
38 149 48 149
38 159 49 159
38 162 49 162
38 163 45 163
38 175 43 176
38 191 45 191
38 214 40 216
38 233 45 233
38 240 49 240
38 249 47 249
39 14 49 14
39 17 46 17
39 23 50 23
39 28 47 28
39 48 49 48
39 65 48 65
39 73 50 73
39 79 47 79
39 80 47 80
39 89 42 90
39 92 46 92
39 117 48 117
39 132 41 135
39 139 41 141
39 144 47 144
39 153 50 153
39 182 50 182
39 188 49 188
39 193 47 193
39 196 47 196
39 205 47 205
39 227 46 227
39 228 50 228
39 229 50 229
39 232 48 232
39 234 42 235
39 245 40 248
40 1 48 1
40 4 43 5
40 10 44 11
40 22 49 22
40 31 47 31
40 32 47 32
40 50 44 51
40 57 48 57
40 58 49 58
40 68 49 68
40 77 48 77
40 85 50 85
40 91 48 91
40 99 49 99
40 106 47 106
40 125 48 125
40 136 50 136
40 147 48 147
40 165 48 165
40 173 48 173
40 197 49 197
40 198 47 198
40 209 43 211
40 222 47 222
40 225 48 225
40 226 51 226
40 236 44 237
41 6 48 6
41 12 48 12
41 27 48 27
41 37 48 37
41 49 49 49
41 59 48 59
41 66 52 66
41 88 49 88
41 116 48 116
41 120 48 120
41 131 48 131
41 138 48 138
41 152 52 152
41 154 52 154
41 156 48 156
41 157 48 157
41 158 50 158
41 169 48 169
41 170 50 170
41 187 52 187
41 203 50 203
41 208 50 208
41 214 44 215
41 223 46 224
41 230 50 230
41 243 52 243
41 245 48 245
41 246 44 247
41 248 48 248
42 0 53 0
42 2 50 2
42 3 50 3
42 8 47 9
42 18 50 18
42 19 44 21
42 45 50 45
42 46 52 46
42 52 51 52
42 55 50 55
42 64 49 64
42 113 50 113
42 114 51 114
42 126 50 126
42 132 43 135
42 139 51 139
42 140 51 140
42 141 51 141
42 148 49 148
42 155 49 155
42 171 49 171
42 177 51 177
42 186 49 186
42 200 49 200
42 216 53 216
42 231 52 231
43 13 53 13
43 30 52 30
43 35 54 35
43 38 50 38
43 54 51 54
43 71 51 71
43 74 46 75
43 89 54 89
43 90 53 90
43 93 46 94
43 96 47 97
43 100 46 101
43 105 51 105
43 110 51 110
43 111 51 111
43 118 48 119
43 172 53 172
43 179 45 181
43 185 54 185
43 218 50 218
43 219 48 220
43 234 46 235
44 4 47 5
44 36 51 36
44 47 51 47
44 63 51 63
44 78 53 78
44 107 55 107
44 115 52 115
44 132 48 133
44 134 53 134
44 145 53 145
44 161 53 161
44 164 51 164
44 166 55 166
44 174 46 176
44 183 47 184
44 209 49 210
44 211 54 211
44 241 52 241
44 242 52 242
45 10 48 11
45 15 53 15
45 19 47 21
45 25 56 25
45 29 53 29
45 33 48 34
45 43 48 44
45 50 53 50
45 51 52 51
45 61 52 61
45 81 52 81
45 87 55 87
45 95 52 95
45 103 54 103
45 104 53 104
45 121 49 122
45 127 54 127
45 129 49 130
45 143 56 143
45 146 52 146
45 168 53 168
45 192 55 192
45 206 52 206
45 213 48 214
45 215 52 215
45 221 54 221
45 236 56 236
45 246 49 247
46 24 57 24
46 26 55 26
46 39 55 39
46 41 53 41
46 42 53 42
46 53 57 53
46 60 53 60
46 67 54 67
46 69 53 69
46 70 57 70
46 86 53 86
46 108 55 108
46 112 56 112
46 135 57 135
46 137 53 137
46 150 53 150
46 151 53 151
46 160 53 160
46 163 54 163
46 179 53 179
46 180 49 181
46 189 57 189
46 191 53 191
46 217 57 217
46 233 54 233
46 238 56 238
46 244 57 244
47 16 50 17
47 56 58 56
47 62 57 62
47 74 50 75
47 84 57 84
47 92 49 94
47 98 54 98
47 100 50 101
47 109 55 109
47 123 51 124
47 128 56 128
47 167 55 167
47 174 49 176
47 199 57 199
47 202 58 202
47 204 55 204
47 223 55 223
47 224 55 224
47 227 57 227
47 235 54 235
47 239 54 239
48 4 51 5
48 8 58 8
48 9 56 9
48 19 57 19
48 20 59 20
48 21 59 21
48 28 56 28
48 31 56 31
48 32 59 32
48 72 55 72
48 79 51 80
48 96 55 96
48 97 58 97
48 106 55 106
48 142 57 142
48 144 56 144
48 183 55 183
48 184 55 184
48 193 51 194
48 195 56 195
48 196 58 196
48 198 56 198
48 201 59 201
48 205 58 205
48 222 59 222
48 249 59 249
49 1 58 1
49 6 59 6
49 7 59 7
49 10 60 10
49 11 60 11
49 12 57 12
49 27 57 27
49 33 58 33
49 34 60 34
49 37 59 37
49 43 52 44
49 57 56 57
49 59 59 59
49 65 59 65
49 77 60 77
49 91 58 91
49 116 60 116
49 117 50 120
49 125 56 125
49 131 57 131
49 132 53 133
49 138 56 138
49 147 59 147
49 149 57 149
49 156 54 157
49 165 57 165
49 169 58 169
49 173 60 173
49 178 60 178
49 212 52 213
49 214 58 214
49 219 53 220
49 225 57 225
49 232 57 232
49 234 60 234
49 245 60 245
49 248 57 248
50 14 58 14
50 22 60 22
50 40 59 40
50 48 54 49
50 58 61 58
50 64 58 64
50 68 60 68
50 76 57 76
50 82 53 83
50 88 61 88
50 92 53 93
50 94 59 94
50 99 58 99
50 102 61 102
50 121 53 122
50 129 54 130
50 148 61 148
50 155 57 155
50 162 57 162
50 171 58 171
50 174 53 175
50 176 57 176
50 180 53 181
50 186 57 186
50 188 60 188
50 197 61 197
50 200 58 200
50 207 61 207
50 209 61 209
50 246 58 246
50 247 59 247
51 2 54 3
51 16 61 16
51 17 55 18
51 23 62 23
51 38 60 38
51 45 62 45
51 55 58 55
51 73 54 74
51 75 58 75
51 85 59 85
51 100 58 100
51 101 61 101
51 113 59 113
51 117 52 120
51 126 62 126
51 136 60 136
51 153 59 153
51 158 58 158
51 170 62 170
51 182 58 182
51 203 59 203
51 208 60 208
51 210 62 210
51 218 61 218
51 228 54 229
51 230 61 230
51 237 62 237
52 4 60 4
52 5 60 5
52 36 60 36
52 47 63 47
52 52 63 52
52 54 62 54
52 63 61 63
52 71 61 71
52 79 56 80
52 105 59 105
52 110 56 111
52 114 62 114
52 123 57 124
52 139 54 141
52 164 60 164
52 177 61 177
52 193 55 194
52 226 63 226
53 30 60 30
53 43 64 43
53 44 60 44
53 46 60 46
53 51 62 51
53 61 62 61
53 66 63 66
53 81 64 81
53 95 60 95
53 115 62 115
53 117 54 120
53 146 62 146
53 154 64 154
53 159 64 159
53 206 61 206
53 212 56 213
53 215 60 215
53 231 62 231
53 240 56 241
53 242 61 242
53 243 64 243
54 0 63 0
54 13 65 13
54 15 65 15
54 29 62 29
54 41 58 42
54 50 65 50
54 60 62 60
54 69 62 69
54 78 62 78
54 82 57 83
54 86 62 86
54 90 63 90
54 93 63 93
54 104 61 104
54 121 59 122
54 132 58 133
54 134 65 134
54 137 61 137
54 145 62 145
54 150 62 150
54 151 64 151
54 160 58 161
54 168 64 168
54 172 62 172
54 174 62 174
54 175 63 175
54 179 56 181
54 191 63 191
54 219 61 219
54 220 62 220
55 2 58 3
55 48 64 48
55 49 66 49
55 67 64 67
55 73 62 73
55 74 63 74
55 89 65 89
55 98 65 98
55 103 65 103
55 117 58 118
55 119 63 119
55 120 63 120
55 127 62 127
55 129 58 130
55 139 57 141
55 152 66 152
55 156 60 157
55 163 63 163
55 185 66 185
55 190 66 190
55 211 63 211
55 221 63 221
55 229 63 229
55 233 62 233
55 235 62 235
55 239 66 239
56 17 59 18
56 26 67 26
56 39 66 39
56 72 63 72
56 87 63 87
56 92 67 92
56 96 64 96
56 106 59 107
56 108 60 109
56 167 65 167
56 183 60 184
56 192 58 194
56 204 63 204
56 216 67 216
56 223 63 223
56 224 64 224
57 9 64 9
57 25 64 25
57 28 65 28
57 31 64 31
57 57 67 57
57 79 60 80
57 110 66 110
57 111 64 111
57 112 64 112
57 125 66 125
57 128 68 128
57 138 68 138
57 143 67 143
57 144 67 144
57 179 60 180
57 181 64 181
57 195 65 195
57 198 68 198
57 212 64 212
57 213 64 213
57 238 67 238
57 241 65 241
58 12 66 12
58 19 66 19
58 24 65 24
58 27 67 27
58 35 69 35
58 53 68 53
58 62 69 62
58 70 69 70
58 76 68 76
58 82 60 84
58 123 62 124
58 131 66 131
58 135 65 135
58 139 68 139
58 140 62 141
58 142 69 142
58 149 67 149
58 155 66 155
58 162 69 162
58 165 66 165
58 176 68 176
58 186 65 186
58 187 69 187
58 189 66 189
58 199 69 199
58 217 66 217
58 225 67 225
58 227 61 228
58 232 65 232
58 240 69 240
58 244 65 244
58 248 66 248
59 1 61 3
59 8 66 8
59 14 67 14
59 33 70 33
59 41 69 41
59 42 69 42
59 55 66 55
59 56 66 56
59 64 67 64
59 75 68 75
59 91 68 91
59 97 69 97
59 99 62 100
59 117 70 117
59 118 66 118
59 129 66 129
59 130 66 130
59 132 69 132
59 133 69 133
59 158 69 158
59 160 63 161
59 169 69 169
59 171 68 171
59 182 70 182
59 192 63 193
59 194 67 194
59 196 70 196
59 200 68 200
59 202 67 202
59 205 67 205
59 214 68 214
59 246 67 246
60 6 64 7
60 17 63 18
60 20 67 20
60 32 69 32
60 37 67 37
60 40 67 40
60 59 71 59
60 65 67 65
60 85 71 85
60 94 68 94
60 105 63 106
60 107 67 107
60 113 68 113
60 121 71 121
60 147 67 147
60 153 70 153
60 201 71 201
60 203 68 203
60 247 67 247
60 249 69 249
61 4 71 4
61 5 70 5
61 10 64 11
61 21 64 22
61 30 70 30
61 36 68 36
61 38 72 38
61 44 69 44
61 46 70 46
61 68 71 68
61 79 69 79
61 80 68 80
61 82 64 83
61 95 68 95
61 108 71 108
61 109 71 109
61 136 68 136
61 156 68 156
61 157 69 157
61 164 70 164
61 166 72 166
61 173 68 173
61 178 69 178
61 179 69 179
61 180 68 180
61 183 68 183
61 184 68 184
61 188 69 188
61 208 70 208
61 215 71 215
61 222 72 222
61 234 68 234
61 245 70 245
62 1 66 2
62 3 70 3
62 16 72 16
62 34 73 34
62 63 71 63
62 71 70 71
62 84 73 84
62 88 73 88
62 101 69 101
62 102 70 102
62 104 69 104
62 116 73 116
62 137 69 137
62 148 72 148
62 177 72 177
62 197 72 197
62 206 72 206
62 207 70 207
62 218 71 218
62 219 70 219
62 227 70 227
62 228 73 228
62 230 69 230
62 242 72 242
63 29 71 29
63 45 70 45
63 51 74 51
63 54 73 54
63 60 68 61
63 69 71 69
63 73 72 73
63 77 67 78
63 86 70 86
63 99 71 99
63 114 67 115
63 122 66 124
63 126 70 126
63 127 70 127
63 140 66 141
63 145 70 145
63 146 71 146
63 150 74 150
63 172 72 172
63 174 72 174
63 209 68 210
63 220 72 220
63 231 72 231
63 233 70 233
63 235 74 235
64 0 72 0
64 17 68 18
64 47 74 47
64 58 75 58
64 66 72 66
64 72 72 72
64 74 72 74
64 87 71 87
64 90 74 90
64 93 71 93
64 105 68 106
64 119 69 120
64 160 71 160
64 161 71 161
64 163 71 163
64 175 74 175
64 191 74 191
64 192 75 192
64 193 73 193
64 204 71 204
64 211 74 211
64 221 72 221
64 223 74 223
64 226 73 226
64 229 73 229
64 237 75 237
65 7 74 7
65 9 72 9
65 10 69 11
65 22 70 23
65 25 73 25
65 31 72 31
65 48 75 48
65 67 76 67
65 81 69 82
65 83 72 83
65 96 76 96
65 111 70 112
65 151 72 151
65 159 75 159
65 168 75 168
65 181 72 181
65 212 72 212
65 213 74 213
65 224 75 224
65 243 72 243
66 6 77 6
66 13 77 13
66 15 73 15
66 21 77 21
66 24 73 24
66 28 74 28
66 50 73 50
66 52 77 52
66 89 74 89
66 98 74 98
66 100 77 100
66 103 73 103
66 134 69 135
66 167 76 167
66 186 77 186
66 195 77 195
66 232 76 232
66 241 76 241
66 244 73 244
67 1 70 2
67 8 75 8
67 12 78 12
67 19 75 19
67 39 74 39
67 49 77 49
67 55 76 55
67 56 76 56
67 110 75 110
67 118 75 118
67 122 68 125
67 129 75 129
67 130 75 130
67 131 78 131
67 140 74 140
67 152 74 152
67 154 72 155
67 165 78 165
67 170 78 170
67 189 70 190
67 217 77 217
67 236 78 236
67 248 74 248
68 14 78 14
68 20 75 20
68 26 73 27
68 37 76 37
68 40 77 40
68 57 76 57
68 64 71 65
68 77 71 78
68 92 78 92
68 107 75 107
68 114 75 114
68 115 76 115
68 141 79 141
68 143 72 144
68 147 76 147
68 149 75 149
68 194 79 194
68 202 77 202
68 205 75 205
68 216 78 216
68 225 77 225
68 238 77 238
68 246 71 247
69 17 73 18
69 36 77 36
69 53 78 53
69 60 73 61
69 75 74 76
69 80 79 80
69 91 77 91
69 94 72 95
69 105 79 105
69 106 77 106
69 113 79 113
69 122 72 123
69 124 77 124
69 125 80 125
69 136 79 136
69 138 76 138
69 139 76 139
69 156 79 156
69 171 80 171
69 173 79 173
69 176 76 176
69 180 77 180
69 183 77 183
69 184 76 184
69 200 79 200
69 203 76 203
69 209 73 210
69 214 78 214
69 234 76 234
70 10 78 10
70 11 78 11
70 32 81 32
70 35 78 35
70 41 74 42
70 44 79 44
70 62 77 62
70 79 79 79
70 81 79 81
70 82 80 82
70 97 79 97
70 101 78 101
70 104 81 104
70 128 81 128
70 132 72 134
70 137 77 137
70 142 78 142
70 157 74 158
70 169 77 169
70 178 73 179
70 185 81 185
70 187 78 187
70 188 81 188
70 198 73 199
70 230 77 230
70 249 80 249
71 1 74 2
71 3 82 3
71 5 80 5
71 22 75 23
71 30 82 30
71 33 80 33
71 43 82 43
71 45 82 45
71 46 82 46
71 71 78 71
71 86 79 86
71 102 82 102
71 111 74 112
71 126 75 127
71 145 79 145
71 153 81 153
71 164 81 164
71 189 82 189
71 190 81 190
71 207 79 207
71 208 79 208
71 219 82 219
71 227 80 227
71 233 81 233
71 239 76 240
71 245 78 245
72 4 82 4
72 29 83 29
72 59 80 59
72 63 75 64
72 65 81 65
72 68 80 68
72 69 80 69
72 77 81 77
72 78 79 78
72 85 79 85
72 87 82 87
72 93 79 93
72 99 83 99
72 108 77 109
72 121 83 121
72 135 83 135
72 146 83 146
72 160 74 162
72 163 80 163
72 204 83 204
72 215 83 215
72 218 82 218
72 246 75 247
73 0 83 0
73 9 80 9
73 16 81 16
73 31 80 31
73 66 80 66
73 72 75 74
73 83 83 83
73 94 83 94
73 95 80 95
73 122 77 123
73 132 77 133
73 134 82 134
73 143 77 144
73 148 83 148
73 151 80 151
73 154 84 154
73 166 81 166
73 172 80 172
73 174 83 174
73 177 84 177
73 181 83 181
73 196 77 197
73 206 80 206
73 212 80 212
73 220 75 222
73 231 80 231
73 242 76 243
74 15 81 15
74 17 78 18
74 24 81 24
74 25 77 26
74 27 85 27
74 34 81 34
74 50 84 50
74 54 81 54
74 60 79 61
74 84 83 84
74 88 84 88
74 103 84 103
74 116 77 117
74 178 77 179
74 193 82 193
74 198 78 199
74 201 85 201
74 209 83 209
74 210 84 210
74 226 84 226
74 228 77 229
74 244 83 244
75 1 82 1
75 7 84 7
75 28 84 28
75 38 80 39
75 41 86 41
75 42 82 42
75 47 83 47
75 51 83 51
75 75 83 75
75 89 82 89
75 90 85 90
75 98 85 98
75 111 80 112
75 119 86 119
75 140 85 140
75 150 83 150
75 152 85 152
75 157 82 157
75 158 82 158
75 160 77 162
75 175 82 175
75 191 84 191
75 211 86 211
75 213 84 213
75 223 83 223
75 235 83 235
75 248 85 248
76 2 87 2
76 8 85 8
76 19 80 20
76 22 79 23
76 48 86 48
76 58 83 58
76 63 84 63
76 64 83 64
76 72 78 74
76 107 87 107
76 110 87 110
76 114 83 114
76 118 83 118
76 126 79 127
76 129 80 130
76 149 83 149
76 155 87 155
76 159 84 159
76 168 84 168
76 192 84 192
76 205 87 205
76 220 80 221
76 222 86 222
76 224 87 224
76 237 83 237
76 246 79 247
77 37 85 37
77 55 79 57
77 96 85 96
77 115 85 115
77 138 85 138
77 139 88 139
77 147 84 147
77 167 84 167
77 176 85 176
77 184 86 184
77 203 87 203
77 232 87 232
77 234 85 234
77 239 78 243
78 6 85 6
78 13 88 13
78 21 86 21
78 25 81 26
78 36 87 36
78 40 86 40
78 49 87 49
78 52 89 52
78 62 88 62
78 91 87 91
78 106 85 106
78 108 85 108
78 109 85 109
78 116 85 116
78 122 82 123
78 124 85 124
78 132 81 133
78 137 86 137
78 143 85 143
78 144 88 144
78 160 80 162
78 169 87 169
78 178 85 178
78 179 86 179
78 180 86 180
78 183 86 183
78 197 86 197
78 202 88 202
78 217 85 217
78 225 87 225
78 228 81 229
78 230 88 230
78 238 86 238
79 10 82 12
79 14 88 14
79 17 87 17
79 18 86 18
79 35 89 35
79 53 86 53
79 70 84 71
79 72 82 74
79 76 90 76
79 92 87 92
79 100 90 100
79 101 89 101
79 117 90 117
79 131 88 131
79 142 88 142
79 165 90 165
79 170 86 170
79 186 90 186
79 187 88 187
79 198 86 198
79 199 89 199
79 214 89 214
79 216 86 216
79 236 86 236
79 239 87 239
79 240 81 243
79 245 87 245
80 22 83 23
80 44 91 44
80 55 82 57
80 60 84 61
80 78 81 81
80 85 84 86
80 93 89 93
80 97 91 97
80 105 91 105
80 113 91 113
80 126 84 127
80 136 87 136
80 141 90 141
80 145 88 145
80 156 89 156
80 173 87 173
80 200 90 200
80 207 89 207
80 208 89 208
80 246 84 247
81 5 89 5
81 9 90 9
81 19 88 19
81 20 92 20
81 31 88 31
81 33 90 33
81 38 86 39
81 59 88 59
81 66 91 66
81 67 92 67
81 68 85 69
81 82 90 82
81 95 91 95
81 111 89 111
81 112 90 112
81 125 90 125
81 129 84 130
81 151 90 151
81 161 84 163
81 171 90 171
81 172 88 172
81 182 92 182
81 194 92 194
81 206 89 206
81 212 88 212
81 220 92 220
81 221 91 221
81 227 89 227
81 231 90 231
81 249 91 249
82 15 86 16
82 24 85 25
82 26 89 26
82 34 91 34
82 54 90 54
82 65 92 65
82 77 83 80
82 81 90 81
82 104 89 104
82 128 90 128
82 132 85 133
82 153 91 153
82 164 91 164
82 166 90 166
82 188 93 188
82 190 89 190
82 228 85 229
82 233 93 233
82 240 84 242
83 1 92 1
83 3 86 4
83 10 86 11
83 12 94 12
83 30 92 30
83 42 90 42
83 46 94 46
83 55 86 56
83 57 90 57
83 72 91 72
83 73 86 74
83 87 91 87
83 89 90 89
83 122 87 123
83 134 92 134
83 157 93 157
83 158 94 158
83 175 94 175
83 189 94 189
83 193 93 193
83 195 94 195
83 218 86 219
83 243 94 243
84 0 95 0
84 22 92 22
84 23 95 23
84 29 92 29
84 45 95 45
84 47 94 47
84 51 91 51
84 58 95 58
84 64 91 64
84 75 92 75
84 77 85 80
84 83 91 83
84 84 91 84
84 94 93 94
84 114 93 114
84 118 91 118
84 120 88 121
84 135 91 135
84 146 95 146
84 148 87 150
84 160 95 160
84 174 92 174
84 181 91 181
84 185 95 185
84 209 91 209
84 223 93 223
84 235 94 235
84 237 92 237
84 244 91 244
85 7 94 7
85 28 96 28
85 50 92 50
85 60 92 60
85 61 94 61
85 63 93 63
85 70 92 70
85 71 96 71
85 85 94 85
85 86 93 86
85 88 95 88
85 99 96 99
85 102 89 103
85 126 88 127
85 129 88 130
85 147 93 147
85 154 92 154
85 159 93 159
85 161 87 163
85 167 89 168
85 177 93 177
85 191 89 192
85 210 94 210
85 213 93 213
85 226 94 226
85 240 92 240
85 241 88 242
85 246 89 247
86 6 94 6
86 8 93 8
86 24 97 24
86 25 96 25
86 27 93 27
86 37 97 37
86 69 97 69
86 77 89 78
86 79 91 80
86 90 97 90
86 96 94 96
86 98 94 98
86 106 96 106
86 108 93 108
86 109 93 109
86 115 93 115
86 116 94 116
86 124 96 124
86 132 94 132
86 133 94 133
86 138 97 138
86 140 96 140
86 143 94 143
86 152 97 152
86 176 93 176
86 178 95 178
86 201 97 201
86 217 97 217
86 228 94 228
86 229 93 229
86 234 96 234
86 248 97 248
87 3 90 4
87 10 91 11
87 15 92 16
87 18 98 18
87 21 94 21
87 32 98 32
87 38 90 40
87 41 98 41
87 48 95 48
87 53 96 53
87 55 98 55
87 56 94 56
87 73 90 74
87 119 95 119
87 137 94 137
87 170 96 170
87 179 90 180
87 183 91 184
87 196 90 198
87 216 97 216
87 218 91 219
87 222 98 222
87 236 95 236
87 238 98 238
88 2 96 2
88 17 99 17
88 36 95 36
88 49 98 49
88 91 96 91
88 92 95 92
88 107 95 107
88 122 91 123
88 136 99 136
88 148 99 148
88 149 92 150
88 155 99 155
88 161 95 161
88 162 95 162
88 163 98 163
88 169 95 169
88 173 99 173
88 203 90 205
88 211 99 211
88 225 98 225
88 232 96 232
88 239 98 239
88 245 95 245
89 13 99 13
89 14 99 14
89 19 99 19
89 31 98 31
89 59 96 59
89 62 99 62
89 120 93 121
89 126 92 127
89 129 92 130
89 131 99 131
89 139 100 139
89 142 97 142
89 144 97 144
89 145 98 145
89 172 96 172
89 187 100 187
89 202 97 202
89 212 97 212
89 230 96 230
89 241 92 242
90 5 97 5
90 26 98 26
90 35 98 35
90 52 97 52
90 68 101 68
90 77 97 77
90 78 97 78
90 93 97 93
90 101 91 104
90 111 101 111
90 156 101 156
90 167 101 167
90 168 99 168
90 190 92 192
90 199 101 199
90 206 98 206
90 207 101 207
90 208 97 208
90 214 94 215
90 227 99 227
90 247 98 247
91 3 101 3
91 4 98 4
91 9 101 9
91 33 98 33
91 38 95 39
91 40 98 40
91 42 99 42
91 54 98 54
91 57 99 57
91 73 99 73
91 74 99 74
91 76 101 76
91 81 96 82
91 89 98 89
91 100 102 100
91 112 98 112
91 117 101 117
91 125 102 125
91 128 99 128
91 141 98 141
91 151 98 151
91 165 102 165
91 166 102 166
91 171 102 171
91 179 102 179
91 180 98 180
91 186 98 186
91 196 93 198
91 200 99 200
91 203 95 204
91 205 100 205
91 231 102 231
92 10 101 10
92 11 102 11
92 34 103 34
92 43 97 44
92 51 99 51
92 64 102 64
92 66 100 66
92 72 100 72
92 79 95 80
92 83 95 84
92 87 101 87
92 95 102 95
92 97 99 97
92 101 103 101
92 102 99 102
92 103 100 103
92 104 96 105
92 118 103 118
92 122 99 122
92 123 100 123
92 135 100 135
92 153 100 153
92 164 99 164
92 181 99 181
92 183 96 184
92 209 101 209
92 218 99 218
92 219 103 219
92 221 101 221
92 244 100 244
92 249 103 249
93 1 100 1
93 15 98 16
93 22 104 22
93 29 104 29
93 30 100 30
93 50 101 50
93 60 100 60
93 65 102 65
93 67 104 67
93 70 104 70
93 75 100 75
93 126 97 127
93 129 97 130
93 134 102 134
93 149 101 149
93 154 102 154
93 174 102 174
93 182 103 182
93 190 97 191
93 192 101 192
93 194 101 194
93 237 103 237
93 240 97 241
93 242 100 242
93 246 104 246
94 8 105 8
94 27 102 27
94 63 105 63
94 86 102 86
94 94 105 94
94 108 96 110
94 113 97 114
94 115 103 115
94 120 97 121
94 147 103 147
94 157 105 157
94 159 105 159
94 176 98 177
94 188 104 188
94 193 103 193
94 196 96 198
94 213 105 213
94 220 105 220
94 223 103 223
94 224 105 224
94 229 103 229
94 233 104 233
95 6 99 7
95 12 102 12
95 20 100 21
95 46 98 47
95 56 103 56
95 61 106 61
95 85 103 85
95 96 106 96
95 98 104 98
95 116 105 116
95 132 99 133
95 137 102 137
95 143 103 143
95 150 106 150
95 158 106 158
95 175 106 175
95 189 102 189
95 195 102 195
95 210 106 210
95 214 102 214
95 215 102 215
95 226 105 226
95 228 103 228
95 235 104 235
95 243 105 243
96 23 104 23
96 36 103 36
96 39 104 39
96 45 103 45
96 48 103 48
96 58 107 58
96 79 99 80
96 83 99 84
96 88 107 88
96 92 104 92
96 107 104 107
96 119 107 119
96 146 105 146
96 160 104 160
96 161 104 161
96 162 105 162
96 169 107 169
96 178 106 178
96 185 106 185
96 203 100 204
96 236 104 236
96 245 106 245
97 2 107 2
97 25 106 25
97 38 108 38
97 53 104 53
97 59 107 59
97 71 108 71
97 81 102 82
97 91 105 91
97 104 99 106
97 108 104 108
97 110 106 110
97 124 108 124
97 140 104 140
97 170 105 170
97 172 105 172
97 183 100 184
97 196 100 197
97 198 108 198
97 230 104 230
97 232 104 232
97 234 104 234
98 5 105 5
98 24 109 24
98 37 108 37
98 43 106 43
98 44 107 44
98 52 107 52
98 69 106 69
98 77 105 77
98 78 109 78
98 93 108 93
98 109 109 109
98 113 102 114
98 120 101 121
98 126 107 126
98 127 107 127
98 129 107 129
98 130 106 130
98 138 106 138
98 142 105 142
98 144 107 144
98 152 108 152
98 190 106 190
98 191 105 191
98 201 107 201
98 202 105 202
98 208 105 208
98 212 105 212
98 216 101 217
98 240 102 241
98 248 108 248
99 4 106 4
99 15 106 15
99 16 110 16
99 26 107 26
99 31 102 32
99 33 106 33
99 35 106 35
99 40 110 40
99 41 107 41
99 46 102 47
99 49 109 49
99 54 109 54
99 55 110 55
99 89 102 90
99 112 110 112
99 141 106 141
99 145 109 145
99 151 106 151
99 163 110 163
99 176 110 176
99 177 110 177
99 180 110 180
99 186 108 186
99 206 108 206
99 222 110 222
99 225 106 225
99 238 102 239
99 247 107 247
100 0 111 0
100 6 103 7
100 13 103 14
100 17 110 17
100 19 107 19
100 28 111 28
100 42 111 42
100 51 108 51
100 57 109 57
100 62 111 62
100 73 107 73
100 74 108 74
100 79 103 80
100 83 110 83
100 84 110 84
100 97 107 97
100 102 108 102
100 104 107 104
100 105 108 105
100 106 109 106
100 122 108 122
100 128 110 128
100 131 102 133
100 136 110 136
100 164 108 164
100 168 107 168
100 173 111 173
100 181 111 181
100 200 109 200
100 211 107 211
100 218 110 218
100 227 108 227
101 1 109 1
101 20 104 21
101 30 108 30
101 60 112 60
101 66 110 66
101 72 108 72
101 75 111 75
101 103 109 103
101 123 108 123
101 135 108 135
101 153 111 153
101 183 105 184
101 187 109 187
101 196 104 197
101 203 110 203
101 204 110 204
101 205 108 205
101 242 111 242
101 244 110 244
102 3 112 3
102 9 105 10
102 50 111 50
102 68 111 68
102 76 113 76
102 87 109 87
102 111 110 111
102 117 112 117
102 120 110 120
102 121 112 121
102 148 105 149
102 155 106 156
102 167 112 167
102 192 109 192
102 194 111 194
102 199 111 199
102 207 109 207
102 209 109 209
102 216 105 217
102 221 113 221
103 11 107 12
103 27 110 27
103 31 113 31
103 32 110 32
103 46 110 46
103 64 114 64
103 65 113 65
103 81 108 82
103 86 110 86
103 89 111 89
103 95 114 95
103 99 107 100
103 113 106 114
103 125 110 125
103 131 111 131
103 132 110 132
103 133 107 134
103 137 111 137
103 154 111 154
103 165 108 166
103 171 111 171
103 174 110 174
103 179 113 179
103 189 111 189
103 195 112 195
103 214 108 215
103 238 104 241
104 6 111 6
104 7 111 7
104 13 111 13
104 14 112 14
104 34 111 34
104 36 115 36
104 45 114 45
104 47 108 48
104 56 111 56
104 79 112 79
104 80 112 80
104 85 114 85
104 101 112 101
104 115 112 115
104 139 115 139
104 143 115 143
104 147 113 147
104 182 111 182
104 193 112 193
104 223 112 223
104 228 111 228
104 229 113 229
104 231 115 231
104 237 112 237
105 18 116 18
105 20 113 20
105 21 112 21
105 22 108 23
105 39 112 39
105 53 112 53
105 92 113 92
105 98 116 98
105 107 116 107
105 108 116 108
105 140 116 140
105 160 109 161
105 188 114 188
105 196 113 196
105 197 112 197
105 219 116 219
105 230 115 230
105 232 106 235
105 236 112 236
105 238 107 240
105 241 112 241
106 5 115 5
106 9 111 10
106 63 115 63
106 67 117 67
106 77 113 77
106 90 109 91
106 94 115 94
106 116 114 116
106 142 114 142
106 146 113 146
106 149 115 149
106 157 113 157
106 162 114 162
106 170 114 170
106 172 116 172
106 183 109 184
106 191 116 191
106 202 114 202
106 208 116 208
106 212 110 213
106 216 111 217
106 220 113 220
106 224 116 224
106 226 113 226
106 243 115 243
106 246 117 246
107 4 115 4
107 15 118 15
107 25 116 25
107 33 114 33
107 35 114 35
107 43 115 43
107 69 110 70
107 96 116 96
107 110 117 110
107 113 110 114
107 118 118 118
107 130 114 130
107 138 115 138
107 141 114 141
107 150 110 151
107 156 114 156
107 158 116 158
107 178 118 178
107 185 115 185
107 190 117 190
107 210 118 210
107 225 114 225
107 232 109 235
107 245 115 245
108 2 116 2
108 11 119 11
108 19 115 19
108 26 116 26
108 41 116 41
108 44 117 44
108 52 116 52
108 58 115 58
108 59 116 59
108 73 116 73
108 88 117 88
108 97 119 97
108 99 112 100
108 104 117 104
108 119 115 119
108 126 113 127
108 129 117 129
108 133 116 133
108 134 118 134
108 144 117 144
108 159 119 159
108 168 116 168
108 169 119 169
108 175 119 175
108 201 118 201
108 211 115 211
108 239 118 239
108 240 119 240
108 247 116 247
108 249 119 249
109 8 120 8
109 22 118 22
109 23 118 23
109 30 118 30
109 37 116 37
109 38 120 38
109 47 116 47
109 48 116 48
109 51 119 51
109 61 120 61
109 71 116 71
109 72 116 72
109 74 119 74
109 81 112 82
109 93 120 93
109 102 117 102
109 105 117 105
109 122 112 123
109 124 116 124
109 135 120 135
109 152 117 152
109 164 111 166
109 186 117 186
109 198 118 198
109 205 117 205
109 206 117 206
109 214 113 215
109 227 117 227
109 238 120 238
109 248 117 248
110 1 118 1
110 24 118 24
110 29 121 29
110 49 121 49
110 54 121 54
110 57 121 57
110 87 117 87
110 91 117 91
110 103 120 103
110 106 119 106
110 145 121 145
110 148 121 148
110 160 119 160
110 161 118 161
110 183 117 183
110 184 121 184
110 187 118 187
110 192 120 192
110 200 117 200
110 207 118 207
110 209 118 209
110 232 112 235
111 17 122 17
111 27 118 27
111 32 122 32
111 40 121 40
111 46 119 46
111 55 121 55
111 66 120 66
111 69 119 69
111 78 122 78
111 83 118 83
111 84 118 84
111 86 120 86
111 111 119 111
111 112 114 113
111 114 122 114
111 120 122 120
111 125 120 125
111 128 122 128
111 132 118 132
111 136 119 136
111 150 114 151
111 155 122 155
111 163 122 163
111 174 118 174
111 176 118 176
111 180 119 180
111 203 114 204
111 212 120 212
111 213 119 213
111 218 122 218
111 222 119 222
111 244 119 244
112 0 120 0
112 6 121 6
112 7 119 7
112 9 115 10
112 13 120 13
112 34 119 34
112 42 120 42
112 50 120 50
112 56 119 56
112 62 123 62
112 68 122 68
112 75 120 75
112 89 120 89
112 131 120 131
112 137 122 137
112 153 116 154
112 164 114 166
112 171 120 171
112 173 120 173
112 181 115 182
112 189 121 189
112 194 123 194
112 199 122 199
112 216 122 216
112 217 123 217
112 228 121 228
112 242 119 242
113 3 120 3
113 14 122 14
113 16 124 16
113 21 121 21
113 39 121 39
113 53 123 53
113 79 114 82
113 99 120 99
113 100 117 101
113 109 124 109
113 115 120 115
113 117 122 117
113 121 115 123
113 167 123 167
113 193 122 193
113 195 123 195
113 197 124 197
113 223 120 223
113 232 121 232
113 233 120 233
113 234 114 237
113 241 122 241
114 20 122 20
114 28 125 28
114 31 122 31
114 65 124 65
114 76 117 77
114 92 123 92
114 126 117 127
114 146 122 146
114 147 122 147
114 157 122 157
114 177 125 177
114 179 124 179
114 196 122 196
114 214 123 214
114 220 118 221
114 226 121 226
114 229 125 229
115 33 122 33
115 35 126 35
115 45 122 45
115 80 119 81
115 82 126 82
115 85 125 85
115 95 123 95
115 112 118 113
115 116 126 116
115 130 125 130
115 141 125 141
115 142 126 142
115 150 118 151
115 156 123 156
115 162 122 162
115 164 122 164
115 165 122 165
115 166 123 166
115 170 126 170
115 188 126 188
115 202 117 204
115 225 126 225
115 234 119 235
115 236 118 237
116 4 121 5
116 9 124 9
116 10 123 10
116 19 124 19
116 36 124 36
116 43 125 43
116 58 124 58
116 63 127 63
116 64 127 64
116 94 123 94
116 119 124 119
116 121 118 123
116 138 123 138
116 139 125 139
116 143 125 143
116 149 126 149
116 181 120 182
116 185 123 185
116 211 123 211
116 215 127 215
116 230 125 230
116 231 123 231
116 243 124 243
116 245 123 245
117 2 124 2
117 18 124 18
117 25 120 26
117 37 125 37
117 41 127 41
117 47 125 47
117 48 126 48
117 52 126 52
117 59 121 60
117 70 119 73
117 96 125 96
117 98 124 98
117 107 120 108
117 124 124 124
117 133 128 133
117 140 124 140
117 153 125 153
117 154 127 154
117 158 126 158
117 168 128 168
117 172 125 172
117 191 124 191
117 208 125 208
117 219 125 219
117 224 124 224
117 247 125 247
118 44 125 44
118 67 126 67
118 76 122 77
118 79 129 79
118 87 121 88
118 90 121 91
118 100 120 102
118 104 121 105
118 110 129 110
118 126 125 126
118 127 125 127
118 129 126 129
118 144 125 144
118 152 125 152
118 183 126 183
118 186 129 186
118 190 128 190
118 200 126 200
118 202 122 203
118 204 121 205
118 206 127 206
118 227 125 227
118 246 129 246
118 248 129 248
119 1 130 1
119 15 128 15
119 22 122 24
119 27 129 27
119 30 130 30
119 83 126 83
119 84 127 84
119 112 122 113
119 118 126 118
119 121 122 122
119 123 127 123
119 132 127 132
119 134 126 134
119 150 127 150
119 151 130 151
119 161 126 161
119 174 129 174
119 176 126 176
119 178 129 178
119 187 127 187
119 198 126 198
119 201 126 201
119 207 128 207
119 209 123 210
119 220 129 220
119 221 126 221
119 236 124 237
119 239 127 239
120 7 128 7
120 11 127 11
120 34 129 34
120 46 127 46
120 51 128 51
120 56 129 56
120 69 123 70
120 71 121 74
120 80 123 81
120 97 128 97
120 106 127 106
120 111 131 111
120 136 127 136
120 159 123 160
120 175 129 175
120 180 130 180
120 213 128 213
120 222 131 222
120 234 124 235
120 242 127 242
120 244 130 244
120 249 127 249
121 0 128 0
121 3 128 3
121 8 132 8
121 12 125 13
121 25 125 26
121 38 128 38
121 42 130 42
121 50 128 50
121 61 130 61
121 66 129 66
121 75 128 75
121 86 130 86
121 89 129 89
121 93 131 93
121 99 122 102
121 103 132 103
121 107 129 107
121 108 130 108
121 115 132 115
121 125 130 125
121 131 129 131
121 135 130 135
121 171 128 171
121 173 130 173
121 181 130 181
121 182 131 182
121 192 131 192
121 212 128 212
121 223 129 223
121 233 131 233
121 238 130 238
121 240 132 240
122 4 130 4
122 5 125 6
122 21 131 21
122 29 130 29
122 39 129 39
122 40 130 40
122 49 129 49
122 54 126 55
122 57 130 57
122 59 129 59
122 60 130 60
122 71 125 72
122 73 125 74
122 87 130 87
122 88 131 88
122 90 125 91
122 104 133 104
122 145 129 145
122 148 130 148
122 189 129 189
122 204 129 204
122 205 133 205
122 226 130 226
122 228 132 228
122 232 131 232
123 14 133 14
123 20 130 20
123 23 128 24
123 31 125 33
123 45 130 45
123 68 134 68
123 76 127 77
123 78 134 78
123 99 132 99
123 100 130 100
123 101 131 101
123 102 133 102
123 112 130 112
123 113 131 113
123 114 131 114
123 117 132 117
123 120 133 120
123 121 127 122
123 137 132 137
123 146 126 147
123 155 131 155
123 157 132 157
123 162 124 165
123 193 130 193
123 196 133 196
123 199 131 199
123 202 126 203
123 216 132 216
123 218 130 218
123 241 132 241
124 10 132 10
124 22 135 22
124 53 135 53
124 62 132 62
124 69 131 69
124 70 133 70
124 80 128 81
124 92 131 92
124 94 128 95
124 128 135 128
124 138 132 138
124 156 135 156
124 159 132 159
124 160 131 160
124 166 128 167
124 169 135 169
124 184 127 185
124 194 127 195
124 209 127 210
124 211 131 211
124 214 131 214
124 217 131 217
124 231 135 231
124 245 135 245
125 2 132 2
125 9 132 9
125 16 132 16
125 17 127 19
125 36 136 36
125 58 134 58
125 65 135 65
125 98 132 98
125 119 135 119
125 124 135 124
125 140 132 140
125 162 127 164
125 165 133 165
125 179 132 179
125 191 132 191
125 197 136 197
125 224 132 224
125 234 128 235
125 236 130 237
125 243 136 243
126 5 134 5
126 12 129 13
126 25 135 25
126 26 133 26
126 28 137 28
126 31 133 31
126 37 135 37
126 43 135 43
126 44 135 44
126 47 136 47
126 71 134 71
126 72 130 73
126 74 135 74
126 85 133 85
126 90 134 90
126 91 134 91
126 96 134 96
126 109 137 109
126 126 129 127
126 130 136 130
126 139 133 139
126 141 134 141
126 143 129 144
126 152 133 152
126 153 136 153
126 172 137 172
126 177 135 177
126 208 136 208
126 219 134 219
126 227 135 227
126 230 137 230
126 247 135 247
127 35 138 35
127 48 134 48
127 52 136 52
127 54 135 54
127 67 134 67
127 82 131 83
127 105 138 105
127 116 137 116
127 118 137 118
127 129 134 129
127 134 136 134
127 142 137 142
127 146 135 146
127 147 136 147
127 149 137 149
127 158 136 158
127 161 134 161
127 170 137 170
127 176 137 176
127 183 134 183
127 188 138 188
127 198 137 198
127 200 130 201
127 202 134 202
127 203 134 203
127 221 134 221
127 225 134 225
127 229 138 229
128 11 135 11
128 17 131 19
128 41 137 41
128 46 137 46
128 55 139 55
128 63 136 63
128 64 138 64
128 76 131 77
128 84 137 84
128 106 135 106
128 121 136 121
128 122 132 123
128 132 135 132
128 136 136 136
128 150 139 150
128 154 136 154
128 162 131 163
128 184 132 185
128 187 135 187
128 195 137 195
128 206 138 206
128 209 132 210
128 215 135 215
128 239 135 239
128 242 138 242
128 249 139 249
129 0 138 0
129 3 136 3
129 6 133 7
129 15 139 15
129 23 137 23
129 32 134 33
129 38 137 38
129 50 133 51
129 75 136 75
129 80 132 81
129 94 140 94
129 95 136 95
129 97 136 97
129 133 138 133
129 164 140 164
129 166 134 167
129 168 138 168
129 171 137 171
129 190 137 190
129 207 140 207
129 212 137 212
129 213 137 213
129 234 132 235
130 12 134 13
130 27 138 27
130 34 139 34
130 39 140 39
130 49 138 49
130 56 137 56
130 59 138 59
130 66 141 66
130 79 140 79
130 89 139 89
130 107 139 107
130 126 138 126
130 131 140 131
130 143 134 144
130 145 139 145
130 174 134 175
130 178 140 178
130 186 138 186
130 189 138 189
130 194 141 194
130 204 141 204
130 220 137 220
130 223 140 223
130 246 138 246
130 248 141 248
131 1 141 1
131 4 138 4
131 20 140 20
131 24 142 24
131 29 134 30
131 40 142 40
131 42 141 42
131 45 140 45
131 57 140 57
131 60 139 60
131 61 139 61
131 72 134 73
131 86 139 86
131 87 142 87
131 100 139 100
131 108 140 108
131 112 141 112
131 125 139 125
131 127 142 127
131 135 138 135
131 148 138 148
131 173 139 173
131 180 134 181
131 193 138 193
131 200 134 201
131 218 138 218
131 226 141 226
131 236 138 236
131 238 142 238
131 244 142 244
132 17 134 19
132 21 142 21
132 69 139 69
132 76 143 76
132 82 137 83
132 88 139 88
132 92 135 93
132 101 139 101
132 113 140 113
132 114 141 114
132 151 143 151
132 155 141 155
132 160 140 160
132 162 141 162
132 163 143 163
132 182 142 182
132 192 140 192
132 199 141 199
132 211 139 211
132 214 141 214
132 217 140 217
132 232 136 233
133 2 141 2
133 8 137 9
133 10 141 10
133 16 140 16
133 62 143 62
133 80 142 80
133 98 137 99
133 103 140 103
133 115 144 115
133 117 142 117
133 122 136 123
133 137 140 137
133 138 142 138
133 140 142 140
133 157 141 157
133 159 143 159
133 179 144 179
133 184 141 184
133 185 143 185
133 191 141 191
133 209 142 209
133 210 142 210
133 216 141 216
133 224 144 224
133 228 140 228
133 234 136 235
133 240 136 241
134 6 143 6
134 7 141 7
134 14 145 14
134 26 143 26
134 31 141 31
134 50 143 50
134 51 141 51
134 70 143 70
134 77 145 77
134 85 142 85
134 102 143 102
134 104 145 104
134 110 139 111
134 120 145 120
134 139 141 139
134 152 144 152
134 165 144 165
134 196 143 196
134 222 145 222
135 5 144 5
135 12 145 12
135 13 146 13
135 17 144 17
135 18 138 19
135 29 138 30
135 48 142 48
135 58 143 58
135 67 145 67
135 68 144 68
135 71 138 72
135 73 143 73
135 78 145 78
135 90 139 91
135 96 146 96
135 129 146 129
135 141 143 141
135 143 139 144
135 161 142 161
135 166 138 167
135 174 139 175
135 180 142 180
135 181 146 181
135 183 142 183
135 200 142 200
135 201 138 202
135 203 143 203
135 205 146 205
135 219 143 219
135 221 146 221
135 225 142 225
136 11 143 11
136 22 145 22
136 25 146 25
136 37 145 37
136 43 139 44
136 53 141 54
136 65 143 65
136 74 143 74
136 92 144 92
136 93 147 93
136 106 143 106
136 119 147 119
136 124 147 124
136 128 143 128
136 132 143 132
136 146 147 146
136 177 147 177
136 187 145 187
136 215 145 215
136 227 143 227
136 239 144 239
136 247 144 247
137 3 147 3
137 36 145 36
137 47 148 47
137 52 146 52
137 63 146 63
137 75 145 75
137 95 144 95
137 97 146 97
137 121 140 122
137 123 145 123
137 130 148 130
137 134 148 134
137 136 147 136
137 147 144 147
137 153 146 153
137 154 146 154
137 158 145 158
137 208 144 208
137 231 138 235
137 240 140 241
138 8 141 9
138 23 148 23
138 32 149 32
138 38 147 38
138 41 149 41
138 46 148 46
138 56 145 56
138 81 140 84
138 98 145 98
138 99 148 99
138 109 147 109
138 116 147 116
138 118 146 118
138 142 149 142
138 149 147 149
138 169 140 171
138 172 148 172
138 176 148 176
138 190 148 190
138 195 148 195
138 197 141 198
138 212 141 213
138 220 145 220
138 230 145 230
138 237 149 237
139 0 148 0
139 4 147 4
139 18 147 18
139 19 146 19
139 27 148 27
139 28 141 30
139 49 147 49
139 59 146 59
139 64 146 64
139 72 146 72
139 105 148 105
139 126 150 126
139 133 147 133
139 135 146 135
139 148 150 148
139 166 142 167
139 168 149 168
139 186 150 186
139 188 147 188
139 189 149 189
139 193 149 193
139 201 147 201
139 202 146 202
139 206 147 206
139 218 147 218
139 229 149 229
139 231 140 234
139 235 144 236
139 242 148 242
139 246 146 246
140 15 147 15
140 33 143 35
140 43 144 44
140 60 143 61
140 69 149 69
140 86 147 86
140 88 142 90
140 100 148 100
140 101 148 101
140 107 147 107
140 125 151 125
140 143 142 145
140 173 147 173
140 175 149 175
140 211 150 211
140 245 151 245
140 249 147 249
141 16 150 16
141 20 152 20
141 39 149 39
141 45 149 45
141 57 148 57
141 79 148 79
141 81 143 84
141 94 149 94
141 103 150 103
141 108 152 108
141 111 152 111
141 113 149 113
141 121 149 121
141 122 150 122
141 131 151 131
141 137 148 137
141 160 149 160
141 169 143 171
141 178 150 178
141 192 148 192
141 217 150 217
141 223 152 223
141 228 149 228
141 231 143 233
141 234 148 234
141 240 144 241
142 1 145 2
142 7 151 7
142 8 145 9
142 10 150 10
142 28 145 30
142 31 150 31
142 42 150 42
142 51 149 51
142 53 144 55
142 66 149 66
142 91 153 91
142 112 150 112
142 114 149 114
142 139 151 139
142 155 145 157
142 162 153 162
142 174 153 174
142 184 149 184
142 191 150 191
142 194 150 194
142 197 144 199
142 212 150 212
142 213 150 213
142 214 149 214
142 216 152 216
142 226 153 226
142 248 150 248
143 21 154 21
143 24 153 24
143 40 153 40
143 48 150 48
143 80 150 80
143 85 151 85
143 87 144 90
143 117 152 117
143 127 153 127
143 138 151 138
143 140 151 140
143 143 146 144
143 145 154 145
143 150 154 150
143 161 150 161
143 164 154 164
143 166 153 166
143 167 150 167
143 180 153 180
143 182 151 182
143 183 150 183
143 200 150 200
143 209 148 210
143 225 150 225
144 6 153 6
144 11 153 11
144 26 151 26
144 33 146 35
144 50 154 50
144 58 152 58
144 60 148 61
144 62 152 62
144 65 152 65
144 70 151 70
144 73 147 74
144 81 146 83
144 84 155 84
144 102 153 102
144 106 151 106
144 128 155 128
144 132 153 132
144 141 155 141
144 151 151 151
144 159 155 159
144 163 151 163
144 171 152 171
144 185 153 185
144 196 151 196
144 203 153 203
144 207 155 207
144 219 155 219
144 227 153 227
144 232 152 232
144 233 155 233
144 238 155 238
145 5 156 5
145 17 153 17
145 43 152 43
145 44 156 44
145 53 147 55
145 68 152 68
145 87 146 90
145 92 153 92
145 95 152 95
145 147 153 147
145 152 154 152
145 165 153 165
145 169 156 169
145 197 150 198
145 204 156 204
145 208 152 208
145 224 155 224
145 235 149 236
145 239 148 240
145 241 152 241
145 247 155 247
146 1 149 2
146 9 155 9
146 12 153 12
146 14 153 14
146 22 153 22
146 28 157 28
146 29 149 30
146 36 154 36
146 37 155 37
146 56 157 56
146 67 156 67
146 71 157 71
146 75 148 77
146 78 157 78
146 98 154 98
146 104 154 104
146 123 157 123
146 155 148 158
146 187 154 187
146 215 155 215
146 220 156 220
146 222 154 222
146 230 150 231
146 243 157 243
147 13 156 13
147 19 156 19
147 25 154 25
147 33 149 35
147 52 155 52
147 59 155 59
147 63 150 64
147 72 155 72
147 81 150 82
147 83 155 83
147 87 154 87
147 88 149 90
147 96 151 97
147 115 158 115
147 118 156 118
147 135 154 135
147 143 151 144
147 153 150 154
147 179 158 179
147 202 157 202
147 221 154 221
147 246 155 246
148 3 151 4
148 8 159 8
148 15 155 15
148 18 159 18
148 38 155 38
148 49 158 49
148 53 150 55
148 73 155 73
148 74 157 74
148 86 159 86
148 93 159 93
148 107 156 107
148 109 157 109
148 110 159 110
148 116 155 116
148 119 156 119
148 120 159 120
148 124 157 124
148 129 159 129
148 133 156 133
148 136 155 136
148 146 155 146
148 149 159 149
148 173 159 173
148 177 158 177
148 188 155 188
148 199 159 199
148 201 155 201
148 205 153 206
148 218 155 218
148 249 159 249
149 0 159 0
149 23 157 23
149 27 158 27
149 46 154 47
149 57 156 57
149 60 152 61
149 75 158 75
149 76 158 76
149 79 157 79
149 99 151 101
149 105 160 105
149 130 157 130
149 134 159 134
149 137 157 137
149 155 157 155
149 156 151 158
149 170 160 170
149 172 157 172
149 176 157 176
149 190 160 190
149 192 158 192
149 195 157 195
149 209 152 210
149 234 156 234
149 239 152 240
149 242 160 242
150 1 157 1
150 2 158 2
150 29 158 29
150 30 157 30
150 32 152 35
150 39 157 39
150 45 157 45
150 51 161 51
150 66 161 66
150 69 159 69
150 88 153 89
150 90 161 90
150 94 157 94
150 113 153 114
150 121 157 121
150 142 157 142
150 160 158 160
150 168 157 168
150 175 157 175
150 184 161 184
150 189 157 189
150 193 158 193
150 214 159 214
150 228 157 228
150 229 158 229
150 235 158 235
150 237 161 237
150 244 161 244
151 10 162 10
151 16 160 16
151 31 158 31
151 41 154 42
151 48 162 48
151 53 160 53
151 54 156 55
151 63 158 63
151 64 159 64
151 80 154 81
151 82 159 82
151 103 159 103
151 112 161 112
151 122 162 122
151 126 161 126
151 148 160 148
151 153 159 153
151 154 162 154
151 161 158 161
151 167 158 167
151 178 159 178
151 183 159 183
151 191 161 191
151 194 158 194
151 197 154 198
151 200 160 200
151 211 153 213
151 217 162 217
151 225 159 225
151 230 154 231
151 236 162 236
151 248 160 248
152 3 159 3
152 4 161 4
152 7 159 7
152 26 160 26
152 70 161 70
152 85 159 85
152 96 155 97
152 99 160 99
152 100 156 101
152 106 163 106
152 125 161 125
152 131 163 131
152 138 159 138
152 139 155 140
152 143 155 144
152 151 159 151
152 156 160 156
152 157 160 157
152 158 159 158
152 163 161 163
152 181 156 182
152 196 160 196
153 32 154 35
153 43 162 43
153 58 164 58
153 60 163 60
153 61 156 62
153 65 164 65
153 68 160 68
153 77 164 77
153 95 162 95
153 108 161 108
153 111 161 111
153 117 160 117
153 171 160 171
153 208 160 208
153 209 157 210
153 216 161 216
153 232 161 232
153 239 155 241
153 245 164 245
154 6 164 6
154 11 158 12
154 14 165 14
154 17 165 17
154 22 161 22
154 24 165 24
154 40 165 40
154 88 163 88
154 91 165 91
154 92 164 92
154 102 161 102
154 113 161 113
154 114 165 114
154 127 161 127
154 132 163 132
154 147 162 147
154 162 161 162
154 165 158 166
154 174 164 174
154 180 163 180
154 185 157 186
154 203 163 203
154 205 157 206
154 211 157 212
154 213 162 213
154 223 165 223
154 226 157 227
155 20 159 21
155 25 163 25
155 32 158 33
155 34 163 34
155 35 159 36
155 41 165 41
155 46 163 46
155 47 163 47
155 50 162 50
155 80 163 80
155 81 164 81
155 87 162 87
155 89 166 89
155 98 162 98
155 104 163 104
155 135 164 135
155 150 164 150
155 152 164 152
155 187 164 187
155 197 163 197
155 221 159 222
155 230 162 230
155 231 165 231
156 9 163 9
156 15 167 15
156 37 160 38
156 52 166 52
156 59 163 59
156 72 163 72
156 73 167 73
156 83 160 84
156 96 166 96
156 97 163 97
156 116 164 116
156 128 164 128
156 136 164 136
156 139 160 140
156 143 164 143
156 144 166 144
156 145 160 146
156 159 166 159
156 188 164 188
156 201 167 201
156 207 165 207
156 215 163 215
156 218 163 218
156 219 163 219
156 224 165 224
156 233 164 233
156 238 160 239
156 240 159 241
156 246 163 246
156 247 167 247
157 5 168 5
157 13 168 13
157 19 164 19
157 44 164 44
157 54 160 55
157 57 164 57
157 61 161 62
157 67 168 67
157 100 164 100
157 101 164 101
157 107 164 107
157 118 160 119
157 133 167 133
157 169 168 169
157 181 164 181
157 182 164 182
157 204 166 204
157 220 165 220
157 234 164 234
158 1 165 1
158 23 165 23
158 30 165 30
158 39 166 39
158 45 167 45
158 56 166 56
158 71 167 71
158 74 165 74
158 78 163 79
158 94 165 94
158 109 169 109
158 121 167 121
158 123 162 124
158 130 165 130
158 137 167 137
158 141 162 142
158 155 166 155
158 168 167 168
158 172 169 172
158 175 162 176
158 185 165 185
158 189 165 189
158 195 166 195
158 202 168 202
158 205 161 206
158 209 160 212
158 226 166 226
158 227 161 228
158 243 167 243
159 2 168 2
159 11 162 12
159 27 166 27
159 28 164 29
159 31 162 33
159 49 168 49
159 63 166 63
159 75 166 75
159 76 170 76
159 115 169 115
159 160 162 161
159 164 161 167
159 177 166 177
159 179 166 179
159 186 170 186
159 192 170 192
159 193 162 194
159 229 167 229
159 235 167 235
160 0 171 0
160 3 170 3
160 7 168 7
160 8 169 8
160 20 164 21
160 35 165 36
160 42 171 42
160 64 171 64
160 69 168 69
160 82 170 82
160 85 167 85
160 93 170 93
160 103 168 103
160 110 170 110
160 120 169 120
160 129 171 129
160 134 168 134
160 138 171 138
160 151 168 151
160 153 169 153
160 158 170 158
160 178 168 178
160 183 168 183
160 198 164 199
160 214 167 214
160 221 163 222
160 225 171 225
160 240 164 241
160 249 167 249
161 16 168 16
161 18 172 18
161 26 171 26
161 37 172 37
161 38 168 38
161 53 164 54
161 55 169 55
161 68 172 68
161 83 164 84
161 99 168 99
161 105 170 105
161 117 168 117
161 118 171 118
161 119 169 119
161 139 171 139
161 145 168 145
161 146 168 146
161 148 171 148
161 149 172 149
161 156 165 157
161 170 172 170
161 171 172 171
161 190 169 190
161 196 171 196
161 200 172 200
161 208 163 211
161 238 168 238
161 239 171 239
161 242 168 242
161 248 169 248
162 4 172 4
162 22 169 22
162 51 170 51
162 61 166 62
162 66 169 66
162 70 173 70
162 86 173 86
162 90 173 90
162 102 172 102
162 108 171 108
162 111 166 112
162 113 170 113
162 125 164 127
162 162 169 162
162 163 163 166
162 167 169 167
162 191 169 191
162 205 169 205
162 206 173 206
162 216 172 216
162 227 165 228
162 232 171 232
162 237 172 237
162 244 169 244
163 10 167 11
163 12 170 12
163 31 167 32
163 43 174 43
163 48 174 48
163 50 170 50
163 87 173 87
163 95 171 95
163 98 174 98
163 122 165 124
163 140 165 142
163 147 172 147
163 160 166 161
163 175 167 176
163 184 174 184
163 193 171 193
163 194 170 194
163 213 170 213
163 217 170 217
163 230 170 230
163 236 170 236
164 9 171 9
164 25 175 25
164 33 169 34
164 46 173 46
164 47 171 47
164 59 169 60
164 72 172 72
164 78 167 79
164 80 173 80
164 88 173 88
164 97 172 97
164 104 171 104
164 106 175 106
164 131 168 132
164 163 168 164
164 165 168 166
164 180 175 180
164 197 175 197
164 203 175 203
164 208 165 212
164 215 173 215
164 218 167 219
164 221 171 221
164 222 173 222
164 246 171 246
165 6 176 6
165 19 167 21
165 28 173 28
165 29 176 29
165 44 175 44
165 53 172 53
165 54 175 54
165 57 169 58
165 77 174 77
165 81 174 81
165 83 168 84
165 92 173 92
165 100 169 101
165 107 173 107
165 116 174 116
165 125 169 126
165 127 172 127
165 128 174 128
165 135 172 135
165 136 176 136
165 143 174 143
165 150 175 150
165 152 176 152
165 173 169 174
165 181 170 182
165 187 172 187
165 188 175 188
165 198 170 199
165 233 170 234
165 240 173 240
165 241 176 241
165 245 174 245
166 1 177 1
166 23 169 24
166 30 173 30
166 35 169 36
166 40 174 40
166 41 177 41
166 74 177 74
166 91 174 91
166 94 176 94
166 114 174 114
166 122 169 124
166 130 174 130
166 141 174 141
166 142 176 142
166 156 169 157
166 185 174 185
166 189 175 189
166 207 170 208
166 209 174 209
166 210 174 210
166 211 174 211
166 212 177 212
166 220 173 220
166 223 176 223
166 224 175 224
166 227 169 228
166 231 174 231
167 27 175 27
167 39 178 39
167 52 178 52
167 56 175 56
167 61 170 62
167 63 178 63
167 75 178 75
167 89 174 89
167 96 174 96
167 111 170 112
167 144 177 144
167 155 174 155
167 159 170 160
167 161 177 161
167 177 175 177
167 179 175 179
167 195 177 195
167 204 175 204
167 226 176 226
168 10 177 10
168 11 176 11
168 15 176 15
168 19 170 21
168 31 171 32
168 45 179 45
168 71 176 71
168 73 175 73
168 78 176 78
168 79 177 79
168 85 176 85
168 121 178 121
168 133 179 133
168 137 175 137
168 168 178 168
168 175 175 175
168 176 175 176
168 201 177 201
168 214 177 214
168 218 172 219
168 229 175 229
168 235 175 235
168 243 176 243
168 249 178 249
169 2 180 2
169 5 180 5
169 7 177 7
169 13 177 13
169 16 172 17
169 38 176 38
169 49 177 49
169 69 178 69
169 83 173 84
169 99 177 99
169 103 176 103
169 117 180 117
169 131 173 132
169 134 177 134
169 145 172 146
169 151 176 151
169 163 171 165
169 166 178 166
169 178 179 178
169 183 177 183
169 202 177 202
169 238 176 238
169 242 176 242
169 247 180 247
170 8 177 8
170 22 172 24
170 33 172 36
170 55 177 55
170 57 174 58
170 59 177 59
170 60 178 60
170 65 173 66
170 100 173 101
170 115 177 115
170 119 174 120
170 122 173 123
170 124 174 125
170 126 177 126
170 153 174 154
170 156 177 156
170 157 177 157
170 162 177 162
170 167 178 167
170 169 181 169
170 172 174 173
170 190 174 191
170 205 178 205
170 227 173 228
170 244 180 244
170 248 178 248
171 3 179 3
171 12 181 12
171 14 182 14
171 19 179 19
171 20 176 21
171 50 174 51
171 61 178 61
171 62 180 62
171 76 179 76
171 82 179 82
171 93 178 93
171 105 182 105
171 109 172 113
171 158 174 160
171 174 182 174
171 181 179 181
171 182 178 182
171 186 178 186
171 194 182 194
171 198 175 199
171 207 175 208
171 213 180 213
171 217 180 217
171 230 178 230
171 233 178 233
171 234 178 234
171 236 180 236
172 0 180 0
172 9 181 9
172 26 183 26
172 31 175 32
172 42 179 42
172 47 183 47
172 64 179 64
172 95 182 95
172 104 180 104
172 108 183 108
172 118 182 118
172 129 181 129
172 138 180 138
172 139 179 139
172 148 182 148
172 163 176 164
172 165 179 165
172 192 177 193
172 196 180 196
172 221 181 221
172 232 179 232
172 239 183 239
172 246 181 246
173 4 181 4
173 16 176 17
173 18 181 18
173 22 175 24
173 33 175 35
173 36 176 37
173 53 183 53
173 67 178 68
173 72 184 72
173 97 180 97
173 102 184 102
173 109 175 111
173 112 177 113
173 127 180 127
173 135 180 135
173 145 182 145
173 146 180 146
173 147 180 147
173 149 183 149
173 170 178 171
173 187 184 187
173 200 180 200
173 216 180 216
173 218 184 218
173 219 181 219
173 237 184 237
174 28 185 28
174 30 181 30
174 46 184 46
174 65 177 66
174 70 184 70
174 80 183 80
174 83 181 83
174 86 176 88
174 90 181 90
174 92 182 92
174 100 181 100
174 101 181 101
174 107 185 107
174 122 177 123
174 131 183 131
174 206 184 206
174 215 181 215
174 220 181 220
174 222 185 222
174 227 179 228
174 240 181 240
175 40 183 40
175 43 184 43
175 50 179 51
175 57 178 58
175 77 186 77
175 81 183 81
175 89 182 89
175 91 185 91
175 96 182 96
175 98 184 98
175 114 182 114
175 116 182 116
175 119 179 120
175 124 179 125
175 128 182 128
175 130 182 130
175 141 186 141
175 143 185 143
175 153 178 155
175 158 178 159
175 160 186 160
175 172 184 172
175 173 182 173
175 184 179 185
175 190 179 191
175 209 182 209
175 210 180 211
175 231 183 231
175 245 185 245
176 22 178 25
176 27 183 27
176 31 179 32
176 33 186 33
176 34 180 35
176 44 184 44
176 48 187 48
176 54 184 54
176 56 183 56
176 73 184 73
176 106 184 106
176 109 187 109
176 110 185 110
176 111 187 111
176 137 187 137
176 150 185 150
176 175 179 176
176 177 186 177
176 179 183 179
176 180 184 180
176 188 187 188
176 189 185 189
176 197 178 199
176 203 181 204
176 207 179 208
176 224 184 224
176 229 187 229
176 235 184 235
177 6 185 6
177 11 184 11
177 15 184 15
177 16 184 16
177 20 180 21
177 36 179 38
177 71 185 71
177 78 186 78
177 84 180 85
177 86 185 86
177 87 182 88
177 94 187 94
177 103 186 103
177 136 188 136
177 142 184 142
177 151 184 151
177 152 186 152
177 163 185 163
177 164 184 164
177 223 185 223
177 225 182 226
177 238 188 238
177 241 180 242
177 243 185 243
178 1 189 1
178 7 181 8
178 10 185 10
178 13 186 13
178 29 189 29
178 41 187 41
178 49 188 49
178 55 186 55
178 59 189 59
178 65 182 66
178 74 189 74
178 79 186 79
178 99 189 99
178 112 182 113
178 115 186 115
178 122 181 123
178 126 185 126
178 134 186 134
178 144 186 144
178 156 186 156
178 157 186 157
178 161 183 162
178 183 185 183
178 192 182 193
178 195 185 195
178 201 186 201
178 202 187 202
178 212 186 212
178 214 187 214
179 22 181 25
179 39 186 39
179 52 190 52
179 57 186 57
179 58 187 58
179 60 182 61
179 63 186 63
179 67 182 68
179 69 190 69
179 75 187 75
179 93 189 93
179 121 188 121
179 153 189 153
179 154 187 154
179 158 183 159
179 166 188 166
179 167 182 168
179 170 184 171
179 182 188 182
179 186 186 186
179 197 183 198
179 199 190 199
179 205 187 205
179 230 186 230
179 233 187 233
179 234 186 234
179 248 182 249
180 3 188 3
180 17 191 17
180 19 188 19
180 31 187 31
180 32 191 32
180 36 182 38
180 42 187 42
180 45 189 45
180 50 188 50
180 64 189 64
180 76 190 76
180 82 187 82
180 119 188 119
180 120 187 120
180 124 188 124
180 125 187 125
180 139 187 139
180 155 191 155
180 165 191 165
180 176 191 176
180 178 191 178
180 181 190 181
180 184 183 185
180 190 191 190
180 191 191 191
180 207 188 207
180 208 189 208
180 227 191 227
180 228 191 228
180 232 188 232
181 0 191 0
181 5 192 5
181 20 189 20
181 34 189 34
181 35 192 35
181 51 192 51
181 62 191 62
181 84 185 85
181 97 188 97
181 104 192 104
181 117 192 117
181 127 192 127
181 135 191 135
181 138 191 138
181 140 192 140
181 146 184 147
181 196 188 196
181 200 188 200
181 210 188 210
181 211 192 211
181 213 190 213
181 216 188 216
181 217 191 217
181 236 192 236
181 241 185 242
181 244 192 244
181 247 189 247
182 4 189 4
182 7 186 8
182 9 191 9
182 12 193 12
182 18 191 18
182 21 183 25
182 30 189 30
182 83 193 83
182 90 193 90
182 100 186 101
182 122 190 122
182 123 193 123
182 129 193 129
182 169 193 169
182 175 193 175
182 203 185 204
182 215 193 215
182 219 185 220
182 221 191 221
182 240 191 240
182 246 189 246
183 14 193 14
183 36 186 38
183 60 194 60
183 61 194 61
183 65 186 67
183 87 186 89
183 92 194 92
183 95 194 95
183 96 194 96
183 105 192 105
183 112 185 114
183 116 190 116
183 118 194 118
183 128 193 128
183 130 193 130
183 132 194 132
183 145 190 145
183 148 194 148
183 167 188 168
183 173 187 174
183 192 194 192
183 193 186 194
183 209 194 209
183 248 192 248
183 249 192 249
184 21 186 24
184 25 195 25
184 26 188 27
184 40 194 40
184 53 195 53
184 56 195 56
184 80 188 81
184 108 195 108
184 131 194 131
184 133 195 133
184 149 195 149
184 158 194 158
184 159 194 159
184 161 187 162
184 179 193 179
184 184 192 184
184 185 192 185
184 197 187 198
184 231 195 231
184 239 191 239
185 11 195 11
185 15 193 15
185 16 196 16
185 43 188 44
185 46 188 47
185 54 195 54
185 70 196 70
185 72 190 73
185 98 196 98
185 102 196 102
185 106 192 106
185 142 193 142
185 146 189 147
185 151 196 151
185 164 192 164
185 170 193 170
185 171 196 171
185 172 196 172
185 180 193 180
185 187 196 187
185 206 196 206
185 224 196 224
185 225 196 225
185 226 196 226
185 235 196 235
185 237 196 237
186 6 193 6
186 10 197 10
186 28 197 28
186 71 197 71
186 84 188 86
186 91 193 91
186 107 195 107
186 110 197 110
186 112 188 114
186 126 193 126
186 143 193 143
186 150 197 150
186 163 195 163
186 183 196 183
186 189 197 189
186 195 193 195
186 203 189 204
186 218 188 220
186 222 189 223
186 241 194 241
186 242 190 243
186 245 197 245
187 7 196 7
187 13 195 13
187 21 188 24
187 33 198 33
187 36 188 39
187 55 198 55
187 57 198 57
187 63 198 63
187 65 188 68
187 77 198 77
187 78 190 79
187 87 198 87
187 88 198 88
187 89 198 89
187 100 191 101
187 103 198 103
187 115 196 115
187 134 198 134
187 144 198 144
187 152 198 152
187 156 190 157
187 177 198 177
187 186 196 186
187 193 198 193
187 201 197 201
187 212 198 212
187 230 198 230
187 234 196 234
188 2 199 2
188 31 199 31
188 41 191 42
188 48 197 48
188 58 199 58
188 75 199 75
188 82 199 82
188 94 198 94
188 109 198 109
188 120 199 120
188 125 197 125
188 137 199 137
188 139 199 139
188 154 196 154
188 160 190 162
188 173 199 173
188 174 199 174
188 188 198 188
188 197 192 198
188 202 197 202
188 205 197 205
188 214 199 214
188 233 196 233
189 3 199 3
189 19 199 19
189 21 191 24
189 26 192 27
189 37 197 37
189 38 194 39
189 43 193 44
189 46 197 46
189 47 197 47
189 49 193 50
189 65 192 67
189 80 199 80
189 81 199 81
189 84 193 85
189 86 198 86
189 97 197 97
189 111 193 112
189 113 196 113
189 119 199 119
189 121 199 121
189 124 199 124
189 166 192 168
189 182 196 182
189 196 197 196
189 200 197 200
189 207 199 207
189 210 196 210
189 216 199 216
189 218 191 220
189 232 199 232
190 4 199 4
190 20 199 20
190 29 199 29
190 30 199 30
190 34 199 34
190 45 197 45
190 64 199 64
190 93 198 93
190 146 193 147
190 153 199 153
190 203 197 203
190 204 197 204
190 208 199 208
190 222 193 223
190 246 199 246
190 247 199 247
191 52 199 52
191 68 195 69
191 72 199 72
191 73 199 73
191 76 199 76
191 78 199 78
191 79 199 79
191 116 199 116
191 122 199 122
191 145 199 145
191 156 196 157
191 160 193 162
191 181 199 181
191 213 199 213
191 242 199 242
192 0 197 1
192 8 196 9
192 17 197 18
192 21 194 24
192 32 199 32
192 42 199 42
192 62 199 62
192 100 197 101
192 135 197 136
192 138 199 138
192 178 199 178
192 190 197 191
192 217 197 218
192 219 194 221
192 227 194 229
192 238 194 240
193 26 198 27
193 35 198 36
193 65 198 66
193 104 195 106
193 140 198 141
193 164 195 166
193 167 198 168
193 184 196 185
193 197 197 198
193 248 198 249
194 5 199 6
194 14 199 15
194 43 197 44
194 49 197 51
194 84 199 85
194 90 198 91
194 111 198 112
194 126 195 130
194 142 199 143
194 146 199 147
194 160 199 161
194 169 198 170
194 175 199 176
194 179 199 180
194 194 197 195
194 222 199 223
194 243 199 244
195 21 199 22
195 23 199 24
195 38 197 41
195 59 198 61
195 95 199 96
195 131 199 132
195 158 199 159
195 219 197 221
195 227 197 229
195 238 196 241
196 11 199 13
196 53 199 54
196 67 199 69
196 104 198 107
196 126 197 130
196 148 199 149
196 162 198 165
197 7 199 9
197 113 199 115
197 154 199 157
197 182 198 187
197 209 199 211
197 233 199 235
197 236 198 241
198 37 199 41
198 43 198 51
198 97 199 101
198 125 199 130
198 194 198 201
198 202 199 206
198 217 199 221
198 224 199 229
199 86 199 94
199 102 199 112
199 162 199 172
199 186 199 197
