79
MarsUltrav8
PhilippI SergeyU SusanQ PhilippP SergeyT BenjaminT RuthX PetarF MatasW
StreamXv6
BenjaminO JenK SergeyN ClementM FionaJ
GlassOSLitev9
ClementT BakhodirG SundarA PhilippK HiroshiF PhilippH
DuoZv2
PhilippY SundarP FionaF
MarsLitev5
BakhodirD TatiyanaC
DaydreamLitev7
BakhodirW
StreamXv9
LarryO
CastOSProv6
BakhodirD
MarsXv1
PrabhakarR FionaJ MichalB MichalP
GmailLitev9
PhilippP BakhodirG ThomasK StefanQ PetarF MatasW LarryX HiroshiF BakhodirA SergeyN
SlidesNextv2
JenZ PhilippH
SitesSv1
SergeyU ClementL
ClassroomMaxv2
TatiyanaC SusanQ
FuchsiaXv6
SundarL SundarA
ShoppingProv8
FionaN PhilippI
ResearchXv8
SundarP ClementM SundarH MatasC ClementE
GameProv3
PhilippY
MapsProv8
HiroshiW SergeyT BakhodirD
StreetViewXv1
TatiyanaC JenK FionaF
GameLitev8
PhilippP PhilippK MatasW SergeyN
GameProv6
LarryO SusanQ StefanQ
BuildMaxv1
MichalB RuthX NellyY BakhodirG SergeyV
DocsNextv2
SundarP MatasC ClementL
ConnectLitev9
SundarA
ChromeNextv7
BakhodirA BakhodirD PhilippY
AndroidAutoZv2
PhilippH JenK PhilippI LarryX SergeyU
FeedBurnerMaxv3
TatiyanaC LarryO
SmartSv2
FionaF SundarH PhilippK BenjaminT FionaN
GlassOSSv3
MatasW JenZ
WebserverProv6
PhilippP
ExploreUltrav8
BakhodirD ClementM BakhodirA HiroshiF FionaJ SusanQ ClementE
CastOSXv6
LarryO SundarP PetarF BakhodirG StefanQ ClementL SundarA
AssistantUltrav2
MatasC SergeyU SergeyT MichalP BakhodirW PhilippP
FuchsiaLitev6
PhilippY BenjaminT ThomasK ClementT SundarH PhilippI SergeyV
CollectionsNextv1
TatiyanaC SergeyN MatasW FionaF
StreetViewNextv3
SusanQ PhilippH JenZ
ReleaseUltrav1
FionaJ BakhodirD
AndroidTVMaxv5
HiroshiF SundarP PhilippK
KeepXv5
PhilippP PrabhakarR MichalP
WearOSLitev5
NellyY BakhodirD TatiyanaC JenK PhilippI
ChatXv5
SergeyN PhilippK MichalB LarryO HiroshiF SundarP BenjaminT SergeyU StefanQ BenjaminO
BloggerNextv8
PhilippP ClementE MatasW SundarL
ShortsNextv7
FionaF PhilippY PrabhakarR
PhotoProv3
SergeyT HiroshiF BakhodirD SusanQ MichalP SergeyV SergeyU
DuoZv4
ThomasK SundarP LarryX ClementT PhilippK RuthX ThomasM
StadiaZv1
TatiyanaC ClementM BenjaminT PhilippP
CollectionsZv7
HiroshiW SundarL BakhodirD PhilippI SundarA SergeyN FionaJ
FeedBurnerMaxv1
MichalB ThomasK ClementL HiroshiF
VoiceProv8
MatasW ClementE MatasC ClementM TatiyanaC
SmartLitev9
JenZ ThomasK PhilippP
AlertsLitev7
SergeyN PrabhakarR SergeyT BenjaminT
ChromeOSUltrav5
HiroshiB PhilippH SergeyU HiroshiW PhilippK ClementL
CastOSLitev5
BakhodirD StefanQ ClementM BakhodirG
DreamSv2
SusanQ PhilippP FionaF PetarF PhilippI MatasW
SitesUltrav5
SergeyU PhilippI MatasW TatiyanaC BakhodirD StefanQ PhilippY SundarP
VideoUltrav1
JenZ PhilippP ClementM ClementT SundarH SundarA MichalB BakhodirG
CalendarNextv8
BakhodirA MichalB
MapsSv7
SundarA PhilippK FionaF LarryO ClementM ThomasK MatasW LarryX ClementE BakhodirD
ChatSv4
TatiyanaC BakhodirG PhilippP JenZ
BuildLitev6
PetarF TatiyanaC JenK PhilippI MichalB NellyY SergeyU FionaN PhilippK PhilippH
LoggingLitev6
ClementM ClementL SergeyN LarryO FionaF SundarH ClementE HiroshiF SundarP SusanQ
ChromeOSLitev3
PhilippP HiroshiW PhilippY
MoonMaxv4
MichalP HiroshiW FionaF SundarA BenjaminO ThomasM StefanQ ThomasK HiroshiF BakhodirD
CultureProv7
MatasW TatiyanaC PhilippY SergeyU ClementT ThomasM SundarH ClementE
DataZv2
SusanQ ThomasM ClementM FionaF SergeyT PhilippH SergeyN StefanQ
StreetViewProv9
SundarA JenK ClementE MatasW HiroshiB PhilippK NellyY PetarF
MapsUltrav3
TatiyanaC HiroshiW PhilippP
StreetViewUltrav4
HiroshiW SergeyU JenZ
DuoMaxv1
FionaJ NellyY PhilippI PhilippP ClementL
PhoneUltrav1
BakhodirW LarryO ThomasM BenjaminO StefanQ
StadiaZv2
BakhodirG JenZ MichalP FionaF ThomasK MatasH
GmailSv4
PetarF NellyY
SantaTrackerXv4
HiroshiW ThomasM ClementE BakhodirG ClementL FionaJ SergeyU PhilippH SusanQ MichalP
CastOSNextv8
LarryO BakhodirD ClementM BakhodirA ThomasM BenjaminO NellyY TatiyanaC
WebserverProv4
HiroshiF MichalZ PhilippP PhilippI PhilippH ClementE SergeyU MatasW PhilippY
WearOSProv2
FionaN NellyY SergeyV PhilippY ClementT ThomasM MatasW PhilippH StefanQ
AndroidTVNextv1
MatasC MichalZ SergeyV LarryO PhilippP ThomasM SergeyU BakhodirA
SearchNextv1
SergeyV ThomasM MichalB SundarP ThomasK
SkyLitev6
TatiyanaC ThomasM PhilippI
