86
StreamZv6
c962 c165 c1459 c1425 c1097 c1006 c1271 c83 c26 c601 c997 c1152 c365 c1090 c1034 c1353 c108 c1496 c68 c468 c629 c1106 c394 c437 c980 c199 c818 c689 c1437 c1037 c1128 c377 c675 c310 c687 c653 c366 c107 c373 c560 c1412 c800 c824 c663 c694 c1240 c269 c420 c887 c1462 c880 c1485 c780 c1274
ImagesNextv7
c920 c1017 c1036 c575 c154 c1063 c392 c794 c385 c447 c1167 c81 c103 c216 c573 c1420 c618 c298 c1053 c238 c1344 c1086 c1200 c142 c1480 c94 c856 c10 c620 c607 c580 c237 c197 c1193 c1292 c1133 c344 c1377 c316 c433 c1229 c1145 c859 c201 c290 c254 c1317 c542 c343 c711 c426 c1360 c772 c1484 c759 c220 c840
ChromecastNextv4
c913 c456 c1416 c1085 c8 c1237 c281 c1457 c92 c652 c192 c611 c792 c353 c544 c1012 c868 c147 c179 c1291 c746 c7 c1497 c391 c860 c683 c372 c714 c51 c375 c348 c581 c984 c933 c871 c95 c47 c891 c587 c82 c676 c1232 c1194 c49 c566 c943 c467 c152 c827 c212 c393 c286 c1421 c1248 c260 c1087 c266 c461 c1115
StreamXv2
c1287 c1331 c1320 c1281 c628 c583 c797 c150 c882 c865 c245 c1230 c1409 c1148 c512 c429 c805 c656 c846 c967 c449 c350 c941 c367 c299 c195 c894 c596 c1066 c65 c1381 c333 c1340 c170 c1132 c93 c288 c569 c838 c214 c198 c1079 c742 c272 c40 c634 c251 c0 c186 c584 c755 c541 c33 c263 c664 c1246 c381 c508 c959
DaydreamZv6
c586 c1463 c331 c149 c1244 c1466 c312 c409 c117 c988 c424 c974 c1352 c830 c1388 c550 c864 c919 c1306 c1418 c955 c737 c227 c1413 c568 c246 c898 c693 c172 c60 c621 c285 c1365 c1311 c906 c638 c713 c89 c339 c756 c1430 c280 c903 c289 c929 c1166 c1269 c1310 c1225 c874 c1175 c1211 c1181 c524 c106 c181 c1444
DrawingsLitev8
c1228 c617 c287 c748 c80 c1432 c109 c362 c1057 c1005 c1448 c1476 c1182 c267 c1026 c327 c650 c224 c1332 c1069 c252 c1366 c639 c72 c136 c726 c144 c1146 c1137 c1394 c867 c1111 c302 c99 c222 c1256 c886 c262 c469 c498 c303 c781 c414 c1234 c1285 c15 c1464 c922 c1008 c1373 c1162 c1499 c1058 c5
BooksUltrav6
c801 c139 c1404 c802 c363 c239 c1410 c1215 c452 c483 c1207 c1105 c161 c1169 c230 c256 c600 c347 c204 c453 c472 c811 c1262 c1347 c346 c427 c1374 c771 c1491 c1378 c481 c752 c1260 c1209 c674 c1195 c1277 c995 c991 c1357 c850 c981 c1242 c999 c918 c1279 c23 c1382 c318 c1465 c702 c635 c914 c1189 c718 c594
SlidesXv7
c1061 c608 c313 c19 c240 c1389 c934 c1423 c307 c1300 c688 c1095 c1297 c551 c1273 c896 c274 c884 c935 c667 c685 c309 c1114 c1251 c505 c749 c1428 c603 c839 c1084 c69 c503 c440 c374 c352 c657 c951 c1220 c1315 c119 c672 c118 c578 c1261 c1158 c1469 c322 c1 c1259 c1164 c1327 c383 c1187 c911
ShoppingProv1
c1124 c1433 c1278 c707 c716 c1183 c1197 c924 c1434 c660 c876 c904 c889 c226 c1439 c831 c1426 c265 c132 c24 c332 c178 c761 c1333 c1417 c743 c458 c1239 c1369 c173 c1020 c1231 c798 c1025 c1460 c858 c956 c1142 c496 c1122 c1295 c561 c739 c1294 c164 c1226 c1293 c750 c623 c977 c370 c937
DaydreamProv6
c337 c273 c971 c507 c557 c1354 c619 c300 c1171 c395 c1427 c753 c989 c572 c1221 c844 c39 c387 c209 c1045 c590 c899 c766 c378 c471 c1161 c1338 c462 c678 c679 c686 c1379 c1345 c168 c630 c1397 c1318 c489 c892 c857 c605 c912 c901 c1266 c1125 c1314 c516 c418 c1039 c795 c1304 c757 c866 c1117 c940 c808 c66 c640
SitesUltrav3
c329 c403 c1184 c1014 c1252 c87 c1319 c218 c562 c719 c673 c490 c114 c661 c169 c786 c976 c45 c445 c809 c444 c470 c1487 c247 c644 c1326 c35 c1107 c763 c915 c248 c517 c1134 c570 c278 c1192 c852 c1321 c1351 c810 c806 c1222 c223 c519 c993 c604 c547
DataSv1
c1284 c666 c668 c358 c43 c258 c259 c284 c654 c1044 c1056 c723 c948 c146 c113 c402 c477 c1055 c1153 c406 c513 c208 c345 c96 c20 c473 c796 c1368 c1047 c160 c1202 c1212 c592 c647 c1051 c320 c643 c110 c563 c1217 c264 c525 c188 c1001 c725
ChatLitev7
c57 c680 c787 c18 c534 c1431 c1018 c853 c616 c1299 c1474 c855 c1092 c910 c546 c1070 c137 c610 c361 c206 c190 c1415 c734 c379 c434 c354 c1113 c28 c32 c727 c466 c529 c1011 c1098 c1112 c642 c1074 c436 c74 c1309 c441 c143 c767 c1391 c1329 c1264 c412 c1414 c1104 c1363 c829
FlightsNextv3
c1328 c67 c176 c1481 c950 c497 c1046 c881 c1157 c52 c907 c141 c1204 c425 c133 c30 c1165 c432 c1362 c405 c301 c479 c464 c602 c41 c417 c85 c703 c789 c180 c86 c465 c295 c1275 c625 c1223 c1099 c1168 c279 c813 c231 c1179 c194 c588 c384 c12 c819 c419 c1206 c1238 c217 c1138 c964
VoiceXv4
c1399 c1144 c1454 c495 c1376 c1449 c1390 c250 c1370 c1013 c1398 c784 c1089 c1131 c29 c861 c22 c536 c234 c518 c1163 c609 c1172 c555 c334 c124 c293 c157 c744 c1346 c1151 c627 c255 c548 c1441 c574 c960 c1305 c163 c1096 c415 c389 c928 c833 c1361
DatabaseUltrav7
c1342 c134 c1479 c593 c97 c448 c1276 c368 c428 c923 c16 c1080 c817 c1348 c823 c1150 c1028 c1060 c1258 c585 c701 c61 c151 c682 c1052 c669 c460 c400 c785 c1116 c773 c454 c1392 c257 c494 c148 c579 c677 c422 c947 c159 c973 c11 c111 c330 c631 c535 c244 c182 c50 c816 c1023 c70 c559 c530 c717
MapsZv4
c1298 c1019 c1282 c211 c706 c356 c996 c58 c431 c407 c175 c732 c926 c612 c576 c1272 c1083 c457 c121 c174 c1371 c98 c1472 c1038 c304 c351 c1218 c62 c232 c1330 c528 c233 c167 c897 c885 c820 c1149 c835 c854
ConnectNextv4
c1120 c733 c1176 c769 c27 c970 c1002 c153 c545 c972 c633 c79 c812 c369 c42 c582 c992 c138 c459 c319 c1213 c589 c637 c1265 c728 c1160 c843 c927 c1384 c1208 c203 c509 c282 c1078 c1429 c994 c691 c961 c554 c651
ImagesZv5
c777 c91 c828 c127 c413 c875 c357 c364 c1255 c261 c1477 c1214 c1280 c1093 c681 c1196 c556 c492 c1334 c1123 c1250 c296 c183 c401 c1408 c1451 c1031 c308 c54 c938 c1443 c191 c917 c1308 c836 c9 c1075 c1267 c1199 c13 c671 c6 c46 c888 c1024 c1456 c360 c946 c88 c710 c455 c863 c709 c271 c1400
FlightsUltrav5
c493 c826 c930 c825 c207 c193 c957 c982 c1067 c1139 c486 c1059 c1040 c478 c774 c1257 c883 c1076 c105 c270 c1004 c484 c692 c101 c380 c873 c944 c1143 c443 c622 c189 c765 c435 c1364 c543 c1350 c499
NewsZv4
c1405 c598 c1027 c317 c1241 c760 c1102 c905 c268 c131 c1424 c202 c321 c1068 c659 c397 c1010 c135 c532 c921 c1446 c336 c56 c953 c129 c126 c355 c221 c323 c1064 c1198 c324 c705 c745 c848 c834 c1482 c698 c936 c1065 c966 c411 c399 c531 c1445 c1081 c606 c842 c758 c564
SearchSv2
c754 c731 c185 c521 c1170 c376 c63 c1349 c236 c314 c870 c1286 c720 c145 c442 c804 c1380 c1440 c1336 c722 c205 c349 c297 c291 c747 c116 c1301 c1470 c3 c987 c1283 c1021 c965 c243 c1325 c916 c1475 c474 c115 c1141 c690 c386 c872 c502 c36 c1062 c1263 c783 c552
PatentsLitev8
c408 c1203 c776 c463 c1302 c1471 c21 c225 c491 c120 c1270 c775 c71 c504 c34 c48 c1247 c511 c1435 c1048 c59 c751 c487 c123 c292 c877 c614 c100 c1154 c626 c1227 c1103 c1494 c200 c549 c615 c1290 c522 c122 c1324 c1126 c140 c1007 c1316 c1341 c1155 c396 c624 c78
SkyXv9
c1073 c879 c900 c1233 c655 c845 c1088 c1118 c1174 c1190 c31 c778 c162 c1447 c762 c1205 c832 c662 c514 c1419 c488 c187 c729 c219 c228 c670 c730 c1468 c1127 c1343 c128 c1159 c1130 c968 c1337 c841 c90 c539 c1486 c1372 c382 c1455 c646 c1119 c533 c1436 c764 c1072 c1135 c4
FormsNextv1
c438 c738 c1383 c1335 c1000 c1235 c597 c1109 c1296 c1395 c17 c338 c1483 c577 c84 c1438 c1253 c1082 c895 c76 c1488 c1173
GlassOSZv2
c790 c474 c1493 c567 c636 c1263 c1475 c983 c1450 c1473 c684 c1021 c482 c1495 c442 c645 c376 c53 c185 c1009 c335 c1386 c754 c1336
SitesProv2
c1016 c1249 c1033 c1489 c1032 c75 c342 c1003 c804 c1461 c14 c297 c1322 c1210 c480 c870 c540 c25 c210 c1141 c1406 c1498 c275 c1071 c1325 c145 c515 c63 c315 c704 c695
FinanceProv4
c314 c724 c1201 c735 c893 c158 c398 c236 c215 c615 c1048 c1185 c1155 c793 c1043 c990 c430 c71 c549 c965 c140 c1407
CastOSXv2
c743 c945 c807 c932 c102 c641 c1438 c1426 c956 c122 c977 c386 c537 c265 c720 c21 c889 c877 c1435 c521 c1286 c349
SecureProv9
c1239 c241 c791 c987 c1333 c36 c822 c73 c511 c909 c1316 c1154 c738 c1411 c155 c939 c340 c1183 c1288 c277 c1170
ReleaseMaxv8
c740 c1296 c1278 c1203 c496 c338 c1429 c1197 c637 c614 c843 c1091 c858 c1380 c1120 c1160 c1178 c502 c992 c200 c2 c491 c153 c396 c1030 c651
FlightsProv7
c1335 c1109 c475 c1265 c733 c1235 c545 c978 c1254 c1188 c582 c1470 c697 c1231 c1054 c916 c1417 c459 c423 c633 c747 c696 c1433 c24 c761 c123 c779 c904 c115 c1460 c1483 c623 c949
PhoneProv5
c599 c1166 c775 c116 c776 c693 c898 c504 c862 c1395 c924 c937 c243 c1439 c341 c955 c84 c963 c369 c814 c291 c722 c837 c213 c929 c1007 c750 c242 c660 c1177 c339 c970 c289 c1000 c526 c1101 c1180 c1312 c138 c895 c1434 c613 c969 c17 c736 c235 c1077 c558 c1244 c994 c319
BooksXv3
c522 c1463 c974 c524 c76 c172 c903 c1181 c1458 c409 c831 c1430 c1176 c1020 c1103 c985 c1269 c830 c285 c246
VideoUltrav2
c972 c177 c875 c1289 c1294 c1466 c1358 c500 c1306 c509 c1024 c183 c55 c1124 c553 c741 c1402 c902 c1393 c1173 c106 c975 c1156 c1293 c359 c451 c6 c777 c1308 c917 c538 c1384 c1334 c836 c739 c597 c229 c783 c492 c1050 c708 c205 c699 c1075 c1129 c1268 c1451 c890 c1290 c665 c501 c46
ChatZv9
c1490 c1179 c497 c78 c1147 c249 c171 c919 c485 c30 c998 c85 c988 c621 c125 c638 c649 c464 c1359 c196 c523 c88 c964 c450 c326 c487 c927 c958 c595 c64 c589 c42 c1041 c1456 c864 c292 c419 c874 c424
CurrentsXv5
c371 c120 c1136 c821 c12 c1270 c1123 c888 c132 c1477 c1267 c149 c181 c294 c1301 c1478 c226 c1029 c556 c173 c217 c1349 c54 c925 c577 c812 c1255 c1403 c1186 c401 c1213 c44 c1311 c1356 c328
StadiaProv2
c1061 c306 c1369 c934 c331 c176 c881 c1327 c313 c710 c1035 c118 c677 c593 c551 c1388 c1453 c1324 c713 c1310 c227 c274 c817 c749 c388 c1126 c89 c1276 c869
DaydreamSv6
c503 c923 c1236 c1082 c685 c494 c1046 c1315 c559 c579 c1158 c384 c1304 c404 c669 c244 c166 c27 c1060 c240 c1396 c911 c1117 c688 c1338 c1452 c931 c50 c1045 c1084 c156 c479 c608 c557 c896 c578 c756 c97 c438 c1302 c370 c1121 c271 c1049 c151 c425 c979 c1423 c127
BloggerNextv6
c470 c625 c1062 c906 c823 c810 c308 c935 c1295 c872 c134 c798 c194 c1222 c1352 c550 c552 c1114 c572 c1028 c701 c640 c301 c554 c839 c644 c586 c769 c225 c1494 c602
MapsUltrav8
c395 c1428 c912 c1161 c849 c1243 c691 c1321 c307 c383 c1440 c148 c322 c1031 c1171 c1313 c1365 c1261 c1039 c1297 c257 c667 c852 c400 c517 c1224 c446 c648 c1326 c276 c971 c312 c16 c819 c899 c368 c847 c1110 c61 c884 c273 c52 c1134 c1342 c712 c915 c1355 c448 c218 c417 c325 c715 c104 c305
NewsZv2
c337 c1351 c1052 c1392 c39 c1259 c1187 c585 c947 c159 c35 c1227 c1479 c568 c387 c619 c1251 c1055 c1125 c203 c1368 c1192 c1208 c1303 c70 c630 c570 c19 c428 c571 c91 c679
SkyUltrav1
c1280 c892 c766 c209 c69 c953 c1095 c253 c753 c1150 c117 c1107 c56 c1211 c164 c1042 c300 c329 c516 c686 c268 c168 c1221 c79 c908 c921
FormsProv2
c666 c444 c532 c842 c1328 c1153 c976 c1198 c411 c737 c113 c905 c1199 c1424 c477 c397 c403 c857 c360 c834 c1314 c402
AndroidTVSv9
c512 c632 c299 c350 c603 c460 c1287 c321 c1331 c721 c541 c656 c247 c429 c1246 c1319 c605 c1168 c723 c1025 c278 c717 c119
ClassroomProv8
c894 c865 c272 c195 c449 c797 c508 c421 c1469 c1241 c1225 c378 c1300 c1444 c1482 c1409 c569 c901 c374 c707 c755 c941
StreetViewLitev5
c1381 c473 c462 c1318 c178 c989 c282 c3 c20 c1401 c671 c598 c631 c352 c1389 c332 c885 c455 c1219 c1400 c221 c1354 c745 c1 c668 c1488 c1250 c1258 c562 c1413 c952 c1443 c732 c43 c188 c1266 c592 c167 c535 c1467 c1323 c406 c1307 c936 c1065 c146 c208 c232 c606 c527 c786 c1405 c112
TranslateNextv9
c533 c876 c309 c1159 c1341 c1002 c796 c584 c1343 c490 c381 c162 c187 c1157 c900 c967 c729 c1038 c672 c805 c150 c4 c768 c1118 c198 c854 c841 c182 c547
BloggerLitev6
c1273 c135 c77 c1330 c345 c333 c1214 c180 c73 c126 c296 c1212 c174 c993 c1239 c1284 c511 c531 c1408 c996 c1445 c1027 c791 c987 c1375 c809
VoiceUltrav2
c1427 c1144 c488 c1142 c1184 c690 c764 c742 c1034 c25 c315 c1078 c738 c40 c940 c128 c358 c1498 c415 c219 c833 c250 c1174 c258 c968 c861 c928 c879 c803 c1068 c1249 c763 c1093 c324 c245 c9 c561 c1172 c1122 c1487 c202 c695 c909 c788 c539 c1390 c627 c634 c778 c420
ArtsZv2
c966 c468 c800 c563 c191 c938 c1105 c1489 c789 c481 c848 c1128 c165 c1169 c1152 c96 c1097 c1148 c323 c1215 c1051 c366 c160 c214 c169 c1233 c718 c342 c1465 c131 c997 c653 c13 c364 c1425 c515 c63 c828 c946 c1106 c981 c1016 c320 c1242 c887 c609 c1382 c866 c564 c806 c239 c1441 c1436 c1491 c635 c752 c540 c1202
SitesMaxv7
c68 c1022 c734 c1014 c995 c893 c1240 c1397 c694 c269 c445 c1112 c565 c1009 c661 c288 c204 c18 c1074 c1081 c657 c600 c1092 c610 c518 c757 c663 c754 c594 c1353 c1492 c74 c790 c529 c1471 c801 c1090 c32 c727 c629 c855 c601 c1415 c373 c310 c681 c347 c1096 c850 c355 c910 c48 c536 c314 c1015 c34
CurrentsXv7
c356 c45 c1484 c230 c1420 c385 c626 c231 c1175 c615 c330 c1145 c1320 c820 c1167 c549 c838 c964 c170 c412 c505 c75 c882 c10 c190 c238 c432 c914 c1133 c874 c864 c124 c1238 c621 c452 c638 c1475 c1193 c424 c114 c1371 c705 c427 c1131 c1200 c201 c1063 c1281 c590
PhoneProv7
c220 c1163 c1379 c1179 c471 c1496 c259 c1021 c1399 c1017 c1374 c575 c772 c1011 c794 c702 c724 c1089 c870 c440 c103 c211 c1071 c1080 c110 c983 c125 c528
GlassOSNextv9
c1298 c451 c287 c813 c589 c1066 c292 c1272 c538 c237 c767 c145 c29 c71 c1164 c1124 c1119 c1023 c497 c674 c163 c171 c1262 c1412 c1053 c236 c1340 c1348 c1229 c359 c1079 c62 c1499 c553 c186 c316
AndroidUltrav5
c499 c1364 c33 c280 c1196 c1195 c457 c377 c555 c962 c1337 c1404 c1083 c944 c1170 c447 c270 c574 c1217 c1132 c1044 c919 c744 c436 c363 c835 c193 c972 c1069 c795
ChartsLitev5
c223 c1292 c758 c461 c47 c840 c933 c580 c1421 c890 c573 c251 c1345 c1115 c943 c543 c746 c11 c106 c94 c868 c683 c380 c393 c42 c566 c298 c802 c760 c85 c1275 c493 c1263 c413 c1378 c1416 c318 c179 c596 c1367 c534 c519 c1497 c1291 c1139 c618 c851 c1493 c1357 c961
ConnectUltrav5
c143 c560 c262 c53 c1182 c81 c982 c161 c139 c256 c1347 c1277 c1024 c254 c824 c1377 c965 c1418 c1012 c948 c1480 c6 c175 c286 c1064 c130 c871 c1104 c210 c622
TranslateXv6
c1358 c0 c1048 c1362 c1006 c675 c197 c1218 c811 c141 c1183 c827 c1059 c617 c708 c1454 c1043 c142 c1456 c676
AndroidSv7
c303 c290 c1414 c340 c1363 c1234 c1264 c443 c101 c774 c260 c1402 c177 c780 c38 c1432 c1451 c1155 c1336 c639 c365 c853 c361 c973 c49
PatentsLitev7
c426 c1085 c1070 c93 c1317 c397 c159 c23 c5 c920 c152 c414 c391 c199 c630 c960 c507 c619 c1220 c1058 c293 c1146 c1013 c891 c367 c266 c372 c1351 c337 c30 c792 c905 c1314 c1100 c65 c860 c212 c716 c348 c387 c483 c459 c773 c1125 c1109 c1299 c913 c154
SitesProv9
c107 c1055 c1495 c680 c857 c46 c678 c613 c1476 c623 c787 c1473 c693 c434 c875 c1207 c394 c1149 c369 c804 c825 c1153 c466 c733 c978 c351 c475 c781 c1458 c684 c730 c70 c771 c78 c360 c24 c105 c689 c1459 c409 c926
KeepNextv5
c281 c157 c416 c129 c494 c381 c82 c1483 c1335 c670 c834 c382 c1102 c1173 c1464 c643 c929 c1290 c726 c1047 c1439 c123 c1316 c121 c640 c482 c969 c402 c1370 c115 c783 c1312 c729
DatasetSearchUltrav4
c979 c1368 c525 c552 c1431 c295 c479 c679 c830 c271 c384 c719 c1073 c1020 c172 c1188 c433 c1223 c1019 c1036 c1086 c604 c701 c672 c319 c911 c1376 c1117 c216 c1462 c279 c39 c246 c453 c542 c19 c187 c608 c234
DataMaxv3
c533 c1267 c1424 c207 c4 c711 c1442 c1333 c1041 c116 c1103 c181 c1118 c88 c636 c796 c1038 c662 c1000 c51 c1247 c886 c362 c1270 c1062 c666 c967
VoiceProv4
c370 c925 c1426 c876 c765 c1123 c521 c1323 c576 c522 c1199 c807 c1309 c798 c756 c127 c12 c955 c572 c916 c1056 c1477 c138 c1076 c745 c903 c1295 c147 c226 c937 c559 c137 c242 c1448 c586
BloggerProv4
c1087 c1361 c898 c1488 c222 c490 c198 c15 c1236 c194 c578 c1338 c1049 c736 c76 c1228 c1343 c1434 c1189 c404 c989 c247 c810 c821 c156 c1443 c189 c963 c299 c213 c924 c252 c687 c1007 c975 c1111 c1159 c1245 c332 c907 c196 c1162 c611 c1246 c1045 c512 c735 c492
GroupsProv2
c1354 c1452 c173 c474 c725 c647 c769 c831 c1054 c554 c1026 c91 c484 c739 c37 c873 c867 c863 c502 c723 c571 c1287 c970 c346 c278 c1334 c1250 c54 c84 c349 c599 c1197 c496 c1305 c1278 c1406 c842 c668 c1254 c1065 c1410 c1380 c498 c743 c895 c80 c669 c1308 c720 c1296
MarsNextv7
c1417 c1137 c1274 c132 c344 c612 c1213 c399 c779 c1350 c167 c406 c532 c17 c1088 c709 c1437 c27 c485 c556 c1286 c996 c1445 c338 c1460 c581 c178
WebserverZv3
c296 c537 c844 c1447 c44 c441 c809 c987 c35 c1201 c1260 c939 c136 c646 c1120 c269 c900 c732 c1032 c951 c396 c629 c721 c1030 c568 c1180 c371 c1328 c477 c994 c1239 c1232 c822 c55 c1190 c531 c650 c836 c72 c243 c1435 c747 c150 c598 c872
LearnNextv3
c1157 c119 c1166 c418 c974 c1145 c935 c1472 c1444 c109 c610 c464 c1457 c1060 c326 c1409 c334 c1430 c1484 c1294 c353 c1158 c584 c1463 c272 c7 c545 c727 c456 c1251 c590 c947 c59 c347
ScholarMaxv3
c135 c403 c333 c1282 c124 c462 c192 c20 c988 c1141 c288 c657 c914 c206 c616 c1074 c548 c627 c250 c431 c882 c1279 c976 c68 c637 c155 c731 c200 c412 c808 c1281 c518 c757 c874 c1099 c820 c1466 c1470 c901 c503 c45 c263 c421 c621 c864 c245 c1344 c10 c945 c444 c906
CodeNextv2
c579 c600 c1475 c1474 c1408 c113 c504 c1329 c642 c561 c523 c1241 c603 c754 c437 c555 c592 c389 c428 c858 c744 c1067 c1198 c1469
DuoProv6
c1143 c1345 c1404 c1389 c784 c1292 c656 c638 c1187 c541 c1332 c11 c728 c1237 c380 c644 c1341 c861 c524 c1311 c69 c1378
TravelUltrav7
c1106 c112 c801 c1349 c1217 c1487 c33 c755 c980 c534 c165 c32 c134 c297 c18 c270 c694 c998 c1069 c1034 c889 c120 c651 c1319 c707 c366 c1122 c355 c1407 c558 c1177 c1356 c790 c373 c850 c96 c1240 c802 c918 c1014 c1429 c1405 c1364 c469 c1450 c203 c695 c995 c618 c1482 c324 c631 c217 c761 c966 c1152 c174
DataSv2
c436 c543 c580 c106 c609 c1212 c1306 c910 c1196 c1320 c843 c892 c919 c505 c550 c714 c1193 c655 c179 c508 c797 c1382 c1330 c74 c1242 c1421 c999 c114 c706 c1148 c634 c1176 c339 c838 c544 c661 c959 c962 c231 c1465 c573 c786 c887 c221 c1398 c280 c427 c1390 c214 c1114 c190 c238 c1353 c321 c1133 c1092
TranslateSv8
c1497 c1272 c936 c683 c941 c620 c208 c393 c1084 c1131 c674 c1172 c1244 c1095 c961 c718 c1042 c1209 c343 c447 c169 c236 c42 c585 c22 c201 c497 c1121 c1340 c1273 c253 c97 c163 c789 c287 c1129 c460 c664 c467 c596
SheetsZv6
c493 c336 c1262 c1115 c635 c1090 c587 c839 c1139 c301 c1301 c1486 c75 c1275 c1352 c1105 c570 c904 c461 c40 c535 c930 c547 c1167 c774 c1280 c1211 c1175 c1225 c928 c230 c354 c419 c780 c95
SearchUltrav1
c528 c1021 c144 c1024 c835 c1075 c515 c529 c710 c1263 c752 c870 c501 c193 c881 c286 c511 c965 c1037 c702 c734 c458 c128
ReleaseUltrav2
c1182 c1111 c1358 c478 c1488 c487 c38 c131 c157 c1233 c1006 c1005 c104 c1049 c222 c1265 c641 c89 c1082 c473 c794 c1338 c1432 c76 c927
ShoppingUltrav1
c1081 c601 c849 c676 c953 c303 c1102 c1425 c376 c1416 c267 c592 c53 c158 c552 c1020 c615 c977 c832 c1271 c594 c175 c1493 c827 c216 c1219 c1440 c118 c934 c767 c575 c1071 c1409 c1318 c968 c16 c492 c633 c123 c56 c608 c1051 c523 c1234 c1097 c453 c579 c754 c969
WearOSMaxv2
c116 c921 c449 c1431 c314 c1483 c1294 c1029 c160 c1335 c675 c323 c824 c880 c938 c143 c636 c724 c1462 c335 c73 c588 c971 c232 c1011 c268 c101 c536 c1044 c1096 c81 c211 c483 c440 c956 c1173 c763 c397 c109 c920 c643 c414 c1047 c289 c1277 c1485 c1057 c912 c102 c750 c772 c626 c687 c125 c1333 c600 c614 c482
PatentsXv6
c1145 c1269 c121 c445 c1128 c547 c554 c856 c1193 c1017 c74 c719 c19 c1351 c352 c1090 c1169 c1187 c911 c859 c1239 c433 c220 c1211 c95 c1267 c227 c1378
ImagesSv1
c237 c55 c1447 c286 c1034 c1115 c1380 c1055 c221 c252 c975 c332 c1265 c1317 c1458 c695 c834 c1001 c1000 c865 c346 c313 c502 c1358 c380 c711 c1444 c666 c25 c132 c844 c1069 c963 c1229 c1190 c437 c441
DocsSv8
c1041 c531 c563 c168 c889 c325 c603 c710 c1410 c804 c462 c1235 c953 c82 c402 c307 c1267 c1295 c1448 c76 c1465 c372 c1428 c554 c876 c484 c74 c1038 c1056 c611 c946 c927 c494 c1493 c1272 c745 c281 c1290 c141 c426 c842 c547 c668 c235 c262 c316 c1486 c592 c1393 c1378 c1026
FormsProv8
c1051 c1435 c144 c1013 c1182 c201 c1158 c1059 c1250 c1177 c836 c89 c92 c1212 c616 c497 c477 c1370 c1497 c453 c1037 c1417 c566 c496 c81 c43 c268 c399 c113 c303 c1228 c1218 c155 c1270 c95 c173 c1384 c594 c754 c1180 c106 c46 c188 c1280 c216 c959 c397 c596 c783 c858 c20 c44 c798 c660 c924 c1470 c1004 c147
