148
ChatLitev6
NellyV PrzemekP NellyD JenH ThomasO StefanH ThomasE PrabhakarB PetarJ ThomasF StepanK FionaR
MarsUltrav4
SundarO NellyB TatiyanaT BenjaminY PetarG StefanD StepanU MichalQ PhilippE TatiyanaL HiroshiU SusanD SusanC BakhodirB PetarA ClementX RuthP
ScholarXv6
SundarD StefanK PrabhakarC LarryJ SusanL SundarA FionaS JenL MatasK BakhodirG TatiyanaR TatiyanaP
FormsUltrav3
ThomasL MatasF HiroshiI PetarD MaxS PetarN TatiyanaA StepanO
AndroidTVLitev7
StepanJ MichalD JenE TatiyanaZ PhilippM NellyM StefanL FionaG StefanA
ChartsMaxv5
FionaU SundarW MichalY SusanK PetarO
StreetViewXv9
PrzemekQ StefanX MaxH ThomasU NellyI
PatentsMaxv2
MaxV MichalB MichalW MatasZ HiroshiE RuthJ MichalV PrzemekT BenjaminK LarryC
DataSv9
PrzemekI HiroshiC TatiyanaX MaxA PrabhakarA HiroshiX MaxL TatiyanaG BakhodirD MaxW
ReleaseLitev7
PetarI SergeyW FionaV FionaX
SearchUltrav8
HiroshiV PhilippI HiroshiL
CastOSSv6
SergeyB ThomasW HiroshiT
FuchsiaProv7
LarryU ClementI BakhodirQ
CodeZv4
NellyR LarryM
MoonXv3
MaxR PetarM
CollectionsUltrav9
NellyT FionaE
FeedBurnerLitev8
SundarX BenjaminL PrabhakarE
MapsNextv5
PrzemekR FionaZ
SkyProv4
JenG ThomasQ
LoggingXv4
SergeyJ StepanV PrzemekW
NewsXv5
SergeyF PrzemekH
AssistantMaxv9
MichalA
FinanceXv5
ClementV
StreetViewXv2
RuthW PrzemekF HiroshiS
ConnectXv3
StefanG
AndroidAutoZv1
PetarV SundarJ
BuildProv1
PrabhakarI
LearnProv8
PhilippF
CurrentsProv7
SusanT
SkyZv5
SundarM
CurrentsXv1
MaxP
TravelProv6
PhilippJ
MoonUltrav4
LarryN
SheetsZv4
MaxO SergeyR
VoiceZv6
HiroshiQ MichalS
SantaTrackerProv9
ThomasR
KeepNextv4
PrabhakarN
PixelProv1
ThomasK
ClassroomSv2
RuthX
BloggerProv9
BenjaminK
PixelSv6
PrzemekF ThomasN SundarM
DaydreamMaxv4
ThomasQ
CurrentsProv2
RuthW
KeepXv1
PrabhakarA
ScholarSv9
ThomasD PrabhakarV SusanO SergeyR PhilippA SergeyJ SundarH StefanC MaxJ StefanF LarryV
FinanceMaxv7
MaxY StepanU SundarJ ThomasT BenjaminP
CollectionsProv5
JenJ SundarD MaxU
StreetViewMaxv8
PetarA
NewsMaxv1
PetarG
FeedBurnerProv6
SusanR NellyI BakhodirD MaxR BenjaminI
DocsUltrav2
BakhodirB NellyM BakhodirQ NellyW LarryL PrabhakarM PrabhakarO JenL
DatasetSearchXv2
MaxZ PrzemekM StefanK StefanA HiroshiX SusanD
TravelUltrav3
LarryI JenE
SkyLitev8
MatasK BenjaminQ RuthO SusanT HiroshiD PhilippL PhilippT ThomasU BakhodirC PrzemekU PetarV MaxH FionaA JenU HiroshiT MichalW StefanH FionaD PrzemekC MichalJ TatiyanaT PrzemekG TatiyanaH
CalendarLitev5
BenjaminS HiroshiE PrabhakarB NellyK
GroupsZv8
BakhodirL PetarI StepanL PrabhakarS ThomasE
ClassroomXv9
LarryG StepanK
ScholarZv1
NellyR MichalQ PrzemekP LarryU
DuoMaxv1
BenjaminL PetarJ MaxF BenjaminG PetarG LarryD HiroshiU NellyD JenC PrabhakarN
ArtsNextv5
StepanD HiroshiQ ClementJ MichalI FionaA StefanD TatiyanaB RuthO PetarO StefanG
BloggerProv2
ThomasD FionaV SundarM
AndroidTVMaxv1
FionaR NellyY MaxA JenE RuthJ SergeyW PhilippK FionaL SusanD ThomasE PhilippV MichalP BenjaminK PhilippT SusanN SergeyU
TravelZv6
ThomasL PetarA LarryI NellyI NellyC PrzemekF
ChromeLitev4
LarryU MichalY PrabhakarA
ConnectLitev9
SundarM
DataNextv9
ClementO SergeyR HiroshiI JenE FionaG FionaZ JenF StepanK PrzemekH LarryM SusanN TatiyanaI PetarD SergeyA PrzemekW HiroshiD PetarV BenjaminY SergeyQ PetarT JenY MichalE PhilippC JenS TatiyanaZ
DatasetSearchLitev6
PrzemekP MaxA BenjaminH SusanG TatiyanaC SundarI PhilippK PetarN HiroshiM
ReleaseXv3
StepanD NellyC
SearchMaxv5
StefanH SundarB NellyI PetarE LarryJ PhilippV SergeyR MaxW NellyA ClementX HiroshiU StefanL MichalY SergeyQ
StorageSv6
SundarM PrabhakarX StefanA PrabhakarL BakhodirO SusanL StefanM JenM MichalO TatiyanaQ PrzemekI HiroshiW PetarI FionaH JenE PrzemekW LarryW TatiyanaI FionaT PetarT MichalW
StorageNextv9
BenjaminQ NellyV PhilippK MaxR PetarV ThomasI PetarU SusanQ StepanK MaxU BenjaminY
StadiaProv5
SundarP MaxA FionaA
DocsXv8
SusanC PrzemekF BakhodirG SergeyL PrabhakarF MatasK NellyD PetarM LarryC PrabhakarJ PrzemekW MichalM JenQ NellyW TatiyanaJ SergeyJ ClementX PetarN ThomasF HiroshiX ThomasT StefanF HiroshiZ PrabhakarE
DreamNextv6
NellyN StepanU StefanA PrzemekP JenC
DocsUltrav4
PhilippV
SlidesProv5
SergeyQ HiroshiO
AndroidTVMaxv3
FionaM SergeyW MichalW StefanV MatasY MaxK FionaV BakhodirO StefanP HiroshiT BakhodirQ SusanN HiroshiM FionaA SundarI ThomasO ThomasM RuthJ
ClassroomProv5
RuthE PrzemekI TatiyanaB MichalA HiroshiV StefanQ SundarM JenG RuthO RuthP TatiyanaX StepanK MichalK PetarI StepanH
BuildUltrav6
PhilippK MaxU PrzemekT SergeyF
DrawingsMaxv4
LarryU ClementP PetarD PrabhakarA TatiyanaZ StepanF PhilippM SusanU JenE SundarO ThomasK PhilippT SusanI PrzemekP RuthQ MaxA LarryD StefanA PrabhakarW MichalX ClementV
PixelXv7
PhilippJ NellyD TatiyanaJ PrabhakarU
WebserverProv7
MatasK MatasF
DaydreamSv8
StepanP MatasI PhilippV PrabhakarX SergeyW
SearchLitev9
LarryR PrzemekL SusanO NellyM NellyO StefanA PetarT PhilippU SusanT RuthG ClementQ BakhodirB PrabhakarC SusanN PrabhakarL BenjaminE SergeyA HiroshiW TatiyanaZ JenJ NellyN HiroshiD LarryI NellyC
AssistantNextv5
PrabhakarE MatasO RuthA MaxB PetarN LarryJ PrabhakarO MichalQ SusanQ MaxW PetarA SergeyN HiroshiB FionaT RuthH BakhodirL SundarM BenjaminY SergeyH
DataMaxv3
RuthP FionaA SergeyQ SergeyF BakhodirJ RuthO PrzemekH PrabhakarZ ClementJ
KeepSv3
PhilippV NellyD PrzemekP
YouTubeUltrav3
RuthO NellyI StefanK TatiyanaJ NellyM FionaE
CultureUltrav4
SergeyF
FeedBurnerUltrav9
PrabhakarT FionaA FionaQ SusanO PetarA PrzemekH BakhodirJ
NewsNextv1
RuthQ FionaL JenN PrzemekP JenL MatasK TatiyanaB StefanZ SundarC MaxR BenjaminG MaxB StepanC PetarF SergeyW NellyT ThomasQ BenjaminY MaxH PhilippV JenH MaxS ClementX StefanQ
CalendarNextv7
RuthJ ThomasC PetarI FionaQ NellyD ClementD PhilippE MaxW HiroshiB LarryN PhilippA PrabhakarE SundarM SergeyW TatiyanaP TatiyanaG BakhodirL StefanZ SundarO HiroshiD PetarG PrzemekM RuthP
SitesSv3
PetarH MichalV PrzemekN MaxB JenJ SundarT FionaH PhilippZ RuthM NellyT StefanV StefanD ThomasU MichalQ ThomasF MaxU SergeyJ HiroshiJ ThomasD StepanJ BenjaminL
ShortsSv2
StefanL SundarB PetarA TatiyanaQ ClementF LarryR PetarF
PatentsNextv4
ClementX MichalI
SlidesSv9
StepanC LarryO LarryZ
ShoppingUltrav9
TatiyanaJ FionaV JenQ RuthO
LearnUltrav4
StefanK SergeyG PhilippF StefanA PrzemekQ JenF PhilippL PetarO ThomasW PetarA BenjaminF MaxS PhilippY
SkyXv7
SergeyW BenjaminH NellyI SundarC
VoiceProv9
ThomasL ThomasC PhilippU BakhodirL NellyN
CodeSv4
TatiyanaP
SecureSv2
NellyV StefanD ThomasK
WearOSSv4
MichalD RuthP RuthO StefanL LarryI FionaQ FionaO MaxE ClementJ PrzemekP StefanH HiroshiL PhilippE PrabhakarA MaxD FionaD PetarM MatasS PhilippJ TatiyanaH PrzemekM
SearchLitev7
StepanC PhilippL StepanK StefanV RuthK PetarH ThomasO
ArtsZv4
ThomasC ThomasK PetarI NellyQ
SitesXv7
HiroshiD NellyI ClementO SusanU
LearnMaxv9
SundarC
FuchsiaXv5
MaxR MaxW TatiyanaA PrabhakarA MichalQ SergeyI PrzemekP JenF RuthM MichalI PrzemekH JenG HiroshiI PhilippE TatiyanaZ JenW RuthA MichalD SusanX BakhodirL PrabhakarS SundarY PetarG
MarsMaxv4
RuthJ SusanO StefanH PetarA
YouTubeUltrav7
ThomasO PhilippR
StadiaUltrav4
StefanT TatiyanaP FionaV SergeyJ NellyW PetarD FionaQ HiroshiD NellyD
ChromeOSSv8
PrabhakarM LarryI TatiyanaG MatasO ClementX PhilippS ThomasC StefanD FionaO MichalV
ArtsProv8
SergeyA PhilippM SergeyY MaxA BakhodirL MatasK PhilippE StepanM TatiyanaM BakhodirD SusanU RuthJ SundarA PrabhakarJ ClementW JenY StefanV MaxN ThomasU PetarW HiroshiG
MapsLitev3
SundarO PetarK SergeyW MichalM ClementO ThomasX JenI BenjaminF MichalJ NellyV PetarA HiroshiN StefanG StepanC
DrawingsZv1
SergeyI MaxW StepanJ StefanA PrzemekF RuthP
BooksLitev3
PrzemekB ThomasO
ChartsSv3
PetarI PetarO PrzemekQ StefanT PhilippF SusanL PetarH PhilippY NellyD SundarH BakhodirG ThomasL TatiyanaA TatiyanaK
OsLitev3
ClementQ JenL NellyI RuthP SundarO MaxJ FionaQ
SheetsMaxv8
StefanV
AlertsLitev9
StefanL PetarA SergeyH SusanQ LarryJ TatiyanaB LarryI PetarD SusanL TatiyanaI HiroshiD BenjaminP NellyT SusanC StefanD StefanQ MaxB BakhodirL PrzemekF ClementO StefanP JenF
LearnUltrav5
SergeyW LarryS PrabhakarB PetarI MichalB StepanD
PhotoUltrav3
PetarI TatiyanaK
ReleaseSv1
PrzemekQ RuthJ LarryN BakhodirL StefanL HiroshiQ StefanV PrzemekF SusanL PhilippA StefanG StepanC PetarX HiroshiE
YouTubeProv8
MaxU ClementO RuthP ThomasC PrabhakarS TatiyanaM RuthM PrzemekP SundarT FionaI MichalO StepanK NellyD PetarW
SkyZv9
StefanA StefanQ PetarA SundarS FionaD StefanH SergeyW ThomasU SusanU MichalU SusanC NellyQ SergeyQ PetarH
VideoLitev6
PetarQ LarryI
ShortsNextv2
StefanQ SundarM HiroshiT BenjaminY MatasK TatiyanaH SergeyJ JenY HiroshiI TatiyanaC TatiyanaI LarryU MaxW MaxY JenS TatiyanaM TatiyanaP BakhodirQ MatasS PetarG MichalJ
DaydreamLitev3
JenF PetarH NellyM SundarC ClementO HiroshiD StepanD
SitesSv2
SusanL
StreamNextv7
BenjaminL MichalD HiroshiB ClementD SergeyW SundarH MatasF FionaH PetarW MichalL StefanW StefanQ PrabhakarF
FinanceXv9
TatiyanaP FionaU BakhodirP PrzemekG PrzemekH RuthO MaxH PhilippA RuthD SundarM SergeyI SundarD SusanL SusanU HiroshiL JenN PrzemekB PetarQ MichalW
PatentsProv4
LarryS StefanV PetarI StefanQ JenY HiroshiX BakhodirL StepanO ThomasF NellyI StefanH
SearchNextv2
NellyN StepanD MaxF ThomasC PrzemekC HiroshiI BakhodirO MaxH StefanQ LarryC JenI NellyI PrabhakarL HiroshiM MatasZ ThomasW PetarF PhilippE
LoggingNextv4
PrabhakarJ TatiyanaQ SusanL BenjaminF TatiyanaP SusanI MatasO NellyC JenL FionaW SusanD StefanH StefanL LarryT
ChromeOSProv7
FionaW RuthD HiroshiQ
AssistantSv5
ThomasX HiroshiW PrzemekR BenjaminP SusanK PrabhakarE JenY SusanO SundarI MaxS StefanQ NellyI ClementO
OsNextv6
SusanD PrabhakarJ MatasS StefanD PetarX PhilippR HiroshiM PrzemekN ThomasF ThomasM FionaA SundarH PrzemekG MatasZ RuthM
DocsLitev7
PrzemekR MaxY StepanD
TravelSv2
PrabhakarA BenjaminF PetarK JenL NellyC SusanD PrzemekC JenS BakhodirC LarryP SergeyF MaxS MaxA TatiyanaJ HiroshiT PrzemekQ ClementJ NellyB MaxV MichalY
ConnectZv4
ThomasM PhilippE JenJ FionaL TatiyanaZ TatiyanaR SundarB TatiyanaB PhilippT SergeyG JenH StepanG MichalA HiroshiW StepanM FionaQ ThomasO PetarO StepanL
DataXv5
JenE ThomasF StepanC MichalM ThomasA PrzemekW
DriveLitev7
BakhodirO TatiyanaA FionaH MichalU MatasS
FeedBurnerNextv9
BenjaminQ PrzemekR
StorageXv3
HiroshiW MatasS SundarT NellyD HiroshiT PrabhakarO
TravelProv9
StepanH ThomasM MatasA
DaydreamZv9
PetarW MatasS PrzemekR StefanL SusanX BenjaminM MichalM RuthP MaxH
PatentsNextv8
PrzemekR
WebserverXv9
PrzemekR MichalV
