28 6975 5097 8415 1520 8471 7974 3205 2433 437 4638 9090 2946 1650 5427 8871 5479 9262 7225 8869 2733 269 3154 2638 7508 4954 3366 7315 2894
29 1566 5703 1348 7752 2239 5654 1300 174 9994 6690 972 9993 5852 2743 3889 7757 4750 8414 8921 3372 6019 3591 8838 5996 6818 9778 8317 9724 3399
28 9475 750 6879 2205 8273 4408 6551 2021 6277 4782 9057 5024 8015 2982 4328 7438 8420 72 5469 9114 4324 1500 3752 2211 2385 5712 6969 5320
31 6428 9340 4433 5794 2614 8162 408 7526 6978 9289 6256 4990 4002 3094 3700 270 1927 6940 538 4763 8692 8612 8071 9652 2694 1209 9476 5471 4674 3829 819
30 2717 7566 8903 5112 1325 571 4788 4231 9393 1532 1643 54 9179 8384 6418 2872 8707 755 7762 8086 4007 7469 4403 1277 1287 9863 4590 4791 5681 5107
29 8450 9764 1712 5127 3907 220 6099 7768 7317 4413 3078 1002 7443 6143 6399 1353 802 6396 4305 9693 5807 3689 6583 5009 7711 480 3138 966 9914
30 7849 6956 4989 8781 422 5020 6766 8791 6436 4110 1668 4687 2124 3415 1721 1726 1221 649 842 4023 776 8069 708 7461 6499 2731 3779 2441 8387 8009
29 156 601 9850 3302 9669 3122 8050 8478 4194 9883 5906 353 8691 5848 178 2077 2658 834 7027 9946 6468 7391 6723 1443 7505 2938 6798 5489 4594
30 5254 9246 3119 563 1745 3036 4278 6395 1707 5510 6412 7767 39 1459 5761 3063 7681 4496 2447 9928 5853 4863 2486 4342 5719 2328 9642 9003 8240 5690
29 45 3145 8504 3027 4311 5308 9773 7375 2331 6230 7291 8008 7941 6941 522 318 7081 8023 1471 2490 5893 7182 6771 9181 4531 1629 3719 7806 6164
29 5832 7639 9361 1976 9384 4084 4567 1344 7592 1427 6185 9529 9821 9228 3065 4598 5270 1977 2910 4595 6333 1534 2588 2282 2261 6532 3328 1184 4605
27 701 1125 9131 5171 1795 1282 5759 9059 3887 2243 7906 1960 4919 5072 6539 5239 2492 8379 4269 160 783 8788 581 677 8270 8268 4977
29 6430 6227 8543 4870 2506 4156 8500 9762 9231 8511 9575 7958 9833 4161 8787 388 8319 5385 2592 8457 4308 8157 7073 809 262 2105 578 2267 4347
29 4182 7337 2330 9304 9382 4005 393 4472 200 7024 1837 6672 2044 1147 4925 1137 7888 3552 2029 1201 28 1514 5316 9686 2104 3663 7772 3444 4901
30 6198 957 6610 7979 4006 3702 1969 1131 3528 7316 1304 7847 8191 1934 4603 9935 3616 8667 762 6417 6199 7255 4816 267 5140 7717 6745 205 5513 8629
26 1134 8948 9506 2293 8615 1760 7117 6473 1301 9173 6310 6187 3646 8095 1169 7181 3222 2192 8729 4121 7128 6251 9710 8953 2850 2661
28 820 7855 9695 8503 2573 9816 6580 9565 8251 8723 1749 1182 4658 4546 8341 4819 299 5186 1252 1334 9684 5190 4039 9962 6673 950 8479 63
28 2139 6543 5934 8464 2664 2569 9223 484 3185 1971 1189 881 6449 9250 6208 6611 2727 2806 8444 6064 944 7140 1183 4510 730 4197 2985 7899
29 4467 2414 687 9797 1398 5797 8970 3651 4004 8477 161 5699 2852 4713 2671 4676 3650 3253 2164 6875 1356 4772 2729 1790 2478 940 5859 9918 2518
28 4611 5673 4757 4917 5520 2218 91 243 2892 5023 9368 7645 916 6026 5540 1876 1088 6039 9316 454 1605 2190 2336 1337 5813 9422 6542 7534
27 2995 5552 1271 9236 4415 7147 1229 0 1725 9737 991 8294 8231 9118 2549 6530 4780 9758 279 1343 8738 7252 2115 8695 6358 3404 8932
34 7678 5160 5008 854 9128 1267 4933 7408 9238 2674 4003 3648 7761 7935 1128 3759 1145 3888 6226 193 6649 7732 9807 4491 8361 366 9514 2250 6201 4291 1446 2400 6217 6537
32 6507 4980 5771 26 2756 1562 1076 2782 8718 9240 3675 7743 9970 1460 6025 1223 1830 3978 5539 9426 7433 9005 1026 5544 2089 3483 3706 4459 7223 2481 1954 8618
28 3155 4447 6765 5534 4834 8681 8012 9485 8581 8728 7950 2643 9043 2666 4421 2130 583 6678 5099 9843 9722 9450 5764 2054 9687 6332 3285 4644
30 2870 5524 8205 7694 5310 2815 768 6427 4692 2403 7765 6069 6252 5411 1418 6502 4146 7206 7808 1565 8161 8021 3864 5155 1538 1333 6311 8585 8360 1793
27 8044 1512 8740 2459 2323 3242 3203 3100 5235 8655 3797 1742 4425 568 6380 4438 7292 8563 5697 2455 293 6273 9766 5549 5280 518 4915
29 2234 4469 6154 128 5387 9520 1994 3001 2794 6550 5523 2373 4914 9278 8137 2869 2219 2485 8155 6958 9566 3793 8521 2784 4681 6784 5054 3334 3232
27 8103 8546 457 2876 8234 8072 6519 1440 5878 9317 8260 123 8371 7948 361 6376 3293 6964 1510 5004 2199 8510 7332 4840 3074 265 4331
31 3060 596 1067 2736 2906 1715 2106 1322 6854 2707 4579 8623 8437 4402 782 7310 9409 180 705 9944 3809 6243 1274 7465 5445 978 5907 3816 8092 2587 2107
28 5482 1833 5149 1192 3064 663 2801 6299 8423 8993 8122 3507 8337 1929 9334 7102 8221 6400 8113 8524 6834 6679 6593 1786 6159 3008 6732 7796
30 6261 1466 7343 6992 4896 9123 1985 7022 4969 4589 3532 8602 5309 4147 7104 4157 4109 4843 325 5799 4159 6372 9373 9013 3688 3208 6533 1071 2634 6422
28 9151 7901 7720 7014 1926 5460 1588 1198 3420 7405 2689 9420 5584 5770 9769 6836 6624 903 1351 4860 7366 364 1658 1633 9582 8776 1672 6865
28 5266 8653 4951 2858 1053 4001 5682 9456 2158 4446 1683 3194 2539 2859 9 2032 2034 8758 5150 4686 7819 5710 2597 9291 2422 4532 6435 6055
29 3216 1846 5903 667 4249 9777 2840 2774 9853 7661 995 9664 6581 6665 1968 8475 8168 8867 17 8608 7372 5145 5011 5286 4927 1393 2487 4256 7917
27 835 9960 9166 2512 7650 7679 8913 9172 3158 615 452 76 3849 7962 5477 8497 6045 5605 6803 1987 7263 4155 9667 2093 3668 7885 3048
30 3873 280 5324 6928 6374 678 9147 4313 150 6562 6567 8215 6997 3314 8639 8140 3102 1848 7189 4451 5641 5321 5449 1318 1716 6356 8880 3161 3918 3531
26 8078 5383 8143 9606 1758 3318 8609 435 8687 893 3315 2389 6735 9796 9617 5248 3327 8459 4725 410 9859 3066 2269 8376 2273 2296
28 3353 3210 3630 3322 3177 171 5619 311 1477 413 2943 2887 8512 2082 6450 5646 9513 2792 6967 3485 7945 5437 4270 2214 240 5375 8167 7010
29 1813 3179 4751 7724 1554 8250 132 1904 3465 8783 6666 9281 9952 8956 1467 5972 4340 5447 1231 5636 5563 7085 2421 8647 1685 5527 3311 1727 3870
28 207 2090 5865 9052 1210 6255 971 8572 3984 4885 9363 7122 4284 3303 9207 2006 7159 2379 608 5338 1388 7339 5039 2618 6181 2516 6650 4678
30 7674 7205 1040 276 4046 8714 2439 6309 8812 2175 9889 8878 4100 858 4045 1142 4756 6758 444 7783 4876 767 4462 186 6797 8935 8596 6269 5836 8385
30 9053 5645 2874 1862 3811 3283 8933 5303 927 7629 5055 3484 2020 5118 8334 5006 3287 2653 6387 7093 657 945 9331 1031 442 2718 9244 7631 6390 2480
28 9601 3209 4754 3560 4200 4304 6990 8249 2947 6531 5501 1915 6368 7005 6156 4477 4125 5493 5038 9195 9926 6467 2883 6688 7106 2444 4097 3952
31 7782 9718 7871 874 3331 504 4514 3854 2322 7390 9760 310 5063 3568 4317 7909 8210 7813 599 5444 5094 7269 1953 3447 5337 8241 2779 7261 6626 6843 1445
29 8786 9031 8399 4650 4400 6348 5796 3644 3882 4900 5429 8214 8832 2495 6951 947 4373 7673 6050 7943 8098 6034 8676 9631 2302 7094 7677 2059 6279
28 8980 1191 8710 7191 462 9963 5348 2410 5090 3313 7345 8844 986 5820 623 2216 9709 2045 4899 6297 7311 9536 2294 9633 2572 5774 3913 8636
27 3187 5030 6214 9646 7976 2137 2391 9107 6163 51 9500 9780 6085 8345 4748 700 8996 7823 9597 9000 469 4848 6 517 7856 4512 7555
29 9670 8698 4701 9787 4824 931 5229 5435 5457 1759 4158 9375 3035 6098 8938 2500 2540 7795 4406 1941 1006 1357 5824 6619 8736 2834 145 3540 9969
30 1826 1568 5952 477 5400 706 1412 9078 980 3784 8325 5036 7282 510 7792 2981 5519 4129 5056 1336 6527 1075 6458 3200 1297 3841 9865 6305 2925 5987
29 2758 8896 8678 6155 8053 9590 8410 4387 6186 4363 7091 8857 4992 9261 1667 9668 6146 5628 7133 6035 5745 6109 8622 894 7411 1820 9869 869 5211
29 4891 3265 7494 5938 6117 4976 6262 7538 888 2989 8055 84 8899 2589 6375 6743 2466 414 5123 2259 9199 6081 6840 1811 6577 8244 4890 9109 3116
30 3636 3581 7984 1140 961 8530 2873 5683 5138 3427 3785 4833 2502 71 6878 305 8223 1469 5573 8259 3394 3189 723 8104 8192 8306 6921 3308 9100 4014
28 3766 7511 9743 8052 5117 9874 5167 3934 2179 7304 5412 9750 2092 6915 1552 8860 6302 5098 524 46 7434 5518 3838 3450 7280 9474 4502 5644
29 5876 4574 9568 5349 6556 2359 8679 2728 219 2078 4127 5137 8390 1838 8942 2753 6621 6288 9611 7959 7548 2934 9433 4105 3710 4518 1313 3555 9895
28 5014 436 1556 69 1178 5867 2762 4874 4055 718 2808 4428 9389 3747 2757 505 2684 2272 8312 7565 4620 9657 6053 7121 427 587 6157 9255
27 3709 3025 446 1835 229 8966 8727 5396 7680 8466 1000 5791 428 2882 5731 4946 9706 6685 3999 6514 3561 4624 7583 5196 2911 9188 8465
29 3448 2766 2069 8733 5999 4181 7065 6218 1897 4792 4533 5290 6721 559 1496 2695 7353 7285 3466 2750 3874 1232 4267 5819 3936 6303 3218 6898 9604
28 2922 7545 68 8745 5585 7607 9585 4048 1609 257 4435 1988 4835 1621 7167 6786 6079 5393 7373 2172 3497 9972 4907 2398 5633 2268 4540 9343
29 1959 2648 9366 9522 5855 2036 7016 9546 2613 2832 313 7071 1585 1102 5504 6846 3129 3805 285 992 3365 8173 8763 3727 8516 24 3202 5410 4964
29 2038 8561 5967 2482 434 9241 2642 6994 9848 7468 3545 2474 8665 6908 2204 6048 6953 5816 8997 8856 1077 1153 7101 2427 8197 3041 5844 1106 7049
29 2584 4661 839 9470 5895 5258 4639 9407 7840 9327 9260 8889 4456 7388 965 5565 2740 5252 5980 2580 8656 433 3526 9950 4884 9148 5161 2781 1508
29 1711 3181 6778 5298 8418 8746 939 1012 4831 7190 5983 2610 239 9448 5804 3250 4492 3325 5750 6896 6118 8474 7512 2376 4646 1316 5092 5635 7820
29 8346 8568 4660 2769 4715 629 3836 173 3745 4031 569 5811 4215 664 6438 6518 6712 4911 7241 2816 4744 2363 7666 4631 6660 166 6960 277 1199
29 2822 1938 726 5156 7699 6995 73 7359 6470 6331 2558 6033 2255 1044 8094 844 6448 3599 1341 6792 3916 9319 9550 18 8777 8409 1550 5551 9527
29 5959 9194 1365 5537 8950 7769 7203 956 7561 2961 3254 594 9704 3819 2551 4213 1832 3319 9534 2112 2023 2773 6774 7306 566 1634 9463 3769 1154
29 2921 1187 1035 1021 7969 1429 9549 3225 8488 252 9126 4243 1172 709 3393 3477 9196 4656 8900 3248 3761 7193 4729 876 7972 8247 4762 1533 1993
28 7277 9157 2365 3679 4560 4250 7870 4356 4545 230 7484 1402 954 7258 2939 7779 4610 1950 1955 5362 5788 8342 5225 9082 2514 3024 5877 2504
28 5371 2163 523 7529 8625 2430 7180 1996 9461 8874 8330 5124 7877 909 9902 8578 3639 9624 5060 9401 9519 5753 6355 9572 8100 2616 2556 4821
30 9106 8453 7216 8592 2472 9640 9165 1238 2027 9425 2320 5533 9007 4081 6716 3463 418 6963 5773 9641 9009 315 8451 7354 2976 891 5948 3957 4364 960
27 526 7606 4507 3259 375 5744 8831 4672 5969 6344 1104 636 683 4918 9588 6924 1645 3822 9965 7904 8485 3559 6916 65 9573 9296 2611
29 389 2847 7329 1499 404 5949 8594 1340 4190 5976 4822 6927 9249 387 5450 8630 96 5037 1789 6939 5616 4245 5452 7019 8845 8731 9094 2879 9418
26 6812 4349 9913 5545 4529 8663 930 7227 9338 2009 2928 3131 3136 8807 5956 2341 5003 9726 5047 8064 4075 732 6366 6667 2371 7471
28 6440 7313 8657 502 1152 1293 1243 3520 5769 4958 4064 3982 394 1642 2114 9609 86 6768 9465 8303 4731 988 7224 1479 1981 9991 8539 8805
29 9392 8299 9417 5740 1809 9139 8526 5506 9457 2538 21 6707 9466 2811 6670 4614 5688 2988 549 562 5089 7902 8985 3219 7770 1967 7966 6952 7577
29 1179 1817 4166 6699 8540 4655 5210 7412 9975 22 6675 2055 5279 8507 9414 6414 2125 8614 7570 8056 8822 1157 4173 6751 1518 5937 7435 8132 6835
27 1579 1824 3534 3044 9967 4314 4486 6361 5301 4334 9979 4612 1091 1135 3344 4623 5884 2246 5335 7786 3980 8965 1470 1705 8986 2668 531
29 187 3075 9957 6046 9385 6000 7842 4282 8649 6523 2909 6287 140 7001 7692 5409 2312 6249 3714 3342 2347 5922 5709 1374 7477 6377 9388 2952 1635
28 5634 5326 2554 2715 3844 3680 2058 2771 6793 358 1852 4374 9218 133 4371 2251 1840 297 1216 3666 3749 3070 9201 399 843 467 4586 9827
28 2734 3562 5245 3385 8282 3992 9322 4307 7489 4444 1692 1215 832 4420 3753 6223 8133 7023 5034 2081 7862 4176 4108 5795 8195 6320 3188 722
29 6570 7132 4878 271 5116 9907 8281 662 5496 6697 9793 564 2790 2903 8560 2283 9734 5422 7003 807 4982 8748 9623 4733 6943 4811 9438 8180 2423
28 577 9662 3051 5553 4622 4587 8634 9439 2680 5900 59 5963 2998 6176 1504 7196 461 1710 6020 8212 1019 5981 7342 4615 2088 7861 1653 7502
28 3922 3832 281 7481 1241 6304 5218 2161 5403 5964 6585 1962 6253 1461 6545 1673 7585 3031 3732 9341 4024 8853 2109 3098 7413 4680 1739 8351
29 8598 9440 5334 6871 9397 555 3151 1657 3678 7610 9654 9651 6298 1494 8597 5076 5174 4609 2131 9237 1065 3358 9903 3729 77 8658 4257 7066 2630
28 9191 4801 8983 7331 3620 1923 8865 679 8828 6296 1233 7811 3839 7809 3152 2315 2200 2128 1803 9137 1528 9605 9508 4369 9134 8918 2810 4087
28 8172 3288 8927 1983 8872 309 6049 5010 266 5407 203 6354 2923 8661 9411 278 7564 1161 5131 7083 3017 6108 942 3946 3734 7837 2530 1637
25 8858 688 3701 4217 5333 238 7891 177 4500 4201 8907 9311 2893 6453 8028 1910 5103 6383 2240 6465 692 6447 7029 9650 1778
28 1408 3235 6888 4535 9627 5990 2258 4487 2846 1872 2062 6434 7312 5720 9421 633 6962 6083 6270 6913 2317 2284 5091 7119 5569 4827 4963 1177
29 2368 4581 4390 928 1964 294 5224 745 9362 1839 1792 8668 9029 8855 3893 5132 9931 6644 8720 3007 1296 9715 4296 8542 7396 5491 4422 9995 7652
31 3883 5535 8227 2169 9754 6242 1854 9583 720 5293 1011 7082 9855 5874 4011 9390 6282 8242 6850 2321 7127 7325 6700 1041 3022 1583 3614 4682 4461 3857 9212
28 9058 929 3693 3312 8324 9484 4252 5916 3558 943 3565 9812 5488 9458 5379 5827 756 7964 7780 4234 3626 2079 4366 5882 4600 1991 2007 1766
28 4974 1062 6093 2384 5226 4739 6566 1222 141 1219 6188 4544 4136 567 6684 7363 6075 5541 5692 3089 1159 4968 2374 2991 547 7938 9782 969
31 6599 9742 8128 6265 7060 3707 7773 6634 1368 3780 1555 620 5509 686 6367 7288 4551 6220 4838 7217 8271 7398 4211 6825 2160 2065 1800 6041 451 3580 2681
26 9435 2583 1066 9416 1016 6618 9406 4044 1317 7522 2826 2390 4617 9547 5594 324 4475 97 7 6342 8179 4008 6503 6762 7593 3436
30 5835 4107 552 4909 2253 3266 5499 4377 7163 7038 8944 3494 8861 2014 2683 1070 2187 5187 1240 3621 7403 9541 8508 5019 1869 7125 7107 6755 4923 7134
29 586 2198 3772 3987 1597 5102 7087 9477 5315 7835 8499 6651 2076 8426 512 274 9560 595 7684 774 7940 7454 6848 7734 1279 2706 3083 3038 7368
29 4119 625 5608 4481 9884 3380 3346 6522 5105 1370 7415 4178 9964 7340 2404 914 2287 4693 2087 8199 4846 668 8888 10 8672 5231 3645 8265 6091
29 4935 7186 2890 5237 5566 5860 3537 690 3821 5071 168 4844 8892 4985 7973 1706 8288 1906 8643 6193 2932 2764 5649 983 2691 796 5374 2957 1627
29 8725 6330 7704 4807 7384 7867 4677 3783 2745 4017 734 2028 7068 5332 6337 9299 6432 7236 7231 8300 5164 7497 9468 7998 1957 5344 6513 9431 2436
28 2182 6497 1491 1700 4697 3722 7598 2310 468 4684 1589 2121 6406 153 733 4470 8491 2974 6984 4536 6455 5380 9065 6059 3207 5257 6647 5255
28 2150 7760 8432 5815 7543 4718 8754 9753 194 8689 7352 5818 1303 4180 4779 9325 2364 4752 4399 5194 725 7895 8648 7453 5805 1288 7903 6121
29 3387 7781 9460 4214 9175 5658 791 308 6212 5406 5100 2590 2184 109 2973 2424 1664 9810 211 6058 438 154 6196 6517 8902 9025 8061 5216 2155
25 3016 9890 553 5881 9076 8937 184 793 3508 4401 4696 6601 9800 30 4727 8757 3737 1940 6662 3023 814 8708 2737 8548 7187
29 4115 9589 6595 429 2141 9096 1055 8111 7278 1895 1020 7536 8413 7589 918 2151 3605 8401 398 9530 3077 8059 9318 4468 2667 5466 3345 1345 8114
28 4764 6687 8400 3373 2633 589 3090 3803 3130 4204 2651 5000 5894 3585 2010 9283 3499 3359 1523 6682 827 9369 459 6248 3940 9765 6094 5470
29 9738 9561 7402 5377 4219 2352 7406 8454 1127 789 790 7753 2148 4749 1452 5214 14 1763 8186 2598 748 6477 8632 6260 9112 5032 9383 825 6413
29 9861 994 5528 3903 7742 7436 704 80 2983 9178 2629 6238 2416 7612 7586 367 3418 3884 2723 2696 6165 9225 5120 4450 2709 4872 7934 6546 3082
28 3183 9688 2152 5632 7579 8439 813 8790 743 2071 9842 9089 9116 1544 2056 3271 254 7676 1213 6394 9105 9840 6281 3438 4337 9064 8402 9837
27 3491 6791 6245 7335 2965 4636 9909 6752 8154 5704 4032 9222 3502 7035 3137 7155 1033 424 2898 1902 9879 9661 7517 4695 371 2956 1921
29 9371 8730 8166 5516 1025 473 4454 2624 7062 5440 545 9906 2724 7919 6706 9794 1537 5989 4742 7826 401 757 8922 2884 1576 5559 8743 2215 7947
30 5604 2517 4060 6935 7798 3391 6868 2301 8264 8638 3850 3603 778 3488 1847 7882 5505 4555 2929 9518 5625 9298 4569 7754 9924 7807 3120 7123 2804 6787
30 681 4830 5503 4099 6102 1260 1794 3741 7927 3215 2802 7706 4823 9490 6749 2369 6166 1272 5806 3885 7479 935 8467 8427 7220 4297 4346 5432 2936 9346
31 3039 8579 534 6623 9956 6313 6292 456 9648 8441 4263 2835 3670 6948 6272 4128 1114 9209 354 3244 3976 7535 8430 8127 2340 7868 6828 990 7852 9544 697
26 7883 6597 288 6410 1430 4722 2744 7111 2280 9983 609 9455 5202 8175 335 5415 6140 4253 242 9061 8576 6832 6153 5507 7608 4184
29 9189 626 7611 7744 9974 1639 3513 9990 290 8917 1168 8931 4132 213 2508 2708 8519 2270 4357 7067 3617 770 7139 7052 6222 8077 4548 3422 3748
27 8995 7539 4238 1148 1250 5 4137 1541 7202 4647 9862 8666 3132 4120 6451 6802 9998 9511 3217 4029 5088 7714 9353 7166 4683 9349 9556
30 7138 8644 1893 2916 7985 4248 7361 6902 2470 2001 2286 4818 1214 3368 2171 8422 3343 904 8396 7262 5754 5888 6101 5341 4721 8343 5398 2031 2561 7234
29 4071 4246 8134 3278 2752 3411 8293 7467 2194 8289 5350 8976 9370 58 4351 9050 9469 9405 8054 122 1438 3725 543 8940 3459 2567 9398 5021 2582
27 660 7708 8566 4966 3050 4104 4069 9939 9798 9919 8189 8115 6892 6742 8759 1376 9528 6734 6549 9638 4426 8685 7604 7741 9731 6038 7364
29 719 8085 9200 3914 3367 9097 6622 5424 3192 2132 5222 3055 1405 4423 639 3400 263 9070 6232 4778 7444 8065 8690 4905 6002 3092 1136 6480 6588
29 1434 7613 1330 3598 7986 4393 8756 9183 841 4736 3742 1395 92 7043 1358 95 9047 3068 7635 9985 9125 707 29 9335 8779 1765 4224 9786 2406
30 9141 1942 5966 2003 1220 6481 9955 8463 6328 7709 2522 4290 7370 3622 4578 7831 4488 6078 1632 3408 6127 4606 3206 3823 5300 2491 9208 2907 7850 5044
27 78 811 5345 2570 5713 8178 5850 3544 1248 2867 584 5854 32 48 1122 9659 4299 268 6949 5626 4563 5319 735 235 9894 4940 4875
28 1577 1247 6482 3762 5868 343 4566 7931 2646 9917 2382 8278 376 4276 8295 4570 6526 1748 7211 8102 7501 4999 4584 9679 3168 7371 7153 6491
31 327 9594 5041 4068 9130 2168 167 3326 2541 8042 2654 5175 9703 7404 3778 1963 1054 9507 3820 8119 3263 3282 727 9313 897 2392 714 1404 8582 7424 4871
27 3425 8961 5475 2599 9790 7149 4116 689 6015 532 8755 4930 5265 7012 7763 4232 8425 7510 9512 3509 520 752 121 3796 2895 8715 519
29 6781 9360 7397 3694 432 7603 5058 402 8506 2274 9548 6862 7596 6728 3377 99 7378 9419 4865 1591 3792 1475 296 7376 2559 4820 1270 1268 4539
28 3190 6257 5984 3149 9702 5436 5368 541 9186 9339 8988 1493 6849 5847 2657 5767 8990 3814 6760 2271 8208 3787 9610 8243 4360 2776 7997 9354
28 4172 3171 2263 8613 3275 7605 7880 8848 5838 373 9087 3846 7157 1249 7172 5040 3193 3056 4719 4770 2605 142 5305 6077 2505 2881 4832 98
29 8424 6982 1196 6493 6351 9258 8834 6369 5760 9436 2457 2735 822 5428 3807 4633 6362 775 1013 2700 8419 9026 1663 8789 1454 253 5618 4339 7460
30 7653 5325 5846 4458 6973 5724 7185 7201 3243 974 6263 4019 2705 6811 1905 6462 2108 4310 3088 875 7504 1922 9306 9198 374 44 6203 2119 5953 6301
27 4189 5944 89 3417 6280 6437 6312 9308 5238 1754 4410 7298 5114 3641 9046 7628 4826 1335 4709 9379 823 8555 1509 5650 6442 4965 2497
28 2635 4634 7439 6474 1380 7637 6128 4724 8483 7257 300 5869 5330 9595 2889 3231 8495 4879 7685 5607 1501 6579 4222 7746 4735 8353 8470 6065
29 3516 6897 1768 7244 7109 4227 8711 5446 4145 1089 7131 5998 9303 6945 210 6629 2292 2133 1823 1273 6641 7092 5085 9953 9934 5849 1928 5227 7207
28 3117 724 6347 5511 7020 2147 5126 3348 1167 4457 5382 7000 907 9736 1063 4434 4164 1931 6528 8662 8785 1018 2978 197 1396 9723 3530 3634
26 4904 5837 5889 8717 5598 6767 9494 4550 4079 833 3273 1371 6701 3441 3674 8975 9551 7357 9171 1949 5872 8045 1815 1115 6881 7568
28 7318 8724 8468 6151 6889 7416 2236 236 3587 2281 6824 4497 644 5200 1829 8124 9564 7591 2625 4991 6349 9086 9602 2778 20 574 4775 3642
31 9014 1573 3833 7120 3268 357 1913 6779 5742 8036 8182 4163 3506 911 3685 5135 234 131 6884 7103 1884 7627 8357 4912 7799 9074 9805 5787 5736 4771 7414
31 3592 4501 5492 5942 5668 8074 8697 6452 4597 5163 8528 3487 8089 3955 865 1352 4761 4815 2425 2307 1619 9746 1814 3469 8706 2812 1958 9613 3072 3059 694
30 8141 7006 5653 1410 5263 6444 1133 6703 2687 4799 5763 7473 8943 9072 6780 9672 2348 8982 6628 6739 5078 2831 3538 4012 3112 1305 8830 8640 3529 1289
31 2417 1364 5462 2640 8751 2912 7691 1194 5074 6233 8369 2188 55 5909 7088 2581 56 8480 1265 9911 8930 3270 8079 9948 7074 1682 6308 6397 8151 5473 7527
30 3440 8184 7574 4503 9286 4629 1042 3669 1525 8486 4679 4443 5282 603 2615 713 5730 1117 5340 6775 9088 6070 6089 4613 2751 8146 378 7764 362 3767
30 6056 8090 5241 6890 9019 9268 1681 899 1784 5439 9499 4691 5592 8769 3464 6228 8926 7499 4893 5357 6789 5630 5203 8075 8811 2962 2819 6074 7921 3021
30 493 474 8177 8431 6925 6718 9537 9745 8076 4325 7462 1724 3454 2877 9279 3461 1382 7737 1450 4359 5267 4939 6805 7055 5521 4688 4981 1255 2249 7341
30 9168 377 2785 1139 8083 952 2519 590 6286 9954 7268 2763 6145 3798 1406 7953 4230 6726 8217 3378 1850 7599 765 351 640 5110 7731 6883 3472 9700
30 1048 159 3937 1037 6459 7625 8421 3479 1174 1081 525 70 4988 5828 3251 4448 7184 4378 6403 4654 9085 7640 129 8635 5234 2063 7970 390 5029 8670
28 4052 5467 5206 2526 7845 740 6244 1306 2788 1290 9247 1698 3317 9060 982 8139 4035 2362 7797 6259 6592 880 88 4984 5548 5698 4635 9577
29 7937 3247 7183 4717 779 7249 6816 8577 8469 5142 3379 7771 527 7300 5093 6904 5790 6512 840 9083 7716 8806 8428 5657 4664 4702 1464 9841 6614
31 6933 2091 3128 5997 7528 949 3804 5157 4205 5935 7812 2030 4028 5352 6024 157 7238 3512 5399 8107 8800 6894 4626 2579 9348 4287 9001 501 7174 6587 9770
28 2603 1415 1531 6032 8584 2154 3619 1354 7580 3144 1166 1319 6429 9010 8489 2278 9674 7476 1087 2543 7145 9608 9881 3239 6052 5960 6142 6576
28 152 5613 1816 2244 9612 2768 7910 7960 7916 6276 6210 2412 2033 8255 5947 2741 8087 4453 9473 3789 6122 284 3947 113 651 7478 2467 1099
29 5046 3492 2000 130 2186 5313 4858 6295 670 6800 4168 3020 6082 2428 7199 1819 6977 4493 3880 976 3475 2180 9472 8739 4705 3588 3173 7839 9192
29 3875 2191 1468 4318 3396 1907 6985 2918 8873 4348 6708 3280 6460 2314 3382 1392 1456 9471 9162 7710 8735 1982 312 8606 9576 1943 8891 8412 9204
30 7324 6720 2836 8547 3139 3733 8417 8328 6547 2415 5508 6586 7830 9792 9256 1068 3213 7994 6476 1426 4508 3523 3521 3995 9032 7617 9164 4354 5007 5517
30 8033 4049 6931 5185 6620 7482 4495 513 6615 204 5547 560 8106 9287 8883 8490 5378 8960 5651 3945 1230 5165 622 1841 7551 2866 9774 4556 7747 2451
29 691 1599 7787 3383 5461 3 2339 792 134 4341 2595 5192 8335 2977 5015 7725 5737 5013 478 4894 9102 3726 6926 2434 9253 9579 1295 7294 8395
29 2600 4671 9336 3519 7151 6844 1592 3439 4758 9870 6715 1647 4689 3923 5075 9344 5982 5242 5212 9701 2127 5961 5932 5728 9759 12 769 4585 2288
29 3153 6796 3643 540 82 5307 630 4134 9554 1883 5322 4281 3434 4379 412 5230 9823 2568 8116 4133 488 5715 1857 9069 5725 624 7697 8898 6148
28 7576 3628 810 7449 9150 7721 3573 8646 6162 597 1986 3407 9628 6471 8348 9424 9276 6965 9920 7825 8181 8998 9364 3045 196 6988 9152 3554
27 7245 2698 9584 6258 9454 1283 8201 380 1602 5687 2100 3453 2004 1914 6439 1828 6494 8367 6604 201 6903 7619 8032 6704 2189 2786 2678
27 42 8152 450 9408 5448 1612 320 8553 3234 7942 6590 3147 6137 8109 3211 1057 1611 8304 9532 9357 8411 5589 6907 1227 556 2493 7886
28 5057 1925 8027 6150 2049 5052 7896 1836 3865 9067 997 4295 3199 5800 7053 999 5810 4498 9846 5494 5576 6986 857 2393 8559 7900 4956 5666
28 9180 3782 5077 5751 5181 6753 3272 5772 7105 7037 2986 5661 2577 7346 5842 2387 4094 923 9429 3140 7293 7562 8169 5677 1266 1010 4714 7775
28 8709 5583 3260 7279 9625 4948 3858 2477 1083 5793 2040 2685 6063 3942 5299 9119 7733 6689 9875 7821 4445 5243 8393 8810 6637 7470 8631 7649
27 1574 9692 9257 8919 1505 4628 4730 7347 4953 3320 9482 5768 9081 2342 1887 6877 7141 7634 1008 7274 9108 8802 4411 453 1801 3872 8753
29 3831 3756 1896 7042 3763 6278 1095 8737 2247 1810 6606 1622 1867 8721 7712 7114 7853 494 3571 3728 342 8664 5814 2824 3493 1798 6028 4866 4789
28 570 9498 4088 1772 4126 208 6341 1302 7597 3362 3606 8616 1952 2759 4277 2193 4800 4836 3162 6777 4668 3750 6548 8084 6490 3653 1473 3808
30 6190 7235 7394 9804 7232 4867 2622 2242 3904 6553 7455 6609 384 9309 5839 9326 7515 9066 3602 9266 1164 2035 6080 6239 6293 1947 7090 1105 7537 7936
28 9413 2156 3911 4327 2353 2101 8494 9437 4521 1693 7727 5550 334 1701 8915 6175 9400 2309 4389 761 6131 3691 1086 4850 5386 7214 3062 3375
29 6423 2351 6959 7982 1197 6657 3033 93 1802 7330 3863 2935 6018 2576 1171 7778 222 9671 7333 7646 3564 4849 9496 3910 9020 8117 575 282 7774
26 6603 1424 702 8906 2144 908 2868 2536 530 3340 7243 5701 7701 831 9232 514 4541 3773 4142 9682 8308 5582 4995 3758 1399 6596
29 175 8183 9202 6756 1575 1547 6393 8641 8912 4062 3825 4565 2017 7588 5718 9312 7622 3184 326 829 2958 2159 9374 6103 2257 6654 9113 4516 5674
30 8220 90 4944 9039 3150 3610 9504 2748 5739 8316 363 9545 4892 3926 8436 7859 2060 1567 2945 1623 5572 9142 2002 1989 1061 6717 3457 3589 4708 1864
27 3590 8590 1751 659 2535 3292 2920 9795 8840 7419 4774 4873 3360 8007 4312 6106 9717 3615 6571 1478 9146 9063 149 7705 4274 9161 496
26 6197 2864 6294 8130 3412 1689 2499 1620 6364 7776 7076 7459 7290 3096 5746 8773 8684 8817 3933 1687 3224 1951 6932 3985 8583 4747
27 1999 3827 1285 6363 7367 7621 4673 9182 5861 6385 6705 1389 4599 9381 2015 8764 2047 8827 967 7814 1381 2162 2953 6506 951 5930 5269
29 9822 3902 3496 8080 3698 4455 593 7286 1865 3429 110 4665 7939 2276 7321 6741 1416 8200 2975 3433 9614 7971 3053 1311 1347 4973 1022 1638 2719
28 1785 8394 5213 7864 5910 1264 784 4828 1821 4931 9562 8815 228 5073 3801 2949 6861 7273 9626 1582 2073 3307 614 4741 2862 5526 8062 2217
28 6229 405 5908 5115 2479 443 5166 9184 8793 619 3228 642 4547 4090 5067 4072 9387 4103 4924 3566 4154 146 9819 4746 4479 9904 3633 9941
28 6392 2297 656 5675 7084 4391 3881 7878 2289 135 1688 7355 8604 198 585 815 7514 4704 1656 5431 3768 6290 3257 9342 2248 882 953 5988
28 7148 23 6200 479 7890 2201 9825 3297 36 3304 5781 7531 1244 9845 4776 9757 2419 2899 4604 9656 7657 1328 6076 8846 8305 1323 9410 7722
29 9488 2496 6640 1442 1123 6125 6658 2908 8235 2843 3608 7423 5834 3981 4199 6321 112 8461 1702 272 3966 8719 6917 3135 9277 8218 6161 1484 2791
29 1717 5130 7173 6234 9751 5783 3949 4621 794 550 5297 2050 8801 259 6345 264 2631 7932 2333 631 2458 4102 2074 6659 4061 3993 2915 7978 1911
30 6042 3240 8366 544 4436 3009 6966 4795 2450 1064 8211 8652 7009 8332 9002 7044 3961 5484 3046 4187 260 7530 3165 632 8515 426 4237 3305 2157 7264
29 8854 8502 2803 1779 3518 9115 4942 5596 4465 4388 5530 8296 3834 7549 2560 5373 9323 8333 248 8496 7446 9206 9569 1686 4877 5593 5780 2594 1773
30 4753 3775 8297 3682 1080 5416 5525 5637 7981 7078 9254 6856 8505 7237 6484 2970 4080 9683 8041 8198 5923 4932 217 3586 2046 8979 4561 120 764 7907
29 4078 4474 8851 7516 3696 8954 7299 2238 9660 4559 9720 2153 3241 1314 9177 2324 6851 3204 3432 646 2650 1332 3223 298 8770 8068 6266 6955 7756
27 5465 5336 4996 2396 1644 1236 7988 190 8904 3637 8222 9618 6508 3723 6350 6807 8313 4016 6373 118 7600 9523 4138 9320 2306 7654 900
28 4768 4260 4797 5031 5109 5829 15 8564 4524 5168 5028 4732 7785 6612 729 9729 9630 4118 370 5111 136 1155 6560 737 2712 2291 126 3708
28 5777 4632 108 5128 6790 1217 2096 6874 987 5474 1092 67 6993 231 6072 3939 803 1652 2665 3964 7302 6801 4505 3527 9705 6184 8514 8799
30 4466 9213 3579 2963 879 5318 8958 5390 2318 5121 9012 5803 9464 5606 9290 2256 9427 6326 6120 2639 853 4013 5785 7857 3687 1119 8750 9580 5851 3517
29 5500 3503 6864 9817 7177 1276 9803 250 5084 8493 83 3563 6206 5664 3894 8362 7758 3043 3125 9749 1992 5264 1912 4038 218 2523 7801 2213 75
28 8946 8364 498 2042 2747 5610 6643 5177 5159 9442 2513 1557 2825 5691 3828 3401 9830 1156 8233 8703 2222 4242 4319 5538 3196 7553 7841 8314
28 7833 6488 5197 3618 6284 3851 5125 8263 8700 3105 868 798 9655 8446 4723 1598 64 9174 8868 8340 3593 2987 5660 2537 8959 6842 6656 4171
29 2849 2146 1060 665 5483 9273 8766 6826 2531 8518 9733 9973 4153 9809 1176 4098 7431 7385 7630 6724 8984 913 458 3572 3424 8110 321 4254 8909
31 2772 7382 9635 1590 5207 6677 2221 5925 9350 6559 4864 4898 6191 2397 1972 4862 4148 4538 5755 8866 3776 1180 921 8951 661 787 6013 4913 5845 6598 6172
30 7643 5388 7475 3659 9836 9462 164 1420 8627 9274 360 5292 1144 8066 557 7018 9483 955 5272 4618 5891 7057 5339 1331 464 5985 7968 7004 4418 8311
30 2440 5147 256 9632 4186 8575 2346 760 926 8974 8318 8347 5611 777 2704 4139 7898 8034 5733 4853 3052 6144 2443 3084 2626 3717 1385 3474 2901 5453
28 9049 1143 416 7253 1737 3757 2057 1898 1549 6037 4460 7334 5395 1261 2800 66 7546 226 7168 6558 1755 206 821 9221 181 8165 2143 9643
27 602 1038 2005 6961 3764 5144 8176 1998 9725 5434 5603 1292 8435 8842 8796 8283 3740 1780 9144 5676 5995 898 3426 4961 47 2380 6806
30 7080 8669 7115 1860 7707 1448 53 1593 209 9044 4432 9921 7267 5890 2463 861 1453 2888 6104 2229 7832 1729 9265 7567 7360 8520 6169 7817 6264 7887
28 1572 3076 1339 5472 6983 2085 3049 8532 9415 4588 7784 6357 4021 2066 9160 7146 4112 7437 2521 5778 9271 8557 3699 6335 7521 2544 119 5273
31 4523 1204 528 7219 4710 4286 5901 1804 3480 2601 5133 3743 1206 1948 877 1856 1535 6714 8847 7879 9783 4972 4220 2575 7897 1580 415 448 8774 8683 5921
26 3123 6001 7011 1278 3898 5478 4358 8642 4997 3546 7873 9216 8509 57 6968 8226 7210 1903 9801 7226 1699 5180 4490 5285 5178 9958
27 3249 2086 9756 2305 5244 4309 7751 3711 2183 5304 3290 6809 3609 8732 9297 1224 1058 4208 6047 7452 4362 1930 2203 4580 637 6663 2507
30 6130 9446 7448 8356 9735 721 7327 6652 1603 1307 7305 3058 7560 3449 539 669 9264 6315 3754 4837 7051 4022 7665 2437 4593 3649 5430 9358 503 9932
28 2223 8372 698 4067 7323 4573 7952 9961 6215 9531 7815 7824 6456 5579 6044 3853 9169 6124 7350 4429 6880 9449 3498 3800 9947 4793 5915 1596
29 2209 4494 182 3339 170 338 8992 8093 800 5369 4272 9593 1524 4825 7025 3446 6837 9525 8429 4301 1476 7451 6858 5702 3354 1601 8187 7270 849
30 6340 2381 2442 2012 1608 7667 2295 9599 6971 1610 1082 7328 292 7620 4813 9355 4240 8321 5986 9897 2277 7736 1966 7520 4367 1939 8484 6404 8819 7417
28 7662 8472 8870 5153 8193 289 6710 1245 2797 261 9634 2547 1908 4667 7682 1413 2821 9553 4787 7070 5620 9402 1447 5342 5261 852 3956 4690
27 138 846 1924 3746 1631 9229 3647 1310 5856 8245 3490 7990 3321 337 8713 2245 3824 8230 6346 9062 3712 7228 8522 806 4698 2075 5240
28 2446 2563 1734 6250 4386 4983 606 1433 1120 3166 5096 2548 5438 8814 6398 9570 5199 5672 6505 6525 5143 7892 1527 6339 192 9916 4345 7021
27 9581 3860 330 1051 3291 7865 1917 8389 6630 7614 3548 5441 7860 1170 9716 2951 3960 7495 2641 8209 1628 5017 3015 9347 1916 2809 8392
27 1808 1312 7358 5696 6211 2609 7369 4630 8588 2799 2426 7838 5817 1401 6692 3067 9999 2702 1733 6608 3861 1005 3848 7788 9748 8216 5638
29 2586 1130 5555 3324 3612 9937 3091 4089 8458 9093 3892 2913 3435 710 1308 6998 2432 5899 1190 8525 5283 8923 1586 4790 5615 7152 2902 1946 9741
29 9888 8121 3460 9352 1776 8462 9235 74 5277 1431 1158 7059 5108 9367 7656 2206 7500 5495 4786 8705 4198 885 7490 4407 8981 1369 1350 4712 3227
28 9111 6980 9075 3951 6283 5542 6267 3299 565 4489 4440 3975 1097 2967 920 8529 3113 4572 6043 1090 5656 3221 2545 6769 5275 4352 7926 8096
28 9543 6425 8481 4480 4716 81 6036 2574 4575 5700 5514 38 8558 345 3003 4414 3574 4648 4653 3397 1362 3977 2285 859 3406 368 1001 419
30 7633 1425 8017 9224 5940 1441 385 1932 8876 8603 4140 2122 8455 7308 7696 7844 4845 3895 2070 1684 5087 6031 9305 4265 754 5864 3355 3467 9555 1648
27 934 7175 9747 2971 6237 7728 216 2313 7755 2061 7336 9728 5497 6114 7557 3897 5295 9567 3569 3296 8881 699 5515 3938 8682 5050 5561
30 7320 2830 7946 6664 1560 4784 7158 6859 4950 1882 5425 391 1548 3310 3695 1507 2372 8276 8702 5655 1043 6937 7017 7498 4993 1449 2448 1891 7422 2149
28 6096 1387 4568 4802 6445 215 2018 3871 1098 3908 5951 9092 7247 1294 4365 6991 2411 9929 179 4333 8275 9945 826 3369 638 7319 2016 4916
29 5588 9696 3551 1186 9219 684 8957 7054 6919 4264 1256 8562 7429 6486 6544 4855 9598 9140 440 1480 4513 3736 7113 9680 4150 3214 439 8574 1397
29 2265 9538 4765 3099 1465 8651 964 5911 1118 3330 9908 8824 6386 2413 5104 2979 9103 7578 6691 6095 5663 8126 6602 37 634 7930 3697 5779 5823
28 3423 7297 910 6509 2966 3332 9665 3556 383 6872 9976 8808 8552 8352 6757 6365 9011 7829 355 7095 6401 6852 4336 4042 9912 9071 9015 5738
28 7851 9445 9868 6635 9806 1239 7572 572 5053 6584 5384 6914 7983 2720 4511 1892 5356 618 2488 5139 6219 9275 4427 9004 7647 8164 287 8887
30 9988 7918 7689 9378 3845 4530 7513 5223 685 1132 5119 1309 933 2080 6291 1517 6565 8336 9345 9294 4854 7198 9210 1497 6631 79 4895 6722 5284 2254
28 6950 1831 8073 7552 3295 5251 232 4975 3489 6236 6795 5601 4720 7072 8149 3684 1173 5825 7208 742 797 2619 7440 3943 8660 3962 836 9802
28 5260 3452 5136 8120 9120 158 6411 9943 4025 7097 8677 9051 9233 3054 7075 2475 101 2660 6900 3357 3338 9205 3478 7713 3959 5543 8945 7063
31 7995 4392 915 3201 5456 4192 489 9898 2207 6268 4293 4952 225 2534 6483 5268 2224 8158 7975 9896 1400 6004 5743 2476 8852 2360 8554 731 2041 3826 9558
29 102 2607 3899 2469 1421 4018 5201 4809 9491 1519 6138 1709 4376 4294 5152 4258 3567 1 7040 591 8397 6645 2438 8772 8823 1543 8416 936 6135
29 7584 8607 8386 7894 3954 3536 221 7777 7392 902 5355 3262 9127 6510 5840 8135 9197 3928 801 2596 1649 1078 1372 3713 8749 5586 9767 561 202
27 4967 8339 8513 3264 7790 9831 9055 1944 4889 4888 199 5106 9434 2546 1488 386 912 4372 2742 5364 4463 8818 4020 9535 8236 2620 6088
29 8097 3704 7251 968 421 605 3443 5353 6738 1028 8593 1899 8734 1490 5027 6540 4700 5631 6054 864 4675 3613 9637 7289 8712 2959 8290 946 7492
28 3815 2795 34 9559 1855 6485 43 7748 5822 1074 4047 741 3246 5994 7265 2326 6384 1195 1338 8138 6529 7303 4210 3352 2844 5678 5365 6441
30 295 8545 2241 61 6382 837 4627 7944 3604 8004 8013 7863 5766 8826 8864 533 214 8498 7129 5246 2208 8704 2210 5776 6431 7991 7951 4353 4419 4131
29 5455 862 8977 7026 6113 785 6500 2337 8398 3212 4040 521 223 2686 382 1052 6323 6466 4202 5061 3969 7920 9849 7523 7616 172 8105 6974 7688
29 5798 5049 5965 9636 1515 3847 8442 5875 3724 871 4856 7195 1618 924 6996 8550 5485 5567 2690 3414 3738 9132 2503 828 9557 516 7008 2456 3504
29 1386 9288 8170 3921 7161 1961 2375 8620 7660 925 1096 3986 6773 8482 4829 1866 6492 4738 5463 5288 8600 6066 695 6086 8002 4841 6776 2585 537
29 9351 1595 5476 4607 1659 3703 8239 107 5401 2919 878 7525 3635 6129 5581 5775 5880 2113 5931 3178 1162 5381 5665 6408 2308 7843 6498 9882 9478
28 6669 2335 7929 1175 1462 1677 185 2435 4640 1242 6225 4515 799 922 2837 4814 4244 6938 2997 9226 6642 1646 7197 7595 8782 3226 5042 124
29 2098 2996 2332 6402 1558 3118 7349 7338 3715 5879 715 8350 4092 1046 9359 4839 379 9587 2022 5929 7254 8408 9301 889 9542 8024 2532 5562 6906
29 9159 1752 5756 2557 4442 2555 515 3917 8673 4193 3388 3336 4383 6178 6829 7276 8355 407 7881 2118 4670 1463 423 1731 3141 251 4619 4643 2528
29 6613 5801 8523 4808 1100 5151 6379 883 1253 3086 5035 7275 3416 3812 8378 7033 6521 4059 6110 7624 1844 5414 3990 349 818 6783 8011 5361 6216
28 4114 1492 1805 6003 8699 9980 2053 5433 2679 2960 3813 648 7432 3879 3061 5943 8370 7425 2473 6132 4920 8456 6782 2533 4026 9615 4526 5486
29 4077 6683 1407 7442 4175 1093 5323 6419 8476 8067 3817 8752 1482 3692 9292 2445 1973 2420 19 4225 8863 9377 6887 2095 1881 3522 9968 1791 4576
29 4960 9038 8434 7638 8438 4910 5726 6221 2738 87 6711 7284 5083 3121 5367 3944 693 6119 7248 4812 4886 1945 9603 1974 1254 4412 5928 1212 647
27 7427 4303 3972 9699 3306 5680 3238 2298 674 5757 5012 4431 359 9365 8279 9712 5026 8196 759 3012 162 6316 2454 5936 9586 4881 7215
28 8849 9443 4543 3640 3462 2841 9856 5170 8645 4370 5659 5420 8939 1483 9959 3896 2484 744 535 6023 1722 1107 2905 8955 7791 1486 3279 9404
27 4065 9887 7380 3932 2343 1787 9864 6538 6160 4726 9815 5480 2520 5993 1719 4207 5205 307 3600 9938 5221 7601 3014 1015 3468 7165 8694
29 3042 9248 2524 3950 8820 7381 2608 1735 4174 9056 3298 9372 189 8675 1894 6930 4740 8587 8016 3000 890 137 6702 3998 8637 9030 3970 3159 3818
30 1587 2765 1956 3005 9621 3716 2138 771 8292 2937 7664 886 1023 3456 7623 2220 1457 2226 1858 4404 3638 8380 7034 1129 4783 9713 6929 1615 696 2783
27 1109 352 1113 1675 5148 9915 6676 6274 4229 332 5327 7007 4218 6696 4113 381 8171 7041 9663 8382 2025 5946 7192 7246 824 212 5885
26 2851 1359 9940 6275 9719 8006 9395 8541 4520 4519 1436 2675 9024 3662 2663 3261 4405 4928 3115 7687 2732 2721 2942 7729 8443 1363
29 395 4057 1670 8049 2914 1257 147 2232 3770 3481 8258 7108 2699 8686 7077 3108 4934 3891 1286 9711 329 7954 9691 25 7923 4947 9444 6061 2084
29 3511 8207 1746 3919 6177 9721 319 8911 4247 9376 3402 5169 8605 3010 8338 9122 4106 5554 508 3900 7137 5992 50 6569 2498 3583 1027 7996 4361
28 8544 1030 4773 7698 8261 2394 1487 5784 2525 2955 3277 7554 5451 1873 751 4280 7626 4191 500 8403 2361 7266 3676 5016 7542 5918 9866 6173
27 4398 6578 598 1390 7668 5670 1485 9885 2068 4375 1489 2632 1451 5978 2972 4070 6307 3915 6071 8287 4979 9524 6867 2999 6189 9607 6632
30 333 7256 9826 2418 1417 3744 6794 6616 5639 7693 2552 3925 6976 2818 3269 245 8051 9295 7410 2941 246 7547 5684 8531 6661 455 2275 8501 2829 9163
27 5262 314 5134 2930 5671 2591 1299 1797 5578 2857 5162 8925 9091 9876 1616 3109 1625 4649 2861 4859 5184 6838 9143 8893 1697 6942 2338
27 9832 816 9591 9685 3735 5182 4053 466 420 8040 8391 4591 2842 5122 5577 3837 8804 8674 1561 1355 3673 8716 948 7463 7089 8619 447
30 4616 4338 4803 9966 3671 8368 1151 8517 2303 6472 1419 2656 8538 1761 3175 3437 7700 7999 4868 7573 8767 8570 2102 5792 7048 2885 6012 8070 7178 9138
30 3660 7794 3878 6231 2145 6912 2710 3103 8377 5568 4130 9677 9739 406 838 4177 1536 716 3473 6087 6870 1200 1208 8905 4326 1281 621 491 5418 2103
28 1641 7487 227 40 653 5714 1770 9324 4527 9035 2370 8989 9501 9996 492 7803 4321 6336 5977 9028 3862 9193 2964 7544 6068 8771 2134 7690
27 666 8447 417 3866 8910 8257 6057 9084 7401 5311 1444 4179 1188 3514 8373 5958 1640 9016 8048 8136 5558 3081 5391 3607 788 9838 470
27 9714 9740 8934 9459 291 7992 6746 5863 8741 2542 8309 5413 9502 8035 7663 6338 5648 1073 4086 2871 4041 114 1874 7154 5276 2349 4978
29 8551 766 7421 8885 2767 919 5522 6866 6750 6329 8573 6674 1933 1870 1146 6895 7558 1225 905 5920 9234 8101 7445 8556 2990 2571 5667 5897 3810
29 9145 8246 8026 7230 5574 6027 8365 2266 2039 1680 4882 6763 5782 9923 5652 5590 7365 5617 5458 9578 2356 6694 3374 8174 7386 9080 2814 1315 7456
28 13 3169 736 2048 4009 4553 2644 2409 2917 6515 1435 5291 5913 680 7491 9430 2714 887 4056 3751 579 8014 6799 8747 2311 2904 8589 3570
27 1141 773 3656 5129 9190 8046 1750 6747 7045 2931 3515 116 2984 9552 758 6334 1502 2602 672 9333 8326 6478 8803 2848 9971 4685 4300
29 5919 7229 612 5069 4239 5826 5360 4298 2853 7993 400 2725 872 1085 7884 7344 4332 1571 6009 2886 3252 2688 5363 9503 1714 7050 4058 341 2388
28 2805 804 5532 7648 6516 4817 3114 6205 7869 8150 7032 9497 7846 3974 5220 9666 1886 588 483 7507 6831 9399 2796 2264 8895 8374 1503 9481
28 4141 9727 6461 4769 1863 5423 3267 2770 9310 3912 6847 8147 9332 2262 6174 9763 6100 4549 1403 481 6957 8809 7905 1877 616 2008 1522 7348
29 6424 6152 5529 8841 3442 4165 1138 9315 106 9314 5490 1228 8144 1126 3806 2739 369 5487 8269 6555 1384 1455 9036 1997 3157 9041 3840 8879 6575
29 6808 94 1437 3333 9984 3164 7259 851 4745 1326 1269 753 8813 2606 3390 8254 8031 7221 3594 772 4285 6855 2856 5629 2094 4380 6633 9860 4659
27 7136 4662 1704 5247 7575 8108 3300 1888 848 3229 4564 3356 3771 2761 7493 958 3971 247 1563 5871 5250 1900 9170 1428 5970 7399 8696
30 3363 2713 8971 6970 6030 8445 4082 8569 9533 9808 3989 2924 1069 2408 3730 8329 1713 7834 7563 4441 7160 1251 3739 11 7602 8994 3760 2789 9403 7641
28 2378 2550 2954 8118 273 873 9540 3486 5274 111 9835 1564 1003 4343 895 3470 2111 2299 9779 1970 1696 9744 4449 2072 1812 3906 7965 9768
30 654 8383 7695 3867 4476 2024 9121 4273 3341 9203 8224 6183 3134 7532 7130 8908 3927 5001 4143 6736 9386 6886 5025 607 8203 4271 31 3101 6830 5033
28 3256 4236 5917 2195 9708 8375 7393 3500 1259 5904 7466 4344 5219 2730 6426 9616 1050 1581 9867 1901 867 7250 9539 3948 9285 3451 5789 2565
26 4852 8835 8969 4279 6815 5883 7800 9495 409 5749 7672 5689 8038 3941 3920 1736 7889 241 7447 9521 8405 3002 6141 7164 9452 4037
29 7426 7642 7395 7309 9811 3455 6016 9989 9880 3156 4652 4504 6693 3095 1029 4167 4955 471 2026 3245 8473 728 1202 8929 5812 5809 6823 6561 85
29 1769 7047 9820 3501 2940 1024 8701 4323 4734 6300 2722 8358 9110 7766 4430 1661 9453 9852 4482 7428 9239 8452 7686 6254 441 892 6008 4962 6246
29 9282 275 7031 9891 2395 2167 5079 7541 9851 2511 8628 7387 2780 9135 6772 7013 4051 5389 2726 6381 155 4971 2566 5686 8043 4437 8978 1551 9154
28 8099 9136 3471 1614 4195 3186 2129 8256 1871 1360 9839 6454 8722 580 917 4737 2407 7079 7582 7170 1979 6420 1718 3661 7858 8225 4135 3071
28 1753 551 3781 8936 5051 7719 7915 5862 4483 1694 2120 6115 4601 8901 6841 830 4534 9730 3550 6934 1617 4651 9977 3237 1937 1655 7194 4275
28 8267 6729 2228 4123 62 1342 8349 9854 4241 5647 6999 5198 5962 9707 8610 3409 8843 2227 1806 104 3230 3655 6317 344 127 937 9847 6202
27 1965 5557 2649 4957 2013 1740 2673 499 7483 9270 7816 7188 237 2645 7924 1613 5640 6839 2515 959 9259 9813 3909 5256 1607 4767 5193
29 746 4805 9441 7458 1124 5945 5912 9622 9986 3167 2230 9910 7928 115 2944 7099 5695 8599 5614 2319 3255 5271 317 6501 6040 5536 7789 9697 2994
29 6845 9243 5721 8875 9129 5066 163 5228 6979 1679 5397 3286 4212 9158 1103 7069 8972 9981 490 3549 4464 6605 1859 9905 856 5870 1540 8307 592
27 1788 8125 4091 3126 7485 6727 7675 3654 8025 8131 2052 6378 7509 1771 169 2593 1346 1743 176 8030 7301 3996 5402 1975 8941 6179 4329
28 6885 7179 8952 2399 1059 304 1674 7866 4117 4785 7209 1825 9300 143 6873 5443 8534 5957 3852 2449 1513 6636 9620 1378 9563 4998 1665 6014
28 7609 4794 5914 2037 9263 8991 7872 3195 1032 5597 3191 322 7740 8761 4902 2692 4010 2344 4663 5933 506 6241 1546 6325 5215 5621 1738 6511
30 962 6557 9942 2693 3410 6421 4302 4015 6764 5343 8877 1799 8536 1056 1774 7893 8190 2043 302 1366 9516 1775 542 2553 9978 652 2501 6271 7655 582
27 4322 6770 9951 8829 6504 9329 6409 5802 1849 7802 7377 5259 4160 9877 635 3013 2173 8671 2827 9493 9486 6289 9034 2627 3979 2969 5392
28 8407 7222 2604 7351 9428 4887 5188 6446 4880 2176 2260 3721 7118 2617 6147 6594 6617 1732 6863 3967 9834 1529 7486 1594 5950 8744 1367 6479
30 7822 3856 1014 817 6922 2677 7239 9936 9619 1007 5366 1708 3631 7949 339 1094 9681 4970 9776 8537 6247 1432 8163 8388 2383 4196 3057 1211 4111 4188
27 8595 6319 8565 8327 3347 675 4478 3018 4929 4857 7213 781 8886 5786 6653 5081 6443 6469 3597 9649 4209 6209 8535 8018 2067 6639 3107
29 8057 1539 4994 8624 8063 8549 1373 9571 4385 4306 7875 9412 4266 1280 4943 4883 4033 6725 5708 4711 4073 7818 2865 1108 8219 3601 3349 6680 5065
30 1764 3361 1818 2135 7957 6731 5580 1258 3037 5821 3398 7925 2178 5905 1744 6433 7212 3890 3419 2402 9230 1569 9048 8252 3163 7457 7738 8228 7854 973
28 993 3665 2813 16 8237 7176 6007 2334 1777 7374 9526 5694 1262 2165 4669 7836 4054 2839 4439 1284 7913 8010 1112 7644 7100 4552 5717 7559
28 9321 4922 1807 6092 6563 6822 5351 2136 3802 7876 4728 2355 3543 9185 1636 1606 9077 3276 1101 3843 6116 2117 8836 1834 9698 3289 7322 5707
27 7828 2202 9251 9095 6520 9467 5296 6572 392 9857 8611 8775 8650 3389 6170 2174 9337 4330 3093 1072 1506 808 6011 860 5317 4235 2367
30 9155 6785 5898 850 1890 7430 4703 4395 2064 3683 1218 1861 258 1796 863 3786 5546 6306 6946 5043 847 5623 8229 3578 4255 105 497 8037 2386 7911
26 2452 286 6857 8890 9033 2775 4221 7240 9658 5189 4921 4869 5417 3034 8780 5924 8310 1624 1394 3924 8449 5232 8081 2357 7362 9799
27 9215 9992 1205 4777 4355 3019 8022 2562 1980 6893 6813 2878 9694 3026 7126 5643 2181 6695 9432 5722 5735 6909 2926 5459 7156 3931 7533
28 445 1691 2777 2755 9752 1165 8285 6389 5312 431 1423 5329 3174 7150 8601 2527 2290 1584 5468 3097 2621 7933 5571 8533 5747 2807 283 3143
28 5354 3765 487 6407 8277 7488 1160 5176 3176 3364 1630 3284 4602 7271 3047 3376 6487 7963 6568 2471 7389 7480 9124 9788 7726 2670 5991 3595
28 9328 2793 191 8949 4144 3755 2838 901 7745 4124 7400 5018 2833 989 3495 5627 5419 3539 5602 7874 3032 9789 5101 5173 6573 6371 5204 5723
30 4760 27 554 4937 2860 6005 7086 2637 7356 8680 1207 8862 2647 5830 6182 5426 5622 8837 4162 8947 2676 9574 8202 2483 485 4666 6972 5609 5481 977
30 3236 4949 4766 6416 4 3323 6322 4093 365 3182 6535 1039 546 1747 5306 866 984 6607 6905 9509 3973 4233 139 3309 3542 4320 9517 8792 6149 3386
28 2993 3632 5209 1036 3953 2401 941 3830 4938 8206 4941 1880 5974 6457 5727 5662 3004 1720 4861 6987 5902 2529 4908 7730 1263 5372 224 9600
28 4804 3720 7015 7636 780 7144 682 3625 8914 465 1516 1329 6213 8963 8762 9214 3085 5841 6589 7749 5328 2655 8433 4959 6415 2345 4268 511
30 3233 5939 5886 8833 7723 4903 3335 4185 6740 472 8760 1045 4906 6388 1498 3180 3073 4509 4706 8839 8825 5892 9176 932 8527 486 4384 6821 845 2980
30 7914 8440 7581 3582 3623 2166 9242 1004 3430 1676 2097 6648 1935 3011 9217 8882 3886 9021 536 6827 348 5979 8280 1481 7977 7683 6327 3148 2431 3876
27 5062 3482 9492 460 3557 9391 7464 8001 5570 9818 6918 4582 2316 9844 5346 9098 650 9017 4806 6126 7204 5873 5359 6136 5734 5591 2623
27 9858 548 9755 5612 6123 7061 4315 9949 7670 4945 5442 600 1553 2464 8688 52 8626 4987 4206 2461 8962 1375 3859 6495 3664 3106 2494
30 671 6671 8286 9933 4050 8884 8381 3281 1767 4396 7409 6318 2897 6352 2817 5752 938 4149 5464 8973 165 5762 712 5624 6022 4228 3197 1678 655 2659
25 2711 4170 3855 627 2279 3541 9675 5183 4292 3431 1919 5600 7702 4424 5642 9596 2453 3029 1703 3133 6139 6324 2329 5002 5208
28 2636 9447 3575 3350 2051 2992 9394 2950 6944 4641 5314 4101 1320 4583 3028 9673 2697 507 244 7506 3624 9167 5158 7281 8987 4592 3381 1185
28 2672 3104 9037 6463 2304 2212 35 6359 9267 3774 8153 6814 331 2682 7058 5095 7750 1781 8156 3445 1234 6391 7658 1978 3547 5729 6235 1990
29 4473 3505 2855 1756 2358 5706 3079 6744 8274 4542 7036 8047 7056 5808 8621 8129 8029 812 1291 1379 3935 4537 1669 1995 4571 2703 1079 4707 9982
29 2652 4066 7496 5669 3524 8693 970 6686 3905 7703 6989 5404 3795 805 475 6698 4525 4645 3329 148 2628 2377 5765 2177 8567 7810 9927 2099 6017
29 1472 4397 1842 6475 3172 3405 610 4394 2489 8262 8794 3146 8145 6010 643 9252 1383 1495 8082 5927 495 2880 5172 3577 5408 4381 9023 3030 8816
30 558 4796 8850 3476 906 7383 6554 33 4083 8123 7503 6582 3124 8020 3983 6134 3535 9647 4842 763 7571 9245 2875 8160 5560 1762 3652 870 1235 6090
29 6638 476 5564 1275 9772 8726 4350 1730 7671 2509 1889 5347 8248 6060 5716 5971 9893 7143 8331 6285 1324 3087 8633 9886 717 3274 2123 3403 6804
29 9211 6600 8003 8204 9027 9356 8920 8005 576 9690 4223 529 1321 125 1409 5758 1047 4557 1741 9901 4554 3413 963 1017 2927 6360 7002 7805 7272
27 9872 9791 5113 2252 5896 8798 4452 5278 5070 6574 1163 2900 8142 5191 3370 5741 9156 7283 3395 346 1782 8188 3510 6709 617 4897 1298
29 3384 5195 350 7295 7980 1521 117 2233 6097 7407 6224 1695 6192 4226 3657 1511 255 7848 7632 3428 6067 6370 7987 2197 1626 9099 9987 1150 8964
28 3877 7569 9732 9073 979 3667 6817 3777 7450 2760 5249 5080 1879 1662 2225 3301 6180 884 8291 5179 6923 7659 1878 6833 2828 6496 9873 9784
26 7735 6062 336 9592 6073 4694 9892 739 323 2011 5289 3705 1885 7171 5531 613 2754 7956 3658 8344 8323 6761 4517 8487 6564 1651
28 5370 9117 4169 2140 9515 9678 5022 3170 1121 1671 1526 8967 6646 7112 2300 3576 3790 4499 3965 786 1827 372 6534 573 9293 6524 6133 6207
31 7418 482 7096 1909 2350 6869 4030 1414 4642 356 5059 8284 8448 3629 4288 3525 2462 2231 4085 9922 9644 8301 8354 4000 2612 7524 6920 396 1327 1690 7162
29 306 9814 8406 49 896 5005 6464 8968 1149 4577 3110 9871 2465 9824 4637 7307 9040 9653 3718 1757 4203 5141 6489 2896 4798 6901 4699 1851 6405
28 3968 8654 8797 6936 5968 1604 8320 8897 1411 4562 4095 5064 3127 8185 4417 4471 3677 2110 1845 3337 658 9775 1570 6911 1181 9423 6737 711
27 3611 188 9042 7116 8266 1009 5512 5975 3794 8159 8659 9068 5048 5732 7124 6204 5331 7961 8 9639 4755 9101 3351 509 103 9645 4625
28 4759 328 9227 9785 5082 3731 7028 5302 5146 6860 9771 3553 403 7242 2845 4335 3869 9487 3142 8580 7420 8359 4036 9022 3930 7804 6240 233
26 5233 4122 9930 1600 2701 1203 7296 9781 5045 6820 2325 3686 1936 604 8999 5287 8571 1084 7669 4484 195 1237 1361 3958 2968 9510
26 8039 5941 747 6910 6876 5693 6112 8322 7651 6171 2948 6719 5833 3963 1391 1654 6853 3788 8091 7594 6899 3842 749 8916 3868 7540
31 9284 5595 2933 1049 5086 795 703 975 2142 3069 1226 301 6882 430 628 7233 3672 183 4043 5498 9676 8795 5858 6536 1110 6541 4608 41 8928 9330 411
27 1377 4259 2 60 9761 4183 7379 5887 1193 5068 8859 8591 4986 8148 981 1918 985 6195 9269 4558 5358 8742 9878 2170 340 8768 8194
27 8315 7030 6819 9079 8765 4076 3997 4251 425 9153 8894 6552 249 6006 1439 3799 4596 9480 1116 4216 3294 7967 7618 1474 9828 1875 3006
27 2823 3929 8492 7922 6748 6681 9302 5587 7046 3835 9689 8821 2354 3220 7587 7200 7218 7064 3690 2366 6158 3994 8112 4936 9045 9018 1868
28 9925 6668 6754 676 7715 5857 9133 7142 8238 8617 3392 1034 2235 6591 2237 4027 2327 4261 6788 2787 7827 5217 7287 4416 641 9505 6810 9307
28 3198 3681 1822 4152 738 6105 996 5748 5502 2083 2891 5281 3584 9008 998 449 4522 6343 2662 4781 2196 2669 6981 6713 5711 2716 3901 7260
29 8404 7793 6168 9899 9489 6167 5556 9451 6084 7472 7039 9187 4074 1530 611 7912 5236 1246 463 5421 6194 7169 5575 3111 7518 3421 7474 4063 6051
27 5955 3258 6655 4034 5705 8924 3040 8460 5843 3791 6954 855 4743 4851 3458 645 3596 6759 347 4528 6733 8302 1728 2749 6029 1559 7908
27 6021 5973 144 4151 7519 397 1542 9380 9006 7955 8213 2116 2019 1853 1783 2564 1578 2460 9396 6107 1843 3627 8088 5294 5685 6947 6730
30 6891 3991 8586 4926 9629 2468 9272 8000 4289 4262 4657 5405 7989 673 4368 7556 2798 5154 100 7550 1984 9479 4485 5599 8058 2510 8060 9829 3080 6627
27 1660 3533 3316 1422 2746 4096 7110 5376 9149 7135 8253 4316 9280 7739 7615 5394 303 3371 6314 5866 4283 316 2405 3988 5926 8784 6625
30 9054 9104 8778 2578 2126 2429 7441 5253 9220 1545 1349 1723 1920 4382 1458 2185 6111 6353 4847 7314 7098 151 4810 4409 8363 9900 8272 8298 7718 7326
